spk_ver/v00/v0000	SES146	1.08486	19.1167	18.0318
spk_ver/v00/v0001	SES002	-7.17458	12.1435	19.3181
spk_ver/v00/v0002	SES002	-5.62366	12.7274	18.3511
spk_ver/v00/v0003	SES002	-10.8678	8.04623	18.914
spk_ver/v00/v0004	SES002	-3.7267	14.9098	18.6365
spk_ver/v00/v0005	SES002	-3.69141	13.3866	17.078
spk_ver/v00/v0006	SES002	-5.50851	14.7857	20.2942
spk_ver/v00/v0007	SES002	-5.75007	12.3784	18.1285
spk_ver/v00/v0008	SES146	0.589813	18.7033	18.1135
spk_ver/v00/v0009	SES002	-1.87551	18.7006	20.5761
spk_ver/v00/v0010	SES002	-5.16429	12.143	17.3073
spk_ver/v00/v0011	SES002	-2.27365	15.0357	17.3094
spk_ver/v00/v0012	SES002	-4.58348	16.5996	21.1831
spk_ver/v00/v0013	SES002	-4.24488	16.3089	20.5538
spk_ver/v00/v0014	SES002	-1.85829	17.902	19.7603
spk_ver/v00/v0015	SES002	-3.33093	16.2209	19.5518
spk_ver/v00/v0016	SES275	0.967659	18.6928	17.7251
spk_ver/v00/v0017	SES002	-2.01939	19.3657	21.3851
spk_ver/v00/v0018	SES002	-12.5578	4.81772	17.3755
spk_ver/v00/v0019	SES002	-2.98637	16.1353	19.1216
spk_ver/v00/v0020	SES002	-9.29505	8.90781	18.2029
spk_ver/v00/v0021	SES002	-6.3291	12.0343	18.3634
spk_ver/v00/v0022	SES002	-3.12035	16.7167	19.8371
spk_ver/v00/v0023	SES002	-6.27437	15.3738	21.6482
spk_ver/v00/v0024	SES002	-8.12299	9.81029	17.9333
spk_ver/v00/v0025	SES002	-8.64999	11.0973	19.7473
spk_ver/v00/v0026	SES002	-4.73886	14.2374	18.9763
spk_ver/v00/v0027	SES129	1.73511	20.6973	18.9622
spk_ver/v00/v0028	SES007	-2.45065	17.8405	20.2911
spk_ver/v00/v0029	SES083	-0.0588818	20.5532	20.6121
spk_ver/v00/v0030	SES019	2.7295	21.2299	18.5004
spk_ver/v00/v0031	SES007	-2.69075	15.5261	18.2168
spk_ver/v00/v0032	SES270	1.47786	20.6291	19.1513
spk_ver/v00/v0033	SES007	-2.65065	17.1652	19.8159
spk_ver/v00/v0034	SES007	-3.65771	14.7924	18.4501
spk_ver/v00/v0035	SES007	-1.40186	18.9312	20.333
spk_ver/v00/v0036	SES007	-2.10777	14.6302	16.7379
spk_ver/v00/v0037	SES007	-3.76248	17.2971	21.0596
spk_ver/v00/v0038	SES259	2.75393	23.2468	20.4929
spk_ver/v00/v0039	SES007	-3.64861	12.4118	16.0604
spk_ver/v00/v0040	SES007	-4.57641	17.888	22.4644
spk_ver/v00/v0041	SES007	-2.32005	17.16	19.48
spk_ver/v00/v0042	SES007	-1.8852	14.4292	16.3144
spk_ver/v00/v0043	SES007	-1.23535	16.5427	17.7781
spk_ver/v00/v0044	SES007	-3.58322	19.0965	22.6797
spk_ver/v00/v0045	SES007	-2.30166	18.8462	21.1479
spk_ver/v00/v0046	SES007	-2.12306	17.8178	19.9409
spk_ver/v00/v0047	SES172	0.335938	20.4822	20.1462
spk_ver/v00/v0048	SES105	1.65346	20.0391	18.3857
spk_ver/v00/v0049	SES007	-1.56892	19.131	20.6999
spk_ver/v00/v0050	SES292	-0.647182	19.0923	19.7395
spk_ver/v00/v0051	SES007	-1.67942	17.4864	19.1659
spk_ver/v00/v0052	SES068	0.92065	21.74	20.8193
spk_ver/v00/v0053	SES008	-1.60162	19.108	20.7096
spk_ver/v00/v0054	SES008	-5.36874	12.7971	18.1658
spk_ver/v00/v0055	SES008	-2.08948	17.8239	19.9133
spk_ver/v00/v0056	SES008	-6.03112	13.6681	19.6993
spk_ver/v00/v0057	SES008	-4.34512	15.4175	19.7626
spk_ver/v00/v0058	SES083	0.838482	21.2805	20.442
spk_ver/v00/v0059	SES158	1.93369	20.8808	18.9471
spk_ver/v00/v0060	SES008	-3.70732	14.3467	18.054
spk_ver/v00/v0061	SES101	0.717415	20.9086	20.1912
spk_ver/v00/v0062	SES008	-3.80267	15.0653	18.868
spk_ver/v00/v0063	SES008	-3.07693	16.5695	19.6464
spk_ver/v00/v0064	SES117	1.60904	19.7764	18.1674
spk_ver/v00/v0065	SES149	2.01067	22.8142	20.8036
spk_ver/v00/v0066	SES008	-0.443745	20.0406	20.4843
spk_ver/v00/v0067	SES008	-2.84559	15.2974	18.143
spk_ver/v00/v0068	SES162	1.52268	20.2148	18.6921
spk_ver/v00/v0069	SES008	-6.59132	13.3372	19.9285
spk_ver/v00/v0070	SES008	-1.24193	18.3926	19.6345
spk_ver/v00/v0071	SES008	-4.13325	16.1421	20.2753
spk_ver/v00/v0072	SES008	-1.84337	19.5422	21.3856
spk_ver/v00/v0073	SES008	-2.41196	18.4064	20.8184
spk_ver/v00/v0074	SES008	-4.07801	14.34	18.418
spk_ver/v00/v0075	SES008	-7.33422	10.8358	18.17
spk_ver/v00/v0076	SES167	2.07632	21.0606	18.9842
spk_ver/v00/v0077	SES008	-2.26093	18.5178	20.7787
spk_ver/v00/v0078	SES177	0.816805	21.107	20.2902
spk_ver/v00/v0079	SES008	-1.94272	17.6456	19.5883
spk_ver/v00/v0080	SES008	-3.17416	16.1393	19.3134
spk_ver/v00/v0081	SES008	-5.93186	11.5183	17.4501
spk_ver/v00/v0082	SES008	-3.27366	16.6438	19.9175
spk_ver/v00/v0083	SES008	-6.14036	11.0567	17.197
spk_ver/v00/v0084	SES144	1.5733	20.8282	19.2549
spk_ver/v00/v0085	SES008	-2.42864	17.7146	20.1433
spk_ver/v00/v0086	SES008	-2.62427	18.6595	21.2838
spk_ver/v00/v0087	SES008	-5.44913	13.5459	18.995
spk_ver/v00/v0088	SES008	-2.57882	19.1238	21.7026
spk_ver/v00/v0089	SES008	-1.80454	15.9222	17.7268
spk_ver/v00/v0090	SES142	2.16894	20.9879	18.819
spk_ver/v00/v0091	SES008	-4.64646	15.6447	20.2911
spk_ver/v00/v0092	SES158	1.35301	19.6002	18.2472
spk_ver/v00/v0093	SES014	-3.4836	17.1723	20.6559
spk_ver/v00/v0094	SES014	-5.63583	11.1362	16.7721
spk_ver/v00/v0095	SES014	-2.21603	20.0651	22.2811
spk_ver/v00/v0096	SES014	-9.38202	8.96475	18.3468
spk_ver/v00/v0097	SES014	-2.88348	15.6966	18.5801
spk_ver/v00/v0098	SES014	-3.21462	17.4841	20.6987
spk_ver/v00/v0099	SES014	-3.84151	14.2625	18.104
spk_ver/v01/v0100	SES127	0.358875	19.9204	19.5616
spk_ver/v01/v0101	SES014	-9.04389	8.07594	17.1198
spk_ver/v01/v0102	SES014	-10.2433	7.75677	18.0001
spk_ver/v01/v0103	SES014	-6.31755	11.8624	18.1799
spk_ver/v01/v0104	SES014	-7.84843	11.0394	18.8878
spk_ver/v01/v0105	SES014	-4.76969	12.4061	17.1758
spk_ver/v01/v0106	SES014	-4.42606	14.2657	18.6918
spk_ver/v01/v0107	SES014	-7.50141	13.9352	21.4366
spk_ver/v01/v0108	SES014	-10.358	8.96805	19.3261
spk_ver/v01/v0109	SES014	-5.65252	11.4196	17.0721
spk_ver/v01/v0110	SES014	-4.59847	13.8654	18.4639
spk_ver/v01/v0111	SES014	-2.05515	19.2142	21.2693
spk_ver/v01/v0112	SES014	-5.61464	15.4732	21.0878
spk_ver/v01/v0113	SES104	0.763773	20.8496	20.0858
spk_ver/v01/v0114	SES082	1.077	22.2513	21.1743
spk_ver/v01/v0115	SES087	1.52109	20.9079	19.3868
spk_ver/v01/v0116	SES014	-2.89608	16.1785	19.0746
spk_ver/v01/v0117	SES177	0.33774	19.9565	19.6188
spk_ver/v01/v0118	SES014	-6.64798	10.9824	17.6304
spk_ver/v01/v0119	SES014	-2.30468	17.6156	19.9203
spk_ver/v01/v0120	SES014	-12.8666	5.96115	18.8278
spk_ver/v01/v0121	SES146	0.403866	19.1199	18.7161
spk_ver/v01/v0122	SES014	2.65585	24.1771	21.5212
spk_ver/v01/v0123	SES014	-3.77239	17.0363	20.8087
spk_ver/v01/v0124	SES014	-12.0757	7.20413	19.2798
spk_ver/v01/v0125	SES014	-6.655	12.2309	18.8859
spk_ver/v01/v0126	SES016	-2.17896	16.2189	18.3978
spk_ver/v01/v0127	SES016	-3.34704	13.2991	16.6461
spk_ver/v01/v0128	SES106	2.41896	22.1363	19.7173
spk_ver/v01/v0129	SES016	-4.01957	16.3235	20.3431
spk_ver/v01/v0130	SES016	-3.17014	16.4796	19.6497
spk_ver/v01/v0131	SES016	-4.8121	13.8722	18.6843
spk_ver/v01/v0132	SES016	-3.00304	16.762	19.7651
spk_ver/v01/v0133	SES016	-2.74504	17.8293	20.5743
spk_ver/v01/v0134	SES016	-2.41655	17.9884	20.4049
spk_ver/v01/v0135	SES016	-5.31079	14.2984	19.6092
spk_ver/v01/v0136	SES016	-4.39547	14.5377	18.9332
spk_ver/v01/v0137	SES007	0.67868	19.0115	18.3328
spk_ver/v01/v0138	SES016	-1.68649	18.047	19.7335
spk_ver/v01/v0139	SES016	-1.96823	18.337	20.3052
spk_ver/v01/v0140	SES016	2.05388	22.0766	20.0228
spk_ver/v01/v0141	SES016	-7.01299	9.22218	16.2352
spk_ver/v01/v0142	SES016	-6.64132	14.0036	20.6449
spk_ver/v01/v0143	SES016	-5.8393	11.4656	17.3049
spk_ver/v01/v0144	SES016	-3.78582	16.7347	20.5205
spk_ver/v01/v0145	SES016	-5.88114	11.2176	17.0988
spk_ver/v01/v0146	SES016	-1.81348	17.9414	19.7549
spk_ver/v01/v0147	SES016	-1.78617	18.5576	20.3438
spk_ver/v01/v0148	SES127	1.04277	20.5681	19.5253
spk_ver/v01/v0149	SES016	-3.01454	16.3016	19.3161
spk_ver/v01/v0150	SES016	-2.95569	15.9933	18.949
spk_ver/v01/v0151	SES147	1.22194	18.2233	17.0013
spk_ver/v01/v0152	SES016	-2.55025	17.1445	19.6947
spk_ver/v01/v0153	SES104	1.79485	23.4664	21.6715
spk_ver/v01/v0154	SES016	-3.801	14.709	18.51
spk_ver/v01/v0155	SES016	-2.85688	15.2179	18.0747
spk_ver/v01/v0156	SES019	-0.916939	17.3234	18.2404
spk_ver/v01/v0157	SES019	-3.84718	17.2299	21.0771
spk_ver/v01/v0158	SES019	-0.703255	19.2951	19.9983
spk_ver/v01/v0159	SES007	0.71398	20.0235	19.3095
spk_ver/v01/v0160	SES019	-2.5725	18.0384	20.6109
spk_ver/v01/v0161	SES019	-4.00491	14.6895	18.6944
spk_ver/v01/v0162	SES019	-4.95455	15.9778	20.9323
spk_ver/v01/v0163	SES189	1.56176	19.3793	17.8175
spk_ver/v01/v0164	SES019	-2.7251	18.0733	20.7984
spk_ver/v01/v0165	SES019	-0.884678	17.2347	18.1194
spk_ver/v01/v0166	SES019	-5.75525	15.2164	20.9716
spk_ver/v01/v0167	SES019	-4.85803	13.6613	18.5193
spk_ver/v01/v0168	SES019	-2.06756	13.0877	15.1552
spk_ver/v01/v0169	SES019	-6.13767	11.5242	17.6619
spk_ver/v01/v0170	SES270	1.26149	20.5679	19.3064
spk_ver/v01/v0171	SES019	-2.58413	16.5377	19.1218
spk_ver/v01/v0172	SES019	-6.7099	11.819	18.5289
spk_ver/v01/v0173	SES206	1.35752	21.357	19.9995
spk_ver/v01/v0174	SES019	-2.23619	16.4945	18.7307
spk_ver/v01/v0175	SES014	2.64389	24.136	21.4921
spk_ver/v01/v0176	SES019	-4.96646	15.2341	20.2006
spk_ver/v01/v0177	SES120	1.76051	19.8782	18.1177
spk_ver/v01/v0178	SES019	-1.4661	16.0292	17.4953
spk_ver/v01/v0179	SES019	-6.5628	15.6559	22.2187
spk_ver/v01/v0180	SES175	1.23327	20.4963	19.263
spk_ver/v01/v0181	SES019	-5.60297	12.3298	17.9328
spk_ver/v01/v0182	SES019	-4.27245	16.1556	20.428
spk_ver/v01/v0183	SES029	-2.34973	16.8725	19.2222
spk_ver/v01/v0184	SES029	-7.31705	12.9153	20.2323
spk_ver/v01/v0185	SES029	-2.36653	18.0208	20.3873
spk_ver/v01/v0186	SES068	1.1649	22.1161	20.9512
spk_ver/v01/v0187	SES029	-4.31935	15.672	19.9914
spk_ver/v01/v0188	SES029	-3.19482	17.8941	21.0889
spk_ver/v01/v0189	SES149	2.6264	23.0819	20.4555
spk_ver/v01/v0190	SES029	-4.1868	17.467	21.6538
spk_ver/v01/v0191	SES029	-4.08779	15.2064	19.2942
spk_ver/v01/v0192	SES183	1.1124	21.2598	20.1474
spk_ver/v01/v0193	SES029	-2.39329	16.9459	19.3392
spk_ver/v01/v0194	SES016	1.78037	21.8798	20.0995
spk_ver/v01/v0195	SES029	-2.76711	16.7763	19.5434
spk_ver/v01/v0196	SES029	-1.49126	17.702	19.1933
spk_ver/v01/v0197	SES029	-4.70285	16.4638	21.1666
spk_ver/v01/v0198	SES146	1.1943	19.1663	17.972
spk_ver/v01/v0199	SES029	-4.4037	12.064	16.4677
spk_ver/v02/v0200	SES029	-2.59781	17.1642	19.7621
spk_ver/v02/v0201	SES068	1.12121	22.14	21.0188
spk_ver/v02/v0202	SES148	2.10565	19.9358	17.8302
spk_ver/v02/v0203	SES029	-3.11747	16.4618	19.5793
spk_ver/v02/v0204	SES029	-1.39269	17.8254	19.2181
spk_ver/v02/v0205	SES060	1.21379	23.066	21.8522
spk_ver/v02/v0206	SES127	1.7403	22.1069	20.3666
spk_ver/v02/v0207	SES029	-4.09105	15.5639	19.655
spk_ver/v02/v0208	SES048	1.99137	20.0291	18.0377
spk_ver/v02/v0209	SES029	-2.23849	17.8681	20.1066
spk_ver/v02/v0210	SES029	-3.05176	15.7776	18.8293
spk_ver/v02/v0211	SES029	-3.70338	16.7339	20.4373
spk_ver/v02/v0212	SES042	-7.2912	11.9492	19.2404
spk_ver/v02/v0213	SES085	1.83071	21.2922	19.4615
spk_ver/v02/v0214	SES206	1.71946	22.9936	21.2741
spk_ver/v02/v0215	SES144	0.617672	19.7951	19.1774
spk_ver/v02/v0216	SES042	-3.8905	16.1848	20.0753
spk_ver/v02/v0217	SES042	-3.19597	10.4015	13.5975
spk_ver/v02/v0218	SES042	-2.64861	17.9617	20.6103
spk_ver/v02/v0219	SES206	1.66511	23.4806	21.8155
spk_ver/v02/v0220	SES019	4.44334	23.205	18.7617
spk_ver/v02/v0221	SES007	0.417091	19.7888	19.3717
spk_ver/v02/v0222	SES042	-8.02971	10.6402	18.67
spk_ver/v02/v0223	SES147	1.13523	18.7926	17.6573
spk_ver/v02/v0224	SES105	1.72995	20.0964	18.3664
spk_ver/v02/v0225	SES042	-2.39609	17.3995	19.7956
spk_ver/v02/v0226	SES275	1.2993	19.8924	18.5931
spk_ver/v02/v0227	SES042	-4.88616	13.7336	18.6197
spk_ver/v02/v0228	SES042	-5.13524	15.0946	20.2298
spk_ver/v02/v0229	SES042	-6.21765	14.8504	21.068
spk_ver/v02/v0230	SES085	1.01834	22.5204	21.502
spk_ver/v02/v0231	SES014	2.6968	24.6109	21.9141
spk_ver/v02/v0232	SES042	-1.67571	18.9616	20.6373
spk_ver/v02/v0233	SES048	-5.26699	15.0837	20.3507
spk_ver/v02/v0234	SES048	-7.11279	11.9626	19.0754
spk_ver/v02/v0235	SES029	1.06921	21.8828	20.8136
spk_ver/v02/v0236	SES048	-3.18456	17.3063	20.4908
spk_ver/v02/v0237	SES048	-4.94285	13.966	18.9088
spk_ver/v02/v0238	SES048	-2.47834	17.5313	20.0096
spk_ver/v02/v0239	SES060	1.17894	21.4674	20.2885
spk_ver/v02/v0240	SES048	-6.01796	12.8699	18.8879
spk_ver/v02/v0241	SES048	-4.0137	16.2023	20.216
spk_ver/v02/v0242	SES189	3.61909	20.0879	16.4688
spk_ver/v02/v0243	SES162	1.17006	20.0673	18.8973
spk_ver/v02/v0244	SES048	-6.42956	14.8918	21.3214
spk_ver/v02/v0245	SES048	-5.21658	13.9714	19.188
spk_ver/v02/v0246	SES048	-4.88148	15.3205	20.2019
spk_ver/v02/v0247	SES048	-5.67561	12.112	17.7876
spk_ver/v02/v0248	SES226	2.28139	22.5795	20.2981
spk_ver/v02/v0249	SES048	-3.00135	15.6428	18.6441
spk_ver/v02/v0250	SES048	-2.79981	16.0477	18.8475
spk_ver/v02/v0251	SES048	-5.68465	13.1693	18.854
spk_ver/v02/v0252	SES060	-7.30701	10.1689	17.4759
spk_ver/v02/v0253	SES060	-5.97072	13.525	19.4958
spk_ver/v02/v0254	SES259	2.96813	23.3294	20.3613
spk_ver/v02/v0255	SES060	-6.82778	10.866	17.6938
spk_ver/v02/v0256	SES202	0.593481	19.0078	18.4143
spk_ver/v02/v0257	SES148	1.15419	20.9208	19.7667
spk_ver/v02/v0258	SES060	-4.82079	11.3036	16.1244
spk_ver/v02/v0259	SES060	-2.03985	18.4194	20.4592
spk_ver/v02/v0260	SES060	-3.33846	16.918	20.2565
spk_ver/v02/v0261	SES099	2.82752	22.8949	20.0674
spk_ver/v02/v0262	SES060	-3.83332	15.6989	19.5323
spk_ver/v02/v0263	SES060	-2.78315	18.6843	21.4674
spk_ver/v02/v0264	SES292	0.225874	19.8992	19.6734
spk_ver/v02/v0265	SES060	-1.3697	17.653	19.0227
spk_ver/v02/v0266	SES060	-7.10398	11.6032	18.7072
spk_ver/v02/v0267	SES060	-5.98893	12.7915	18.7804
spk_ver/v02/v0268	SES060	-6.04942	10.7656	16.815
spk_ver/v02/v0269	SES127	1.13299	21.9002	20.7672
spk_ver/v02/v0270	SES060	-3.75719	15.8724	19.6296
spk_ver/v02/v0271	SES060	-1.22624	19.5146	20.7408
spk_ver/v02/v0272	SES060	-4.96351	12.5598	17.5233
spk_ver/v02/v0273	SES087	1.67546	21.4985	19.823
spk_ver/v02/v0274	SES146	0.930521	18.629	17.6985
spk_ver/v02/v0275	SES060	-3.92395	14.2703	18.1943
spk_ver/v02/v0276	SES002	2.82035	22.813	19.9926
spk_ver/v02/v0277	SES060	-1.8814	18.4758	20.3572
spk_ver/v02/v0278	SES060	-4.71282	13.9749	18.6877
spk_ver/v02/v0279	SES060	-5.62094	14.6362	20.2572
spk_ver/v02/v0280	SES129	2.59405	21.6097	19.0156
spk_ver/v02/v0281	SES162	1.15035	20.0074	18.8571
spk_ver/v02/v0282	SES060	-3.31627	15.8089	19.1252
spk_ver/v02/v0283	SES060	-4.77185	15.8152	20.5871
spk_ver/v02/v0284	SES062	-5.3076	10.791	16.0986
spk_ver/v02/v0285	SES062	-6.36724	12.517	18.8842
spk_ver/v02/v0286	SES120	0.0190487	18.0508	18.0318
spk_ver/v02/v0287	SES062	-4.71896	15.0142	19.7332
spk_ver/v02/v0288	SES062	-4.68086	14.769	19.4499
spk_ver/v02/v0289	SES062	-4.2194	15.8228	20.0422
spk_ver/v02/v0290	SES062	-2.29272	18.5754	20.8681
spk_ver/v02/v0291	SES275	0.559704	19.1007	18.541
spk_ver/v02/v0292	SES062	-3.43279	15.5285	18.9613
spk_ver/v02/v0293	SES062	-7.60113	11.7768	19.3779
spk_ver/v02/v0294	SES062	-4.62025	15.988	20.6083
spk_ver/v02/v0295	SES062	-2.42133	15.7098	18.1311
spk_ver/v02/v0296	SES062	-4.09842	15.3397	19.4381
spk_ver/v02/v0297	SES062	-5.79434	13.0723	18.8666
spk_ver/v02/v0298	SES062	-2.79919	15.739	18.5382
spk_ver/v02/v0299	SES062	-2.86253	17.2412	20.1037
spk_ver/v03/v0300	SES062	-6.57862	12.4883	19.0669
spk_ver/v03/v0301	SES062	-2.66929	17.3659	20.0352
spk_ver/v03/v0302	SES172	0.311255	22.0484	21.7372
spk_ver/v03/v0303	SES062	-3.07866	16.4233	19.502
spk_ver/v03/v0304	SES062	-3.53316	15.1351	18.6683
spk_ver/v03/v0305	SES062	-3.08055	16.5366	19.6171
spk_ver/v03/v0306	SES062	-4.79381	13.3635	18.1573
spk_ver/v03/v0307	SES062	-3.78635	16.3511	20.1375
spk_ver/v03/v0308	SES062	-4.56787	14.3702	18.938
spk_ver/v03/v0309	SES062	-3.38201	13.5505	16.9325
spk_ver/v03/v0310	SES125	1.59392	22.8517	21.2578
spk_ver/v03/v0311	SES062	-1.85184	18.247	20.0989
spk_ver/v03/v0312	SES062	-6.19713	11.948	18.1451
spk_ver/v03/v0313	SES062	-2.48733	16.2535	18.7409
spk_ver/v03/v0314	SES068	-3.69026	16.0212	19.7115
spk_ver/v03/v0315	SES068	-3.20629	17.0681	20.2744
spk_ver/v03/v0316	SES068	-5.9526	12.7019	18.6545
spk_ver/v03/v0317	SES068	-2.02535	16.2962	18.3215
spk_ver/v03/v0318	SES068	-3.91928	17.6594	21.5786
spk_ver/v03/v0319	SES068	-7.07903	11.5055	18.5845
spk_ver/v03/v0320	SES068	-1.41096	18.438	19.849
spk_ver/v03/v0321	SES068	-1.78518	16.303	18.0882
spk_ver/v03/v0322	SES068	-1.22981	17.1444	18.3742
spk_ver/v03/v0323	SES068	-2.29419	17.9236	20.2178
spk_ver/v03/v0324	SES144	0.936827	18.0495	17.1127
spk_ver/v03/v0325	SES068	-3.71784	16.0235	19.7414
spk_ver/v03/v0326	SES068	-0.774492	19.6109	20.3854
spk_ver/v03/v0327	SES068	-1.90589	18.2953	20.2012
spk_ver/v03/v0328	SES068	-6.15431	12.3602	18.5145
spk_ver/v03/v0329	SES068	-2.91778	16.7549	19.6727
spk_ver/v03/v0330	SES180	0.25923	19.6166	19.3574
spk_ver/v03/v0331	SES068	-0.894524	18.7135	19.608
spk_ver/v03/v0332	SES275	1.59082	20.7627	19.1719
spk_ver/v03/v0333	SES062	1.13449	23.5214	22.3869
spk_ver/v03/v0334	SES270	1.57123	20.2233	18.6521
spk_ver/v03/v0335	SES068	-6.93961	10.0048	16.9444
spk_ver/v03/v0336	SES068	-1.50585	20.5285	22.0343
spk_ver/v03/v0337	SES068	-2.42868	16.486	18.9147
spk_ver/v03/v0338	SES068	-3.48351	14.4585	17.942
spk_ver/v03/v0339	SES068	-1.24072	18.1297	19.3704
spk_ver/v03/v0340	SES068	-2.56961	15.5457	18.1153
spk_ver/v03/v0341	SES016	1.29453	23.0161	21.7216
spk_ver/v03/v0342	SES068	-3.61314	14.5424	18.1556
spk_ver/v03/v0343	SES068	-2.32485	15.9986	18.3234
spk_ver/v03/v0344	SES125	1.37376	21.3685	19.9947
spk_ver/v03/v0345	SES187	1.07066	21.13	20.0593
spk_ver/v03/v0346	SES068	-4.31375	15.8009	20.1147
spk_ver/v03/v0347	SES143	1.35846	19.4634	18.105
spk_ver/v03/v0348	SES292	0.700384	20.4836	19.7832
spk_ver/v03/v0349	SES082	-5.23949	14.9166	20.1561
spk_ver/v03/v0350	SES101	1.08058	21.3842	20.3037
spk_ver/v03/v0351	SES082	-0.602663	18.8434	19.4461
spk_ver/v03/v0352	SES082	-2.20561	15.1736	17.3792
spk_ver/v03/v0353	SES082	-4.11656	15.2086	19.3251
spk_ver/v03/v0354	SES082	-9.4282	8.71336	18.1416
spk_ver/v03/v0355	SES083	0.764631	21.5758	20.8112
spk_ver/v03/v0356	SES082	-3.20962	15.1163	18.3259
spk_ver/v03/v0357	SES082	-7.05549	12.2174	19.2729
spk_ver/v03/v0358	SES082	-1.9316	17.4854	19.417
spk_ver/v03/v0359	SES117	1.05844	17.356	16.2976
spk_ver/v03/v0360	SES082	-6.13769	14.1427	20.2804
spk_ver/v03/v0361	SES082	-2.14817	16.7371	18.8853
spk_ver/v03/v0362	SES007	0.648905	19.3048	18.6558
spk_ver/v03/v0363	SES082	-3.27915	16.0092	19.2884
spk_ver/v03/v0364	SES019	2.83714	22.1687	19.3315
spk_ver/v03/v0365	SES082	-1.33606	17.717	19.0531
spk_ver/v03/v0366	SES226	2.05059	21.616	19.5654
spk_ver/v03/v0367	SES167	2.03224	22.2816	20.2494
spk_ver/v03/v0368	SES082	-3.46774	17.2352	20.7029
spk_ver/v03/v0369	SES042	3.46119	24.4862	21.025
spk_ver/v03/v0370	SES042	2.96925	23.6077	20.6385
spk_ver/v03/v0371	SES082	-6.27448	13.5057	19.7802
spk_ver/v03/v0372	SES082	-1.48751	19.6576	21.1451
spk_ver/v03/v0373	SES082	-7.04008	13.7186	20.7587
spk_ver/v03/v0374	SES083	-1.44022	20.3416	21.7818
spk_ver/v03/v0375	SES292	0.213428	19.8172	19.6037
spk_ver/v03/v0376	SES083	-3.40673	17.2949	20.7016
spk_ver/v03/v0377	SES083	-4.52031	14.9243	19.4446
spk_ver/v03/v0378	SES083	-3.08272	15.4284	18.5111
spk_ver/v03/v0379	SES083	-1.51825	17.3131	18.8313
spk_ver/v03/v0380	SES083	-4.02328	14.9653	18.9886
spk_ver/v03/v0381	SES083	-2.90589	16.483	19.3889
spk_ver/v03/v0382	SES148	0.518049	21.1637	20.6457
spk_ver/v03/v0383	SES083	-1.18268	19.5549	20.7376
spk_ver/v03/v0384	SES226	1.87002	21.616	19.746
spk_ver/v03/v0385	SES226	1.94011	22.5603	20.6202
spk_ver/v03/v0386	SES087	1.67582	20.7547	19.0789
spk_ver/v03/v0387	SES029	1.33338	21.1235	19.7902
spk_ver/v03/v0388	SES147	1.54173	19.8416	18.2999
spk_ver/v03/v0389	SES083	-4.17306	14.2334	18.4065
spk_ver/v03/v0390	SES189	2.15875	20.6701	18.5113
spk_ver/v03/v0391	SES083	-1.66793	18.5987	20.2666
spk_ver/v03/v0392	SES083	-0.894535	19.661	20.5556
spk_ver/v03/v0393	SES083	-3.20995	16.3436	19.5536
spk_ver/v03/v0394	SES083	-3.64469	15.262	18.9067
spk_ver/v03/v0395	SES083	-1.44654	19.6948	21.1414
spk_ver/v03/v0396	SES014	3.12797	25.5786	22.4506
spk_ver/v03/v0397	SES085	-0.394896	22.4458	22.8407
spk_ver/v03/v0398	SES085	-1.82359	19.2901	21.1137
spk_ver/v03/v0399	SES085	-2.99885	16.9345	19.9333
spk_ver/v04/v0400	SES106	2.00858	22.4792	20.4707
spk_ver/v04/v0401	SES085	-4.15658	15.4388	19.5953
spk_ver/v04/v0402	SES085	-6.95405	8.26606	15.2201
spk_ver/v04/v0403	SES085	-0.928051	18.8065	19.7346
spk_ver/v04/v0404	SES180	1.04336	21.0304	19.9871
spk_ver/v04/v0405	SES129	1.67241	21.7429	20.0705
spk_ver/v04/v0406	SES085	-5.33449	15.1081	20.4426
spk_ver/v04/v0407	SES146	0.437511	17.9524	17.5149
spk_ver/v04/v0408	SES085	-0.70104	20.1298	20.8309
spk_ver/v04/v0409	SES085	-3.44909	15.781	19.2301
spk_ver/v04/v0410	SES085	-4.01158	17.5027	21.5142
spk_ver/v04/v0411	SES292	1.15069	19.9811	18.8304
spk_ver/v04/v0412	SES085	-1.4802	19.6645	21.1447
spk_ver/v04/v0413	SES125	1.85579	22.9278	21.072
spk_ver/v04/v0414	SES085	-2.91288	15.9051	18.818
spk_ver/v04/v0415	SES085	-2.01481	18.9358	20.9506
spk_ver/v04/v0416	SES085	-1.65344	17.8058	19.4592
spk_ver/v04/v0417	SES062	0.86274	22.6973	21.8346
spk_ver/v04/v0418	SES060	1.80401	21.5628	19.7587
spk_ver/v04/v0419	SES085	-0.975164	19.5575	20.5327
spk_ver/v04/v0420	SES085	-5.5551	15.2644	20.8195
spk_ver/v04/v0421	SES085	-5.80792	12.2613	18.0692
spk_ver/v04/v0422	SES085	-1.37374	17.0512	18.4249
spk_ver/v04/v0423	SES085	-4.93487	13.8292	18.7641
spk_ver/v04/v0424	SES085	-4.21005	13.0222	17.2322
spk_ver/v04/v0425	SES183	1.13351	19.315	18.1815
spk_ver/v04/v0426	SES085	-4.51075	14.9337	19.4444
spk_ver/v04/v0427	SES087	-2.93732	16.3012	19.2385
spk_ver/v04/v0428	SES162	0.891258	20.849	19.9578
spk_ver/v04/v0429	SES087	-1.25394	18.8927	20.1466
spk_ver/v04/v0430	SES087	-6.00586	14.8046	20.8105
spk_ver/v04/v0431	SES087	-5.83583	12.1133	17.9491
spk_ver/v04/v0432	SES087	-4.6632	13.9235	18.5867
spk_ver/v04/v0433	SES087	-4.34861	16.2895	20.6382
spk_ver/v04/v0434	SES142	3.32178	22.5385	19.2168
spk_ver/v04/v0435	SES087	-4.99245	14.4237	19.4162
spk_ver/v04/v0436	SES099	2.39734	23.0435	20.6462
spk_ver/v04/v0437	SES087	-1.4976	19.2957	20.7933
spk_ver/v04/v0438	SES087	-6.59876	12.769	19.3678
spk_ver/v04/v0439	SES087	-2.10954	19.3622	21.4718
spk_ver/v04/v0440	SES087	-3.40728	16.8388	20.2461
spk_ver/v04/v0441	SES087	-5.97912	13.3114	19.2906
spk_ver/v04/v0442	SES187	2.23451	21.1802	18.9457
spk_ver/v04/v0443	SES172	2.00106	22.314	20.313
spk_ver/v04/v0444	SES087	-2.85455	15.2791	18.1336
spk_ver/v04/v0445	SES087	-2.38037	18.5057	20.886
spk_ver/v04/v0446	SES087	-0.903158	19.4043	20.3075
spk_ver/v04/v0447	SES087	-1.92608	18.6177	20.5438
spk_ver/v04/v0448	SES106	2.40268	20.7503	18.3476
spk_ver/v04/v0449	SES146	0.983381	19.0061	18.0227
spk_ver/v04/v0450	SES087	-5.11392	13.3269	18.4408
spk_ver/v04/v0451	SES087	-1.85976	18.0746	19.9344
spk_ver/v04/v0452	SES007	1.38573	19.7735	18.3878
spk_ver/v04/v0453	SES087	-2.68538	16.4609	19.1463
spk_ver/v04/v0454	SES087	-6.3382	13.3987	19.7369
spk_ver/v04/v0455	SES180	0.883324	20.6003	19.717
spk_ver/v04/v0456	SES099	-6.10599	13.194	19.3
spk_ver/v04/v0457	SES042	2.19485	22.6735	20.4787
spk_ver/v04/v0458	SES099	-0.892126	18.4535	19.3456
spk_ver/v04/v0459	SES099	-7.19645	13.477	20.6734
spk_ver/v04/v0460	SES099	-8.15084	9.72695	17.8778
spk_ver/v04/v0461	SES099	-2.96088	18.1615	21.1224
spk_ver/v04/v0462	SES082	2.53715	22.9703	20.4332
spk_ver/v04/v0463	SES099	-0.466093	19.5823	20.0484
spk_ver/v04/v0464	SES099	0.4161	20.2923	19.8762
spk_ver/v04/v0465	SES099	-6.24654	13.4066	19.6531
spk_ver/v04/v0466	SES099	-1.06055	19.2535	20.3141
spk_ver/v04/v0467	SES099	-0.548294	18.4427	18.991
spk_ver/v04/v0468	SES129	2.15966	21.9894	19.8297
spk_ver/v04/v0469	SES101	0.741428	19.8935	19.1521
spk_ver/v04/v0470	SES099	-5.28238	13.5002	18.7826
spk_ver/v04/v0471	SES172	1.44193	21.3157	19.8738
spk_ver/v04/v0472	SES099	-0.192932	18.4958	18.6888
spk_ver/v04/v0473	SES270	3.19258	22.4233	19.2307
spk_ver/v04/v0474	SES099	-5.34528	14.8774	20.2226
spk_ver/v04/v0475	SES099	-3.123	17.3403	20.4633
spk_ver/v04/v0476	SES099	-4.16383	12.8725	17.0363
spk_ver/v04/v0477	SES002	2.15161	23.452	21.3004
spk_ver/v04/v0478	SES099	-0.611261	19.746	20.3573
spk_ver/v04/v0479	SES007	-0.524765	18.1643	18.689
spk_ver/v04/v0480	SES101	-6.03635	15.1269	21.1633
spk_ver/v04/v0481	SES101	-4.32661	14.2111	18.5377
spk_ver/v04/v0482	SES175	0.592316	20.2529	19.6605
spk_ver/v04/v0483	SES101	-3.98016	14.8489	18.8291
spk_ver/v04/v0484	SES101	-5.80671	17.2714	23.0781
spk_ver/v04/v0485	SES101	-2.94152	14.9276	17.8691
spk_ver/v04/v0486	SES101	-1.56113	16.4339	17.9951
spk_ver/v04/v0487	SES101	-2.79349	17.324	20.1175
spk_ver/v04/v0488	SES101	-7.3349	12.1665	19.5014
spk_ver/v04/v0489	SES147	1.40907	17.6987	16.2896
spk_ver/v04/v0490	SES085	-0.637129	18.6086	19.2458
spk_ver/v04/v0491	SES101	-3.04858	14.9139	17.9625
spk_ver/v04/v0492	SES101	-5.50396	11.8055	17.3095
spk_ver/v04/v0493	SES101	-4.11987	17.5467	21.6666
spk_ver/v04/v0494	SES101	-3.69755	15.6364	19.334
spk_ver/v04/v0495	SES101	-1.76282	19.6066	21.3695
spk_ver/v04/v0496	SES101	-3.38645	16.7777	20.1642
spk_ver/v04/v0497	SES014	2.76805	25.4033	22.6352
spk_ver/v04/v0498	SES101	-3.76118	16.1509	19.9121
spk_ver/v04/v0499	SES101	-3.1004	17.2715	20.3719
spk_ver/v05/v0500	SES085	0.88928	22.5945	21.7052
spk_ver/v05/v0501	SES101	-6.02618	14.8331	20.8593
spk_ver/v05/v0502	SES275	0.976736	19.355	18.3783
spk_ver/v05/v0503	SES117	1.2894	19.6796	18.3902
spk_ver/v05/v0504	SES101	-5.3464	15.0316	20.378
spk_ver/v05/v0505	SES101	-2.94745	16.1464	19.0938
spk_ver/v05/v0506	SES101	-2.38668	17.4584	19.8451
spk_ver/v05/v0507	SES048	1.12754	21.7254	20.5978
spk_ver/v05/v0508	SES117	0.438311	17.7801	17.3417
spk_ver/v05/v0509	SES202	2.22998	20.6549	18.4249
spk_ver/v05/v0510	SES104	-2.72088	14.468	17.1888
spk_ver/v05/v0511	SES008	1.8247	19.4117	17.587
spk_ver/v05/v0512	SES104	-1.71984	16.6942	18.4141
spk_ver/v05/v0513	SES104	-2.64536	17.7081	20.3534
spk_ver/v05/v0514	SES104	-5.59263	14.763	20.3556
spk_ver/v05/v0515	SES104	-9.20777	11.1132	20.321
spk_ver/v05/v0516	SES104	-3.35725	12.7985	16.1558
spk_ver/v05/v0517	SES060	1.15097	23.1439	21.993
spk_ver/v05/v0518	SES104	-9.40525	9.10259	18.5078
spk_ver/v05/v0519	SES104	-11.4562	6.73615	18.1923
spk_ver/v05/v0520	SES104	-1.00551	20.8502	21.8558
spk_ver/v05/v0521	SES008	1.62412	22.4148	20.7907
spk_ver/v05/v0522	SES068	1.29979	21.3222	20.0224
spk_ver/v05/v0523	SES087	1.76857	22.1286	20.36
spk_ver/v05/v0524	SES104	-2.1267	17.0723	19.199
spk_ver/v05/v0525	SES104	-1.02669	18.7431	19.7698
spk_ver/v05/v0526	SES104	-2.0349	17.6992	19.7341
spk_ver/v05/v0527	SES083	0.681404	20.6551	19.9737
spk_ver/v05/v0528	SES148	2.04088	19.999	17.9582
spk_ver/v05/v0529	SES104	-3.75112	15.7895	19.5407
spk_ver/v05/v0530	SES104	-6.02581	13.3276	19.3534
spk_ver/v05/v0531	SES125	1.84281	21.8133	19.9705
spk_ver/v05/v0532	SES104	-10.3954	8.91422	19.3096
spk_ver/v05/v0533	SES149	2.89149	24.2022	21.3108
spk_ver/v05/v0534	SES104	-5.25777	14.8484	20.1061
spk_ver/v05/v0535	SES187	0.86651	20.1736	19.3071
spk_ver/v05/v0536	SES104	-2.44133	18.1566	20.5979
spk_ver/v05/v0537	SES104	-2.74827	15.8921	18.6404
spk_ver/v05/v0538	SES167	1.88344	21.9875	20.104
spk_ver/v05/v0539	SES104	-1.78079	15.5269	17.3077
spk_ver/v05/v0540	SES104	-6.91936	15.4328	22.3521
spk_ver/v05/v0541	SES183	1.9689	19.255	17.2861
spk_ver/v05/v0542	SES104	-2.59553	15.771	18.3665
spk_ver/v05/v0543	SES104	-6.84799	13.4818	20.3298
spk_ver/v05/v0544	SES105	-4.00394	16.5919	20.5959
spk_ver/v05/v0545	SES105	-2.47099	16.544	19.0149
spk_ver/v05/v0546	SES105	-3.52614	15.7453	19.2714
spk_ver/v05/v0547	SES105	-4.05017	14.5561	18.6063
spk_ver/v05/v0548	SES019	3.2491	21.6365	18.3874
spk_ver/v05/v0549	SES105	-2.87694	16.5905	19.4675
spk_ver/v05/v0550	SES105	-3.72924	14.7257	18.4549
spk_ver/v05/v0551	SES202	2.52917	19.4687	16.9396
spk_ver/v05/v0552	SES105	-4.38593	15.3367	19.7226
spk_ver/v05/v0553	SES105	-1.5305	17.8883	19.4188
spk_ver/v05/v0554	SES105	-2.2727	17.9914	20.2641
spk_ver/v05/v0555	SES105	-3.65033	14.7296	18.3799
spk_ver/v05/v0556	SES082	0.82147	21.3343	20.5128
spk_ver/v05/v0557	SES105	-4.65262	16.4328	21.0854
spk_ver/v05/v0558	SES014	1.77801	22.8255	21.0475
spk_ver/v05/v0559	SES105	-2.40059	17.8143	20.2149
spk_ver/v05/v0560	SES177	0.364985	20.5748	20.2098
spk_ver/v05/v0561	SES189	5.62776	15.5692	9.94149
spk_ver/v05/v0562	SES105	-3.42766	14.2553	17.6829
spk_ver/v05/v0563	SES099	2.10258	20.6277	18.5252
spk_ver/v05/v0564	SES105	-2.38816	18.0559	20.4441
spk_ver/v05/v0565	SES105	-3.91039	15.4655	19.3758
spk_ver/v05/v0566	SES105	-4.67579	13.8763	18.5521
spk_ver/v05/v0567	SES142	2.23987	20.4243	18.1844
spk_ver/v05/v0568	SES048	0.783739	19.5609	18.7772
spk_ver/v05/v0569	SES105	-4.61165	16.8366	21.4482
spk_ver/v05/v0570	SES105	-1.68866	17.8118	19.5005
spk_ver/v05/v0571	SES105	-3.30536	15.5106	18.816
spk_ver/v05/v0572	SES105	-4.3483	13.4584	17.8067
spk_ver/v05/v0573	SES105	-5.08357	13.743	18.8266
spk_ver/v05/v0574	SES105	-1.04882	18.558	19.6068
spk_ver/v05/v0575	SES105	-0.807304	19.3136	20.1209
spk_ver/v05/v0576	SES106	-5.2937	13.7232	19.0169
spk_ver/v05/v0577	SES106	-5.661	13.1715	18.8325
spk_ver/v05/v0578	SES106	-4.86726	15.4912	20.3584
spk_ver/v05/v0579	SES106	-4.98549	15.1569	20.1424
spk_ver/v05/v0580	SES106	-1.87397	19.6114	21.4853
spk_ver/v05/v0581	SES106	-8.89205	10.3124	19.2045
spk_ver/v05/v0582	SES106	-2.15873	15.637	17.7957
spk_ver/v05/v0583	SES106	-1.4412	19.2528	20.694
spk_ver/v05/v0584	SES106	-5.4122	12.4745	17.8867
spk_ver/v05/v0585	SES106	0.376289	17.2596	16.8833
spk_ver/v05/v0586	SES106	-4.34528	15.0082	19.3534
spk_ver/v05/v0587	SES106	-3.42162	13.6414	17.0631
spk_ver/v05/v0588	SES106	-5.76936	14.5449	20.3143
spk_ver/v05/v0589	SES106	-5.65812	15.4914	21.1495
spk_ver/v05/v0590	SES082	1.07276	20.1478	19.0751
spk_ver/v05/v0591	SES180	0.686016	20.2595	19.5735
spk_ver/v05/v0592	SES106	-2.23056	16.7258	18.9563
spk_ver/v05/v0593	SES106	-8.70288	9.34564	18.0485
spk_ver/v05/v0594	SES292	1.00738	21.1033	20.096
spk_ver/v05/v0595	SES106	-1.4038	18.6539	20.0577
spk_ver/v05/v0596	SES106	-8.54216	11.0763	19.6185
spk_ver/v05/v0597	SES106	-5.64785	13.7337	19.3815
spk_ver/v05/v0598	SES042	2.10935	22.2033	20.0939
spk_ver/v05/v0599	SES106	-7.21398	11.0559	18.2699
spk_ver/v06/v0600	SES106	0.16374	17.6661	17.5023
spk_ver/v06/v0601	SES106	-2.13536	16.1422	18.2775
spk_ver/v06/v0602	SES106	-3.65283	15.2868	18.9397
spk_ver/v06/v0603	SES106	-6.54136	12.5692	19.1106
spk_ver/v06/v0604	SES106	-4.32593	14.8254	19.1514
spk_ver/v06/v0605	SES106	-7.86072	10.5039	18.3646
spk_ver/v06/v0606	SES048	2.72128	22.3821	19.6608
spk_ver/v06/v0607	SES167	3.47354	23.7043	20.2308
spk_ver/v06/v0608	SES106	-5.05354	13.8951	18.9486
spk_ver/v06/v0609	SES143	1.41482	20.8784	19.4636
spk_ver/v06/v0610	SES106	-13.855	2.86515	16.7202
spk_ver/v06/v0611	SES106	-5.09714	13.4195	18.5167
spk_ver/v06/v0612	SES106	-8.13566	11.3797	19.5154
spk_ver/v06/v0613	SES117	-0.927444	19.1477	20.0752
spk_ver/v06/v0614	SES117	-4.52816	15.4271	19.9553
spk_ver/v06/v0615	SES117	-1.68177	17.5252	19.2069
spk_ver/v06/v0616	SES106	2.96388	24.7834	21.8195
spk_ver/v06/v0617	SES142	2.96693	19.6227	16.6558
spk_ver/v06/v0618	SES048	2.16525	22.2222	20.057
spk_ver/v06/v0619	SES175	0.744133	20.0118	19.2677
spk_ver/v06/v0620	SES180	0.992348	21.3714	20.379
spk_ver/v06/v0621	SES117	-0.604919	16.8527	17.4576
spk_ver/v06/v0622	SES029	1.18568	20.4298	19.2442
spk_ver/v06/v0623	SES117	-1.3628	18.7772	20.14
spk_ver/v06/v0624	SES117	-4.38174	14.5526	18.9343
spk_ver/v06/v0625	SES117	-1.10564	16.8134	17.9191
spk_ver/v06/v0626	SES106	1.80827	21.7403	19.9321
spk_ver/v06/v0627	SES226	2.46619	22.4771	20.0109
spk_ver/v06/v0628	SES117	-0.449976	20.5591	21.0091
spk_ver/v06/v0629	SES117	-3.90889	17.291	21.1999
spk_ver/v06/v0630	SES117	-4.06953	14.153	18.2225
spk_ver/v06/v0631	SES117	-5.11824	11.7114	16.8296
spk_ver/v06/v0632	SES117	-1.77246	18.8027	20.5752
spk_ver/v06/v0633	SES099	3.01937	22.9243	19.905
spk_ver/v06/v0634	SES105	2.13098	20.5789	18.448
spk_ver/v06/v0635	SES167	0.587116	20.8797	20.2926
spk_ver/v06/v0636	SES117	-1.00174	17.8391	18.8408
spk_ver/v06/v0637	SES202	1.87648	19.7616	17.8851
spk_ver/v06/v0638	SES117	-2.73606	16.9646	19.7007
spk_ver/v06/v0639	SES167	1.49852	19.6798	18.1813
spk_ver/v06/v0640	SES117	-2.0571	16.9116	18.9687
spk_ver/v06/v0641	SES117	-3.8113	16.1766	19.9879
spk_ver/v06/v0642	SES101	0.943401	21.262	20.3186
spk_ver/v06/v0643	SES068	1.58122	22.2894	20.7082
spk_ver/v06/v0644	SES120	-3.50161	15.0082	18.5098
spk_ver/v06/v0645	SES120	-3.02676	15.0255	18.0522
spk_ver/v06/v0646	SES172	0.901651	20.2762	19.3745
spk_ver/v06/v0647	SES120	-3.21204	17.3941	20.6061
spk_ver/v06/v0648	SES120	-1.14286	19.4678	20.6107
spk_ver/v06/v0649	SES120	-2.40612	14.0292	16.4354
spk_ver/v06/v0650	SES087	1.53029	21.4392	19.9089
spk_ver/v06/v0651	SES120	-1.57328	17.0896	18.6629
spk_ver/v06/v0652	SES104	0.574348	17.7396	17.1653
spk_ver/v06/v0653	SES129	1.62765	22.1338	20.5062
spk_ver/v06/v0654	SES120	-2.80536	15.7456	18.5509
spk_ver/v06/v0655	SES120	-0.909842	16.5146	17.4244
spk_ver/v06/v0656	SES120	-1.88412	18.5154	20.3995
spk_ver/v06/v0657	SES147	0.849506	18.1696	17.3201
spk_ver/v06/v0658	SES120	-2.67602	16.6905	19.3665
spk_ver/v06/v0659	SES120	-2.37117	17.7963	20.1675
spk_ver/v06/v0660	SES120	-1.34749	18.1673	19.5148
spk_ver/v06/v0661	SES120	-1.96211	15.2646	17.2268
spk_ver/v06/v0662	SES120	-2.11453	18.4362	20.5508
spk_ver/v06/v0663	SES120	-3.44555	14.0753	17.5208
spk_ver/v06/v0664	SES147	1.44018	20.1042	18.664
spk_ver/v06/v0665	SES162	1.16037	20.3389	19.1785
spk_ver/v06/v0666	SES120	-1.97845	18.3066	20.2851
spk_ver/v06/v0667	SES120	-1.6217	19.1825	20.8042
spk_ver/v06/v0668	SES120	0.874319	20.6016	19.7273
spk_ver/v06/v0669	SES142	2.48001	20.7698	18.2898
spk_ver/v06/v0670	SES106	2.67753	23.5686	20.8911
spk_ver/v06/v0671	SES183	2.18622	19.7425	17.5563
spk_ver/v06/v0672	SES120	-1.23605	16.163	17.3991
spk_ver/v06/v0673	SES029	0.270754	19.6422	19.3714
spk_ver/v06/v0674	SES120	-2.07197	16.7673	18.8393
spk_ver/v06/v0675	SES008	2.57397	22.6757	20.1017
spk_ver/v06/v0676	SES125	-6.25774	11.5732	17.8309
spk_ver/v06/v0677	SES143	1.2447	19.4259	18.1812
spk_ver/v06/v0678	SES125	-8.24965	9.11799	17.3676
spk_ver/v06/v0679	SES162	0.892059	20.3004	19.4084
spk_ver/v06/v0680	SES125	-4.01505	15.5851	19.6001
spk_ver/v06/v0681	SES125	-2.4727	17.0651	19.5378
spk_ver/v06/v0682	SES125	-4.91972	16.4994	21.4191
spk_ver/v06/v0683	SES226	1.53102	21.6512	20.1202
spk_ver/v06/v0684	SES125	-4.61585	13.2412	17.857
spk_ver/v06/v0685	SES125	-5.89628	12.8359	18.7322
spk_ver/v06/v0686	SES120	1.49539	21.1696	19.6742
spk_ver/v06/v0687	SES125	-5.86472	12.0991	17.9639
spk_ver/v06/v0688	SES158	2.40878	21.0533	18.6446
spk_ver/v06/v0689	SES125	-6.49813	13.4518	19.9499
spk_ver/v06/v0690	SES105	1.8784	20.1354	18.257
spk_ver/v06/v0691	SES125	-1.33953	18.2084	19.5479
spk_ver/v06/v0692	SES125	-2.37271	17.8059	20.1786
spk_ver/v06/v0693	SES180	1.73422	21.5575	19.8233
spk_ver/v06/v0694	SES125	-12.6011	7.13662	19.7377
spk_ver/v06/v0695	SES125	-3.6366	16.3382	19.9748
spk_ver/v06/v0696	SES125	-9.94751	11.1515	21.099
spk_ver/v06/v0697	SES125	-6.91444	11.485	18.3994
spk_ver/v06/v0698	SES083	0.693111	21.7945	21.1014
spk_ver/v06/v0699	SES125	-5.53144	13.9184	19.4499
spk_ver/v07/v0700	SES014	2.62393	24.8012	22.1773
spk_ver/v07/v0701	SES125	-5.58297	16.157	21.74
spk_ver/v07/v0702	SES127	-0.916851	19.257	20.1739
spk_ver/v07/v0703	SES127	-1.02102	16.7119	17.733
spk_ver/v07/v0704	SES206	1.83092	22.8476	21.0167
spk_ver/v07/v0705	SES127	-2.54911	15.8768	18.4259
spk_ver/v07/v0706	SES127	-2.76583	19.007	21.7729
spk_ver/v07/v0707	SES127	-4.19823	15.6511	19.8493
spk_ver/v07/v0708	SES275	0.780247	20.2627	19.4824
spk_ver/v07/v0709	SES127	-2.91727	16.7927	19.71
spk_ver/v07/v0710	SES105	1.34644	19.6767	18.3302
spk_ver/v07/v0711	SES127	-2.53925	15.0457	17.585
spk_ver/v07/v0712	SES127	-2.92728	16.6817	19.6089
spk_ver/v07/v0713	SES127	-2.80584	14.5412	17.3471
spk_ver/v07/v0714	SES019	4.7191	22.3487	17.6296
spk_ver/v07/v0715	SES127	-5.46692	11.5982	17.0651
spk_ver/v07/v0716	SES148	1.05694	19.5911	18.5341
spk_ver/v07/v0717	SES162	1.47782	21.3973	19.9194
spk_ver/v07/v0718	SES189	1.28539	18.2835	16.9981
spk_ver/v07/v0719	SES149	1.01941	22.0361	21.0167
spk_ver/v07/v0720	SES175	0.818857	20.7419	19.9231
spk_ver/v07/v0721	SES127	-3.45248	16.1476	19.6
spk_ver/v07/v0722	SES127	-1.19967	18.1793	19.3789
spk_ver/v07/v0723	SES127	-2.57577	17.5367	20.1125
spk_ver/v07/v0724	SES127	-3.72456	16.8193	20.5439
spk_ver/v07/v0725	SES127	-2.68859	16.1247	18.8133
spk_ver/v07/v0726	SES259	2.78256	23.3047	20.5222
spk_ver/v07/v0727	SES127	-2.67015	16.7465	19.4167
spk_ver/v07/v0728	SES127	-0.820583	20.8292	21.6498
spk_ver/v07/v0729	SES127	-4.91059	13.4712	18.3818
spk_ver/v07/v0730	SES127	-3.24904	14.6189	17.868
spk_ver/v07/v0731	SES129	-2.23477	19.1078	21.3425
spk_ver/v07/v0732	SES129	-3.21957	15.77	18.9895
spk_ver/v07/v0733	SES129	-6.2878	11.5332	17.821
spk_ver/v07/v0734	SES129	-11.6959	6.01906	17.7149
spk_ver/v07/v0735	SES183	1.01535	19.9696	18.9543
spk_ver/v07/v0736	SES129	-4.02136	14.5879	18.6093
spk_ver/v07/v0737	SES129	-3.15657	15.8373	18.9939
spk_ver/v07/v0738	SES129	-6.41592	12.6676	19.0836
spk_ver/v07/v0739	SES129	-5.17933	13.4707	18.6501
spk_ver/v07/v0740	SES167	-0.0592442	19.3243	19.3836
spk_ver/v07/v0741	SES129	-3.33277	15.4857	18.8185
spk_ver/v07/v0742	SES129	-4.04721	18.3778	22.425
spk_ver/v07/v0743	SES129	-3.13223	17.2503	20.3825
spk_ver/v07/v0744	SES129	-7.68449	11.3511	19.0356
spk_ver/v07/v0745	SES180	1.87271	21.6007	19.728
spk_ver/v07/v0746	SES129	-2.66861	18.3402	21.0088
spk_ver/v07/v0747	SES292	-0.0570793	20.6424	20.6995
spk_ver/v07/v0748	SES202	1.96416	18.7144	16.7502
spk_ver/v07/v0749	SES270	1.52796	21.9415	20.4135
spk_ver/v07/v0750	SES129	-3.83071	18.3879	22.2186
spk_ver/v07/v0751	SES129	-5.37329	16.1889	21.5622
spk_ver/v07/v0752	SES060	0.121195	19.1845	19.0633
spk_ver/v07/v0753	SES129	-5.85511	13.0473	18.9024
spk_ver/v07/v0754	SES129	-14.9579	1.7456	16.7036
spk_ver/v07/v0755	SES129	-4.35835	15.5225	19.8808
spk_ver/v07/v0756	SES175	1.22826	20.4449	19.2166
spk_ver/v07/v0757	SES129	-4.59378	13.8374	18.4312
spk_ver/v07/v0758	SES129	-6.22116	11.0641	17.2853
spk_ver/v07/v0759	SES129	-4.72895	16.1813	20.9102
spk_ver/v07/v0760	SES129	-3.58556	17.8241	21.4096
spk_ver/v07/v0761	SES129	-4.05589	17.8272	21.8831
spk_ver/v07/v0762	SES172	0.942017	21.2703	20.3283
spk_ver/v07/v0763	SES129	-5.15138	12.3788	17.5302
spk_ver/v07/v0764	SES129	-5.37981	15.0822	20.462
spk_ver/v07/v0765	SES175	0.89979	20.0341	19.1343
spk_ver/v07/v0766	SES129	-3.68862	17.5151	21.2037
spk_ver/v07/v0767	SES129	-3.30195	15.5685	18.8704
spk_ver/v07/v0768	SES042	2.31597	22.5003	20.1843
spk_ver/v07/v0769	SES099	1.91738	21.1253	19.2079
spk_ver/v07/v0770	SES142	-3.75445	15.0333	18.7877
spk_ver/v07/v0771	SES142	-2.49037	17.7092	20.1996
spk_ver/v07/v0772	SES101	1.48551	22.3633	20.8778
spk_ver/v07/v0773	SES142	-7.54733	9.56422	17.1116
spk_ver/v07/v0774	SES142	-5.35148	12.0231	17.3746
spk_ver/v07/v0775	SES142	-2.4317	17.4546	19.8863
spk_ver/v07/v0776	SES142	-3.35154	18.6117	21.9632
spk_ver/v07/v0777	SES142	-5.17848	13.0846	18.2631
spk_ver/v07/v0778	SES142	-1.48034	16.0392	17.5195
spk_ver/v07/v0779	SES142	-10.4783	9.58077	20.0591
spk_ver/v07/v0780	SES142	-5.28639	10.7967	16.0831
spk_ver/v07/v0781	SES142	-8.85828	10.296	19.1543
spk_ver/v07/v0782	SES101	1.25632	20.3712	19.1149
spk_ver/v07/v0783	SES142	-4.39947	13.7735	18.1729
spk_ver/v07/v0784	SES187	2.06061	20.8225	18.7619
spk_ver/v07/v0785	SES143	1.0655	17.9674	16.9019
spk_ver/v07/v0786	SES142	-5.35146	14.9433	20.2947
spk_ver/v07/v0787	SES144	0.946831	20.4349	19.488
spk_ver/v07/v0788	SES275	0.807558	19.1773	18.3697
spk_ver/v07/v0789	SES142	-3.43907	16.4162	19.8553
spk_ver/v07/v0790	SES099	2.6855	23.6073	20.9218
spk_ver/v07/v0791	SES142	-7.58411	11.2847	18.8689
spk_ver/v07/v0792	SES142	-5.57936	18.0759	23.6552
spk_ver/v07/v0793	SES142	-6.78576	12.5608	19.3465
spk_ver/v07/v0794	SES014	1.88345	23.7419	21.8585
spk_ver/v07/v0795	SES142	-7.44676	13.1074	20.5542
spk_ver/v07/v0796	SES142	-3.49356	16.251	19.7445
spk_ver/v07/v0797	SES143	-0.709589	18.9295	19.6391
spk_ver/v07/v0798	SES206	1.80017	23.6727	21.8725
spk_ver/v07/v0799	SES143	-3.45667	12.3307	15.7873
spk_ver/v08/v0800	SES143	-1.40212	17.1244	18.5265
spk_ver/v08/v0801	SES143	-1.20955	20.1708	21.3804
spk_ver/v08/v0802	SES143	-2.12917	14.8518	16.981
spk_ver/v08/v0803	SES143	-2.24963	16.499	18.7486
spk_ver/v08/v0804	SES143	-2.85022	13.4222	16.2724
spk_ver/v08/v0805	SES143	-2.99232	15.3792	18.3715
spk_ver/v08/v0806	SES143	-2.82096	14.9506	17.7716
spk_ver/v08/v0807	SES177	-0.336517	18.9082	19.2447
spk_ver/v08/v0808	SES149	1.4423	22.1031	20.6608
spk_ver/v08/v0809	SES143	-5.02111	15.4198	20.4409
spk_ver/v08/v0810	SES158	2.05053	20.045	17.9945
spk_ver/v08/v0811	SES143	-3.07757	14.3679	17.4454
spk_ver/v08/v0812	SES062	1.53769	23.5755	22.0378
spk_ver/v08/v0813	SES259	2.46778	23.5491	21.0813
spk_ver/v08/v0814	SES143	-4.84034	16.5626	21.4029
spk_ver/v08/v0815	SES143	-2.97147	15.8362	18.8077
spk_ver/v08/v0816	SES143	-1.13879	18.8947	20.0335
spk_ver/v08/v0817	SES144	0.941671	20.6239	19.6822
spk_ver/v08/v0818	SES143	-2.23507	16.8761	19.1111
spk_ver/v08/v0819	SES143	-2.94733	16.8583	19.8057
spk_ver/v08/v0820	SES143	-1.31722	19.0615	20.3788
spk_ver/v08/v0821	SES143	-2.88432	15.4454	18.3297
spk_ver/v08/v0822	SES143	-3.77454	15.7947	19.5692
spk_ver/v08/v0823	SES104	2.27022	22.7962	20.5259
spk_ver/v08/v0824	SES143	-3.81836	16.0106	19.829
spk_ver/v08/v0825	SES143	-2.18188	16.9026	19.0845
spk_ver/v08/v0826	SES144	-3.89548	15.8612	19.7566
spk_ver/v08/v0827	SES144	-2.08537	18.1081	20.1935
spk_ver/v08/v0828	SES144	-0.999479	19.4713	20.4708
spk_ver/v08/v0829	SES172	0.81134	20.4273	19.616
spk_ver/v08/v0830	SES144	-0.377167	18.6481	19.0252
spk_ver/v08/v0831	SES183	1.02607	19.3438	18.3178
spk_ver/v08/v0832	SES144	-4.6293	14.2286	18.8579
spk_ver/v08/v0833	SES144	-4.96586	15.1846	20.1505
spk_ver/v08/v0834	SES144	-0.675627	18.1693	18.8449
spk_ver/v08/v0835	SES144	-2.92216	15.3416	18.2637
spk_ver/v08/v0836	SES144	-2.24845	17.1294	19.3779
spk_ver/v08/v0837	SES144	-2.53744	19.1661	21.7035
spk_ver/v08/v0838	SES144	-3.16396	15.4551	18.6191
spk_ver/v08/v0839	SES085	0.486261	21.3852	20.8989
spk_ver/v08/v0840	SES144	-0.115616	19.806	19.9216
spk_ver/v08/v0841	SES144	-4.55962	12.203	16.7627
spk_ver/v08/v0842	SES144	-4.05163	16.5795	20.6311
spk_ver/v08/v0843	SES144	-0.706787	19.061	19.7678
spk_ver/v08/v0844	SES144	-2.9333	17.423	20.3563
spk_ver/v08/v0845	SES144	-3.73773	18.3144	22.0521
spk_ver/v08/v0846	SES104	1.55955	21.6489	20.0894
spk_ver/v08/v0847	SES144	-3.88874	15.039	18.9277
spk_ver/v08/v0848	SES144	-2.72353	14.5143	17.2378
spk_ver/v08/v0849	SES144	-6.60376	13.3992	20.003
spk_ver/v08/v0850	SES144	-3.643	16.7791	20.4221
spk_ver/v08/v0851	SES144	-1.75724	17.2702	19.0275
spk_ver/v08/v0852	SES144	-0.563309	20.348	20.9113
spk_ver/v08/v0853	SES144	-4.54858	14.0726	18.6212
spk_ver/v08/v0854	SES144	-1.58511	18.4502	20.0353
spk_ver/v08/v0855	SES144	-0.145781	20.9477	21.0935
spk_ver/v08/v0856	SES082	-0.134279	17.1898	17.3241
spk_ver/v08/v0857	SES142	1.84449	21.1238	19.2793
spk_ver/v08/v0858	SES144	-1.12406	16.2827	17.4068
spk_ver/v08/v0859	SES144	-0.978355	17.4963	18.4747
spk_ver/v08/v0860	SES146	-4.61233	14.9681	19.5804
spk_ver/v08/v0861	SES146	-4.14954	15.2177	19.3673
spk_ver/v08/v0862	SES146	-4.04916	15.2667	19.3158
spk_ver/v08/v0863	SES146	-2.61838	15.0368	17.6552
spk_ver/v08/v0864	SES146	-3.25651	17.4103	20.6668
spk_ver/v08/v0865	SES008	2.64466	21.1596	18.5149
spk_ver/v08/v0866	SES142	2.13047	20.6355	18.505
spk_ver/v08/v0867	SES146	-3.77462	17.0003	20.7749
spk_ver/v08/v0868	SES082	2.47153	23.8269	21.3553
spk_ver/v08/v0869	SES146	-1.74599	17.5432	19.2892
spk_ver/v08/v0870	SES146	-3.52177	13.4088	16.9305
spk_ver/v08/v0871	SES146	-4.18475	15.1719	19.3567
spk_ver/v08/v0872	SES146	-3.63061	12.2538	15.8844
spk_ver/v08/v0873	SES082	1.61399	23.0765	21.4625
spk_ver/v08/v0874	SES146	-4.22051	15.657	19.8775
spk_ver/v08/v0875	SES144	0.667135	19.5114	18.8442
spk_ver/v08/v0876	SES146	-2.59209	19.8147	22.4068
spk_ver/v08/v0877	SES146	-3.44218	16.1672	19.6094
spk_ver/v08/v0878	SES146	-2.59045	16.8338	19.4243
spk_ver/v08/v0879	SES146	-2.84336	16.501	19.3443
spk_ver/v08/v0880	SES146	-2.73541	15.0583	17.7938
spk_ver/v08/v0881	SES143	0.909039	18.8405	17.9314
spk_ver/v08/v0882	SES146	-1.06283	19.1293	20.1921
spk_ver/v08/v0883	SES147	-2.12799	18.5326	20.6606
spk_ver/v08/v0884	SES147	-1.0138	18.9144	19.9282
spk_ver/v08/v0885	SES016	1.1151	21.9262	20.8111
spk_ver/v08/v0886	SES147	-1.96222	17.0091	18.9713
spk_ver/v08/v0887	SES147	-2.44775	16.5202	18.968
spk_ver/v08/v0888	SES147	-2.04276	16.4754	18.5182
spk_ver/v08/v0889	SES019	1.92192	20.906	18.9841
spk_ver/v08/v0890	SES147	-2.23101	15.6283	17.8593
spk_ver/v08/v0891	SES147	-2.66795	17.5289	20.1968
spk_ver/v08/v0892	SES147	-1.85829	16.6696	18.5279
spk_ver/v08/v0893	SES270	2.49471	19.9933	17.4986
spk_ver/v08/v0894	SES029	0.851837	20.685	19.8332
spk_ver/v08/v0895	SES147	-2.55542	15.1728	17.7282
spk_ver/v08/v0896	SES117	1.25864	19.2825	18.0239
spk_ver/v08/v0897	SES183	2.03281	18.5213	16.4885
spk_ver/v08/v0898	SES147	-5.04903	15.9776	21.0267
spk_ver/v08/v0899	SES147	-2.7263	15.2825	18.0088
spk_ver/v09/v0900	SES087	1.5625	21.3787	19.8162
spk_ver/v09/v0901	SES147	-5.7984	13.2059	19.0043
spk_ver/v09/v0902	SES147	-3.87016	14.5444	18.4145
spk_ver/v09/v0903	SES147	-1.80722	17.9065	19.7137
spk_ver/v09/v0904	SES147	-3.09612	17.2098	20.3059
spk_ver/v09/v0905	SES143	0.688757	19.2436	18.5548
spk_ver/v09/v0906	SES149	0.649271	22.1251	21.4759
spk_ver/v09/v0907	SES148	-1.13993	18.0552	19.1952
spk_ver/v09/v0908	SES148	-1.07842	19.013	20.0914
spk_ver/v09/v0909	SES106	3.36285	21.5207	18.1578
spk_ver/v09/v0910	SES148	-0.895582	16.7686	17.6642
spk_ver/v09/v0911	SES148	-2.8964	16.7863	19.6827
spk_ver/v09/v0912	SES142	0.498138	20.1574	19.6593
spk_ver/v09/v0913	SES148	-2.6824	15.1539	17.8363
spk_ver/v09/v0914	SES148	-3.66615	15.7644	19.4305
spk_ver/v09/v0915	SES148	-3.70875	13.5218	17.2306
spk_ver/v09/v0916	SES148	-3.20236	14.4587	17.661
spk_ver/v09/v0917	SES148	0.940487	19.814	18.8735
spk_ver/v09/v0918	SES148	-1.10284	18.1176	19.2205
spk_ver/v09/v0919	SES270	1.98694	20.718	18.731
spk_ver/v09/v0920	SES148	-2.01279	17.59	19.6028
spk_ver/v09/v0921	SES148	-3.08171	16.3186	19.4003
spk_ver/v09/v0922	SES129	1.38321	22.2315	20.8483
spk_ver/v09/v0923	SES117	0.875702	20.9525	20.0768
spk_ver/v09/v0924	SES042	3.37331	23.994	20.6206
spk_ver/v09/v0925	SES148	-4.66456	13.0859	17.7505
spk_ver/v09/v0926	SES148	-5.39481	11.4817	16.8765
spk_ver/v09/v0927	SES144	1.05257	20.6219	19.5694
spk_ver/v09/v0928	SES007	1.29099	20.9182	19.6272
spk_ver/v09/v0929	SES148	-2.49307	19.2231	21.7162
spk_ver/v09/v0930	SES148	-0.926039	19.4035	20.3296
spk_ver/v09/v0931	SES148	-3.17635	14.9416	18.1179
spk_ver/v09/v0932	SES202	1.26545	21.183	19.9175
spk_ver/v09/v0933	SES148	-1.34781	19.9355	21.2833
spk_ver/v09/v0934	SES148	-3.61166	15.8926	19.5042
spk_ver/v09/v0935	SES060	1.69667	22.4171	20.7204
spk_ver/v09/v0936	SES060	1.99182	21.3902	19.3984
spk_ver/v09/v0937	SES148	-2.03701	17.9127	19.9497
spk_ver/v09/v0938	SES148	-1.95159	18.5527	20.5043
spk_ver/v09/v0939	SES148	-3.51846	16.7923	20.3107
spk_ver/v09/v0940	SES148	-2.7356	17.4276	20.1632
spk_ver/v09/v0941	SES149	-3.39043	14.3926	17.7831
spk_ver/v09/v0942	SES149	-3.33424	17.4891	20.8233
spk_ver/v09/v0943	SES149	-3.6363	15.3075	18.9438
spk_ver/v09/v0944	SES149	-2.38277	15.5158	17.8985
spk_ver/v09/v0945	SES105	1.04734	20.3402	19.2929
spk_ver/v09/v0946	SES149	-3.60367	17.8236	21.4273
spk_ver/v09/v0947	SES149	-5.02231	12.8	17.8223
spk_ver/v09/v0948	SES149	-3.90485	16.5602	20.4651
spk_ver/v09/v0949	SES149	-2.0726	19.1777	21.2503
spk_ver/v09/v0950	SES226	1.39756	22.3937	20.9961
spk_ver/v09/v0951	SES149	-4.17476	14.4163	18.591
spk_ver/v09/v0952	SES149	-4.87461	12.9844	17.859
spk_ver/v09/v0953	SES062	1.54751	22.3712	20.8237
spk_ver/v09/v0954	SES149	-3.96929	15.1585	19.1278
spk_ver/v09/v0955	SES048	0.843391	21.4344	20.591
spk_ver/v09/v0956	SES158	-2.13624	18.9282	21.0644
spk_ver/v09/v0957	SES158	-6.44645	12.6546	19.101
spk_ver/v09/v0958	SES158	-1.53351	19.5022	21.0357
spk_ver/v09/v0959	SES158	-2.87934	17.3222	20.2015
spk_ver/v09/v0960	SES158	-5.46151	12.7993	18.2608
spk_ver/v09/v0961	SES147	1.4531	18.9766	17.5235
spk_ver/v09/v0962	SES158	-10.0877	8.22942	18.3171
spk_ver/v09/v0963	SES292	0.771729	21.1709	20.3991
spk_ver/v09/v0964	SES060	1.14095	21.9422	20.8013
spk_ver/v09/v0965	SES002	1.2059	21.3077	20.1018
spk_ver/v09/v0966	SES149	1.86948	23.2676	21.3981
spk_ver/v09/v0967	SES158	-7.94889	11.0457	18.9946
spk_ver/v09/v0968	SES158	-3.61867	15.0147	18.6333
spk_ver/v09/v0969	SES275	-0.431843	17.3865	17.8184
spk_ver/v09/v0970	SES158	-5.49774	15.1111	20.6089
spk_ver/v09/v0971	SES158	-5.44631	13.6505	19.0968
spk_ver/v09/v0972	SES002	2.03351	22.7124	20.6789
spk_ver/v09/v0973	SES158	-6.01952	13.4407	19.4602
spk_ver/v09/v0974	SES202	1.25867	20.3314	19.0727
spk_ver/v09/v0975	SES158	-7.06752	12.3455	19.413
spk_ver/v09/v0976	SES158	-0.939398	20.0626	21.002
spk_ver/v09/v0977	SES162	-1.58844	18.5509	20.1393
spk_ver/v09/v0978	SES162	-5.69706	11.4243	17.1214
spk_ver/v09/v0979	SES162	-6.98821	12.825	19.8132
spk_ver/v09/v0980	SES162	-2.30674	15.7236	18.0304
spk_ver/v09/v0981	SES162	-2.93083	14.4133	17.3442
spk_ver/v09/v0982	SES259	2.69976	22.9448	20.245
spk_ver/v09/v0983	SES162	-5.42259	9.18025	14.6028
spk_ver/v09/v0984	SES162	-1.49858	19.3906	20.8892
spk_ver/v09/v0985	SES162	-1.11008	18.6143	19.7244
spk_ver/v09/v0986	SES062	1.4459	23.2954	21.8495
spk_ver/v09/v0987	SES162	-0.842127	18.518	19.3601
spk_ver/v09/v0988	SES162	-5.41704	14.5389	19.956
spk_ver/v09/v0989	SES162	-5.88951	11.0595	16.949
spk_ver/v09/v0990	SES162	-3.40631	16.7509	20.1572
spk_ver/v09/v0991	SES087	1.59138	21.6507	20.0593
spk_ver/v09/v0992	SES120	0.24617	18.2621	18.0159
spk_ver/v09/v0993	SES162	-4.817	15.9557	20.7727
spk_ver/v09/v0994	SES162	-1.56635	18.7834	20.3497
spk_ver/v09/v0995	SES162	-5.79028	16.3445	22.1348
spk_ver/v09/v0996	SES162	-2.84961	19.7118	22.5615
spk_ver/v09/v0997	SES162	-4.82221	14.8397	19.6619
spk_ver/v09/v0998	SES162	-4.46103	12.4206	16.8817
spk_ver/v09/v0999	SES162	-1.97063	21.194	23.1646
spk_ver/v10/v1000	SES162	-5.83584	14.5358	20.3716
spk_ver/v10/v1001	SES148	1.48071	18.8982	17.4175
spk_ver/v10/v1002	SES162	-1.15374	16.7245	17.8783
spk_ver/v10/v1003	SES162	-2.33226	18.4423	20.7746
spk_ver/v10/v1004	SES162	-3.92474	13.4724	17.3972
spk_ver/v10/v1005	SES162	-5.90444	13.271	19.1754
spk_ver/v10/v1006	SES162	-4.20808	15.5176	19.7257
spk_ver/v10/v1007	SES162	-3.77873	14.6497	18.4285
spk_ver/v10/v1008	SES162	-6.51428	11.0108	17.525
spk_ver/v10/v1009	SES162	-7.24494	13.0423	20.2872
spk_ver/v10/v1010	SES167	-3.40531	14.6283	18.0336
spk_ver/v10/v1011	SES167	-0.757509	17.9735	18.731
spk_ver/v10/v1012	SES167	-2.53204	15.2963	17.8284
spk_ver/v10/v1013	SES167	-6.32575	12.1985	18.5243
spk_ver/v10/v1014	SES167	-1.66007	19.406	21.0661
spk_ver/v10/v1015	SES167	-2.11682	17.4656	19.5824
spk_ver/v10/v1016	SES167	-1.92367	18.3421	20.2658
spk_ver/v10/v1017	SES167	-1.56303	18.7855	20.3485
spk_ver/v10/v1018	SES167	-3.64401	17.4536	21.0976
spk_ver/v10/v1019	SES167	-3.36745	16.1018	19.4693
spk_ver/v10/v1020	SES167	-7.63115	10.7434	18.3745
spk_ver/v10/v1021	SES167	-1.33641	15.2573	16.5937
spk_ver/v10/v1022	SES167	-5.06135	13.8325	18.8938
spk_ver/v10/v1023	SES167	-4.0757	14.326	18.4017
spk_ver/v10/v1024	SES167	-4.30247	13.1073	17.4098
spk_ver/v10/v1025	SES167	-1.81955	18.8554	20.6749
spk_ver/v10/v1026	SES167	-3.64117	16.3489	19.99
spk_ver/v10/v1027	SES167	-2.23025	18.83	21.0602
spk_ver/v10/v1028	SES167	-6.7609	12.3015	19.0624
spk_ver/v10/v1029	SES167	-4.93413	14.3385	19.2726
spk_ver/v10/v1030	SES167	-3.54191	16.163	19.7049
spk_ver/v10/v1031	SES167	-5.87019	13.3519	19.2221
spk_ver/v10/v1032	SES167	-5.70834	16.3125	22.0208
spk_ver/v10/v1033	SES167	-6.93868	14.986	21.9247
spk_ver/v10/v1034	SES002	1.48784	23.0635	21.5757
spk_ver/v10/v1035	SES167	-0.954874	19.8107	20.7655
spk_ver/v10/v1036	SES083	0.8239	21.5136	20.6897
spk_ver/v10/v1037	SES167	-3.00349	15.6571	18.6606
spk_ver/v10/v1038	SES167	-2.27929	15.0943	17.3736
spk_ver/v10/v1039	SES167	-2.55382	15.9216	18.4754
spk_ver/v10/v1040	SES167	-6.64898	10.5005	17.1495
spk_ver/v10/v1041	SES167	-1.15131	17.1196	18.2709
spk_ver/v10/v1042	SES087	1.34879	20.4871	19.1383
spk_ver/v10/v1043	SES029	1.44138	21.5557	20.1143
spk_ver/v10/v1044	SES206	1.2167	22.554	21.3373
spk_ver/v10/v1045	SES172	-2.78409	14.8282	17.6122
spk_ver/v10/v1046	SES172	1.31681	21.6919	20.3751
spk_ver/v10/v1047	SES172	-1.54729	17.9333	19.4806
spk_ver/v10/v1048	SES259	3.51327	24.0951	20.5818
spk_ver/v10/v1049	SES172	-4.91841	15.8738	20.7922
spk_ver/v10/v1050	SES120	0.893976	19.3499	18.456
spk_ver/v10/v1051	SES172	-3.09207	17.7238	20.8159
spk_ver/v10/v1052	SES172	-3.69567	15.3261	19.0218
spk_ver/v10/v1053	SES172	-6.5644	13.9074	20.4718
spk_ver/v10/v1054	SES172	-3.8602	14.432	18.2922
spk_ver/v10/v1055	SES189	2.41447	17.4666	15.0521
spk_ver/v10/v1056	SES172	-2.89363	16.8525	19.7461
spk_ver/v10/v1057	SES172	-1.78658	16.8888	18.6754
spk_ver/v10/v1058	SES172	-2.16214	17.8962	20.0583
spk_ver/v10/v1059	SES172	-3.92343	16.0942	20.0176
spk_ver/v10/v1060	SES029	0.812056	21.6417	20.8296
spk_ver/v10/v1061	SES175	-7.49821	12.9752	20.4734
spk_ver/v10/v1062	SES187	0.877338	22.542	21.6646
spk_ver/v10/v1063	SES019	3.49243	21.4799	17.9874
spk_ver/v10/v1064	SES175	-4.32928	15.3688	19.6981
spk_ver/v10/v1065	SES175	-5.14687	14.6242	19.7711
spk_ver/v10/v1066	SES175	-6.43668	9.96077	16.3974
spk_ver/v10/v1067	SES175	-1.86003	16.4104	18.2705
spk_ver/v10/v1068	SES175	-3.11066	13.8697	16.9803
spk_ver/v10/v1069	SES016	2.56593	23.2243	20.6584
spk_ver/v10/v1070	SES175	-3.19573	16.1317	19.3274
spk_ver/v10/v1071	SES175	-1.80487	19.2934	21.0983
spk_ver/v10/v1072	SES175	-4.31566	14.9666	19.2822
spk_ver/v10/v1073	SES029	0.595865	20.7334	20.1375
spk_ver/v10/v1074	SES175	-3.05334	17.0283	20.0817
spk_ver/v10/v1075	SES175	-0.898466	20.3328	21.2313
spk_ver/v10/v1076	SES175	-0.578588	21.2873	21.8659
spk_ver/v10/v1077	SES175	-3.75159	17.7526	21.5042
spk_ver/v10/v1078	SES127	1.29379	23.2489	21.9551
spk_ver/v10/v1079	SES175	-3.7652	18.0875	21.8527
spk_ver/v10/v1080	SES175	-2.51069	15.8237	18.3344
spk_ver/v10/v1081	SES175	-4.69474	14.742	19.4367
spk_ver/v10/v1082	SES175	-3.1144	18.575	21.6894
spk_ver/v10/v1083	SES007	1.52724	19.9655	18.4383
spk_ver/v10/v1084	SES068	1.1493	22.6152	21.4659
spk_ver/v10/v1085	SES008	0.846344	22.6151	21.7687
spk_ver/v10/v1086	SES175	-1.24848	19.4444	20.6929
spk_ver/v10/v1087	SES175	-2.69811	17.1231	19.8212
spk_ver/v10/v1088	SES008	1.89628	22.4047	20.5084
spk_ver/v10/v1089	SES177	-2.74185	18.5715	21.3133
spk_ver/v10/v1090	SES177	-4.29424	15.9856	20.2799
spk_ver/v10/v1091	SES177	-4.25289	13.861	18.1139
spk_ver/v10/v1092	SES177	-1.17432	17.9119	19.0863
spk_ver/v10/v1093	SES177	-5.40723	14.6374	20.0447
spk_ver/v10/v1094	SES002	1.97908	23.1047	21.1256
spk_ver/v10/v1095	SES104	2.0387	23.077	21.0383
spk_ver/v10/v1096	SES177	-1.41731	18.4045	19.8218
spk_ver/v10/v1097	SES177	-2.88673	14.2158	17.1025
spk_ver/v10/v1098	SES177	-2.47339	18.5939	21.0673
spk_ver/v10/v1099	SES177	-0.755493	18.5306	19.2861
spk_ver/v11/v1100	SES177	-4.10939	14.8996	19.009
spk_ver/v11/v1101	SES085	0.509956	21.3361	20.8261
spk_ver/v11/v1102	SES187	1.40936	21.5865	20.1771
spk_ver/v11/v1103	SES177	-1.46169	18.0362	19.4979
spk_ver/v11/v1104	SES177	0.862667	21.7477	20.8851
spk_ver/v11/v1105	SES177	-0.881113	19.0745	19.9556
spk_ver/v11/v1106	SES177	-3.62158	15.8485	19.4701
spk_ver/v11/v1107	SES177	-0.912428	19.7073	20.6198
spk_ver/v11/v1108	SES177	-0.0864105	20.9433	21.0297
spk_ver/v11/v1109	SES125	1.82464	21.5074	19.6827
spk_ver/v11/v1110	SES177	-4.05898	15.8305	19.8895
spk_ver/v11/v1111	SES177	-2.01991	18.5831	20.603
spk_ver/v11/v1112	SES177	-4.17499	15.7369	19.9119
spk_ver/v11/v1113	SES177	-6.1321	14.5372	20.6693
spk_ver/v11/v1114	SES177	-1.31416	17.0444	18.3585
spk_ver/v11/v1115	SES177	-3.19488	14.9528	18.1477
spk_ver/v11/v1116	SES085	1.4831	23.7317	22.2486
spk_ver/v11/v1117	SES147	1.43783	19.28	17.8422
spk_ver/v11/v1118	SES177	-0.788609	18.1786	18.9672
spk_ver/v11/v1119	SES177	-3.9803	14.3888	18.3691
spk_ver/v11/v1120	SES180	-6.60916	13.6002	20.2093
spk_ver/v11/v1121	SES189	1.41188	18.467	17.0552
spk_ver/v11/v1122	SES117	1.05138	16.9006	15.8493
spk_ver/v11/v1123	SES129	2.54506	22.5436	19.9985
spk_ver/v11/v1124	SES180	-2.00324	18.2299	20.2331
spk_ver/v11/v1125	SES180	-1.10397	19.5014	20.6053
spk_ver/v11/v1126	SES180	-1.07864	19.7792	20.8579
spk_ver/v11/v1127	SES180	-2.65515	17.3204	19.9755
spk_ver/v11/v1128	SES016	1.25519	20.1522	18.897
spk_ver/v11/v1129	SES158	0.965944	20.2264	19.2604
spk_ver/v11/v1130	SES180	-3.30618	16.1875	19.4937
spk_ver/v11/v1131	SES180	-4.66044	18.8995	23.56
spk_ver/v11/v1132	SES180	-1.53349	18.587	20.1205
spk_ver/v11/v1133	SES180	-4.68313	16.5931	21.2762
spk_ver/v11/v1134	SES180	-2.61552	15.3365	17.952
spk_ver/v11/v1135	SES180	-1.96026	18.7069	20.6671
spk_ver/v11/v1136	SES180	-5.8471	10.0043	15.8514
spk_ver/v11/v1137	SES148	0.340233	19.9348	19.5946
spk_ver/v11/v1138	SES104	2.13938	25.3759	23.2365
spk_ver/v11/v1139	SES180	-5.06529	11.8494	16.9147
spk_ver/v11/v1140	SES083	1.03448	20.791	19.7565
spk_ver/v11/v1141	SES180	-4.86895	14.9691	19.8381
spk_ver/v11/v1142	SES180	-3.55076	15.0187	18.5694
spk_ver/v11/v1143	SES180	-3.54961	14.7574	18.307
spk_ver/v11/v1144	SES099	2.18234	21.6851	19.5028
spk_ver/v11/v1145	SES180	-2.15962	18.2191	20.3787
spk_ver/v11/v1146	SES183	-3.51693	16.5675	20.0844
spk_ver/v11/v1147	SES183	-1.7672	18.8029	20.5701
spk_ver/v11/v1148	SES183	-5.53243	12.4484	17.9808
spk_ver/v11/v1149	SES183	-6.74502	14.7321	21.4771
spk_ver/v11/v1150	SES183	-5.88569	14.5266	20.4123
spk_ver/v11/v1151	SES082	1.39286	20.7766	19.3837
spk_ver/v11/v1152	SES183	-2.53034	14.1696	16.6999
spk_ver/v11/v1153	SES183	-1.36743	19.0418	20.4092
spk_ver/v11/v1154	SES002	1.90501	23.6482	21.7432
spk_ver/v11/v1155	SES183	-2.62748	15.9819	18.6094
spk_ver/v11/v1156	SES183	-4.43884	13.5742	18.013
spk_ver/v11/v1157	SES183	-2.83141	17.9153	20.7467
spk_ver/v11/v1158	SES183	-0.988527	18.5616	19.5501
spk_ver/v11/v1159	SES183	-1.90906	17.6252	19.5343
spk_ver/v11/v1160	SES183	-6.76607	11.7585	18.5246
spk_ver/v11/v1161	SES183	-3.09277	12.2924	15.3851
spk_ver/v11/v1162	SES105	1.59627	20.434	18.8377
spk_ver/v11/v1163	SES183	-5.23555	15.4925	20.728
spk_ver/v11/v1164	SES259	3.28983	22.7011	19.4113
spk_ver/v11/v1165	SES183	-1.98791	17.5255	19.5134
spk_ver/v11/v1166	SES183	-6.56155	13.8939	20.4555
spk_ver/v11/v1167	SES183	-1.61929	17.0274	18.6466
spk_ver/v11/v1168	SES183	-2.01976	19.1129	21.1327
spk_ver/v11/v1169	SES183	-5.55956	14.7422	20.3017
spk_ver/v11/v1170	SES183	-3.99284	17.6577	21.6505
spk_ver/v11/v1171	SES183	-8.23611	9.92846	18.1646
spk_ver/v11/v1172	SES187	-2.91263	16.1524	19.065
spk_ver/v11/v1173	SES019	3.74865	20.8091	17.0604
spk_ver/v11/v1174	SES187	-3.96779	13.308	17.2758
spk_ver/v11/v1175	SES187	-3.25608	13.9556	17.2117
spk_ver/v11/v1176	SES083	0.81394	22.2798	21.4659
spk_ver/v11/v1177	SES187	-5.47973	13.5259	19.0057
spk_ver/v11/v1178	SES187	-4.71069	14.5306	19.2412
spk_ver/v11/v1179	SES187	-2.99244	15.8518	18.8443
spk_ver/v11/v1180	SES187	-1.21686	16.9926	18.2095
spk_ver/v11/v1181	SES187	-5.2307	16.2478	21.4785
spk_ver/v11/v1182	SES187	-1.09736	19.91	21.0073
spk_ver/v11/v1183	SES187	-2.96815	13.9811	16.9492
spk_ver/v11/v1184	SES187	-0.043005	19.0012	19.0442
spk_ver/v11/v1185	SES127	1.42201	22.2253	20.8032
spk_ver/v11/v1186	SES187	-0.735327	18.6812	19.4165
spk_ver/v11/v1187	SES187	-1.94904	18.8735	20.8225
spk_ver/v11/v1188	SES187	-1.22159	16.7343	17.9559
spk_ver/v11/v1189	SES042	1.72236	22.4507	20.7284
spk_ver/v11/v1190	SES187	-1.38658	18.6407	20.0273
spk_ver/v11/v1191	SES187	-4.4951	12.6863	17.1814
spk_ver/v11/v1192	SES187	-3.91345	13.9842	17.8977
spk_ver/v11/v1193	SES183	1.3244	19.7494	18.425
spk_ver/v11/v1194	SES187	-2.44085	15.9919	18.4328
spk_ver/v11/v1195	SES187	-3.47766	15.5833	19.061
spk_ver/v11/v1196	SES146	2.38141	18.5615	16.1801
spk_ver/v11/v1197	SES189	-5.65769	15.5672	21.2249
spk_ver/v11/v1198	SES175	1.34473	20.8401	19.4953
spk_ver/v11/v1199	SES189	-5.48855	12.2855	17.774
spk_ver/v12/v1200	SES189	-1.97935	20.2637	22.243
spk_ver/v12/v1201	SES177	1.45043	22.4183	20.9679
spk_ver/v12/v1202	SES189	-2.40037	16.3398	18.7402
spk_ver/v12/v1203	SES143	0.386257	19.1176	18.7313
spk_ver/v12/v1204	SES189	-2.59187	16.5624	19.1542
spk_ver/v12/v1205	SES189	-2.31357	19.3027	21.6163
spk_ver/v12/v1206	SES189	-4.86038	12.471	17.3314
spk_ver/v12/v1207	SES189	-3.94093	15.1471	19.088
spk_ver/v12/v1208	SES189	-4.06064	18.6989	22.7596
spk_ver/v12/v1209	SES189	-5.65978	12.1165	17.7762
spk_ver/v12/v1210	SES189	-0.458385	19.077	19.5353
spk_ver/v12/v1211	SES062	1.69677	22.8997	21.2029
spk_ver/v12/v1212	SES189	-3.10971	16.8426	19.9523
spk_ver/v12/v1213	SES048	1.69516	21.7872	20.092
spk_ver/v12/v1214	SES042	3.24746	24.2381	20.9907
spk_ver/v12/v1215	SES008	2.41744	22.2982	19.8808
spk_ver/v12/v1216	SES202	-5.67604	16.081	21.7571
spk_ver/v12/v1217	SES202	-2.98955	14.8983	17.8879
spk_ver/v12/v1218	SES085	1.16452	23.283	22.1185
spk_ver/v12/v1219	SES202	-2.49732	17.6633	20.1606
spk_ver/v12/v1220	SES202	-2.56279	18.2987	20.8615
spk_ver/v12/v1221	SES202	-1.62679	17.3413	18.9681
spk_ver/v12/v1222	SES202	-7.46348	12.0568	19.5203
spk_ver/v12/v1223	SES158	1.20174	20.6942	19.4925
spk_ver/v12/v1224	SES202	-2.51996	16.5368	19.0568
spk_ver/v12/v1225	SES202	-3.60317	15.5465	19.1497
spk_ver/v12/v1226	SES202	-3.69221	17.1388	20.831
spk_ver/v12/v1227	SES202	-3.47482	16.0221	19.4969
spk_ver/v12/v1228	SES177	1.20098	21.3876	20.1866
spk_ver/v12/v1229	SES202	-4.41872	16.2851	20.7038
spk_ver/v12/v1230	SES202	-2.47841	17.5052	19.9836
spk_ver/v12/v1231	SES202	-4.03856	16.194	20.2326
spk_ver/v12/v1232	SES202	-3.24039	14.1429	17.3833
spk_ver/v12/v1233	SES206	1.39686	23.2965	21.8996
spk_ver/v12/v1234	SES202	-5.69374	11.3686	17.0623
spk_ver/v12/v1235	SES202	-2.6366	18.128	20.7646
spk_ver/v12/v1236	SES125	2.05016	21.3078	19.2576
spk_ver/v12/v1237	SES127	1.34318	21.6793	20.3361
spk_ver/v12/v1238	SES202	2.72726	20.8176	18.0904
spk_ver/v12/v1239	SES167	1.95751	22.2378	20.2803
spk_ver/v12/v1240	SES206	-8.30963	9.12984	17.4395
spk_ver/v12/v1241	SES206	-7.30229	11.9348	19.2371
spk_ver/v12/v1242	SES206	-1.21541	20.3652	21.5806
spk_ver/v12/v1243	SES206	-2.97514	16.6585	19.6336
spk_ver/v12/v1244	SES259	3.2389	22.452	19.2131
spk_ver/v12/v1245	SES206	-4.15041	15.9692	20.1196
spk_ver/v12/v1246	SES206	-3.54771	17.1395	20.6872
spk_ver/v12/v1247	SES206	-1.7088	18.1492	19.858
spk_ver/v12/v1248	SES206	-9.02952	8.79634	17.8259
spk_ver/v12/v1249	SES270	3.02089	20.9089	17.888
spk_ver/v12/v1250	SES206	-5.00164	13.9946	18.9962
spk_ver/v12/v1251	SES206	-2.93456	17.6965	20.6311
spk_ver/v12/v1252	SES206	-3.56964	15.5069	19.0766
spk_ver/v12/v1253	SES206	-1.36765	19.2325	20.6002
spk_ver/v12/v1254	SES206	-2.31307	16.3731	18.6861
spk_ver/v12/v1255	SES125	2.37764	21.9932	19.6156
spk_ver/v12/v1256	SES206	-6.77411	14.3445	21.1186
spk_ver/v12/v1257	SES206	-5.02828	15.4946	20.5229
spk_ver/v12/v1258	SES206	-2.36841	18.0589	20.4273
spk_ver/v12/v1259	SES206	-6.72387	13.1909	19.9147
spk_ver/v12/v1260	SES206	-11.2495	8.07209	19.3216
spk_ver/v12/v1261	SES206	-5.63454	15.5774	21.2119
spk_ver/v12/v1262	SES206	-8.06199	11.557	19.619
spk_ver/v12/v1263	SES206	-3.44178	16.4409	19.8827
spk_ver/v12/v1264	SES149	1.95169	21.9061	19.9544
spk_ver/v12/v1265	SES206	-0.917395	16.0405	16.9579
spk_ver/v12/v1266	SES206	-8.99318	10.5077	19.5009
spk_ver/v12/v1267	SES206	-1.30262	14.3625	15.6652
spk_ver/v12/v1268	SES206	-3.0891	15.1934	18.2825
spk_ver/v12/v1269	SES206	-20.1472	-2.95515	17.192
spk_ver/v12/v1270	SES206	-9.05903	7.13301	16.192
spk_ver/v12/v1271	SES226	-9.12023	9.08349	18.2037
spk_ver/v12/v1272	SES226	-1.7404	21.1117	22.8521
spk_ver/v12/v1273	SES226	-5.78996	15.4105	21.2005
spk_ver/v12/v1274	SES226	-5.24934	13.9252	19.1745
spk_ver/v12/v1275	SES226	-0.975594	17.0234	17.999
spk_ver/v12/v1276	SES226	-5.56626	13.4029	18.9692
spk_ver/v12/v1277	SES226	-1.23838	19.0408	20.2792
spk_ver/v12/v1278	SES226	-0.47831	18.6477	19.126
spk_ver/v12/v1279	SES226	-4.97936	16.4235	21.4029
spk_ver/v12/v1280	SES226	-3.30345	16.6708	19.9742
spk_ver/v12/v1281	SES226	-1.49348	18.3086	19.8021
spk_ver/v12/v1282	SES226	-3.01546	16.1469	19.1623
spk_ver/v12/v1283	SES143	1.35455	19.7035	18.3489
spk_ver/v12/v1284	SES226	-4.36464	17.2095	21.5741
spk_ver/v12/v1285	SES226	-1.34676	19.8571	21.2039
spk_ver/v12/v1286	SES226	-2.0611	16.0535	18.1146
spk_ver/v12/v1287	SES226	-3.07406	16.5158	19.5899
spk_ver/v12/v1288	SES226	-4.78851	15.2488	20.0373
spk_ver/v12/v1289	SES104	1.75924	21.2537	19.4945
spk_ver/v12/v1290	SES008	3.68389	22.012	18.3281
spk_ver/v12/v1291	SES226	-1.76655	18.1845	19.951
spk_ver/v12/v1292	SES259	-4.08095	15.0589	19.1398
spk_ver/v12/v1293	SES062	1.14804	22.3819	21.2338
spk_ver/v12/v1294	SES099	1.82364	20.4883	18.6646
spk_ver/v12/v1295	SES158	1.24138	18.846	17.6046
spk_ver/v12/v1296	SES259	-3.81909	17.9635	21.7826
spk_ver/v12/v1297	SES259	-5.62221	13.8274	19.4496
spk_ver/v12/v1298	SES259	-3.64047	17.4494	21.0899
spk_ver/v12/v1299	SES259	-4.48976	14.4433	18.9331
spk_ver/v13/v1300	SES120	1.68937	19.4612	17.7718
spk_ver/v13/v1301	SES259	-6.54732	13.3595	19.9069
spk_ver/v13/v1302	SES259	-5.92365	11.9339	17.8576
spk_ver/v13/v1303	SES129	1.94179	21.355	19.4132
spk_ver/v13/v1304	SES259	-2.91057	16.3974	19.308
spk_ver/v13/v1305	SES259	-7.47155	11.0595	18.5311
spk_ver/v13/v1306	SES106	1.24967	21.0232	19.7735
spk_ver/v13/v1307	SES259	-5.7216	13.9716	19.6932
spk_ver/v13/v1308	SES259	-2.55564	16.6732	19.2289
spk_ver/v13/v1309	SES259	-4.72495	16.0036	20.7286
spk_ver/v13/v1310	SES259	-5.12285	16.4542	21.577
spk_ver/v13/v1311	SES259	-4.14897	15.6033	19.7522
spk_ver/v13/v1312	SES259	-4.14058	17.1392	21.2798
spk_ver/v13/v1313	SES144	1.02185	21.0536	20.0317
spk_ver/v13/v1314	SES259	-5.25948	14.4512	19.7106
spk_ver/v13/v1315	SES162	1.7554	20.6734	18.918
spk_ver/v13/v1316	SES206	1.27547	22.4038	21.1283
spk_ver/v13/v1317	SES175	1.10036	20.489	19.3886
spk_ver/v13/v1318	SES259	-7.57428	10.5842	18.1585
spk_ver/v13/v1319	SES259	-6.76467	12.182	18.9467
spk_ver/v13/v1320	SES270	-0.841015	19.6747	20.5157
spk_ver/v13/v1321	SES101	0.915949	21.1898	20.2739
spk_ver/v13/v1322	SES177	1.0186	22.428	21.4094
spk_ver/v13/v1323	SES127	1.25076	23.0346	21.7838
spk_ver/v13/v1324	SES270	-5.23102	14.1684	19.3994
spk_ver/v13/v1325	SES062	1.00418	22.0475	21.0434
spk_ver/v13/v1326	SES270	0.359501	18.604	18.2445
spk_ver/v13/v1327	SES120	0.956326	17.753	16.7967
spk_ver/v13/v1328	SES270	-5.14085	12.7984	17.9392
spk_ver/v13/v1329	SES270	-4.86235	16.7925	21.6548
spk_ver/v13/v1330	SES270	-0.234594	18.8928	19.1274
spk_ver/v13/v1331	SES270	-5.26321	16.5566	21.8198
spk_ver/v13/v1332	SES270	-1.08899	20.4872	21.5762
spk_ver/v13/v1333	SES270	-2.76424	16.6486	19.4129
spk_ver/v13/v1334	SES270	-3.54201	16.6687	20.2107
spk_ver/v13/v1335	SES270	-0.246107	19.6731	19.9192
spk_ver/v13/v1336	SES270	-1.83431	18.2212	20.0555
spk_ver/v13/v1337	SES016	1.8505	22.1438	20.2933
spk_ver/v13/v1338	SES270	-5.33313	16.7883	22.1215
spk_ver/v13/v1339	SES002	1.0421	22.3434	21.3013
spk_ver/v13/v1340	SES105	2.558	20.2074	17.6494
spk_ver/v13/v1341	SES275	-3.70441	15.1341	18.8385
spk_ver/v13/v1342	SES187	0.715677	20.5905	19.8748
spk_ver/v13/v1343	SES275	-3.49704	14.9841	18.4811
spk_ver/v13/v1344	SES275	-3.95133	14.742	18.6934
spk_ver/v13/v1345	SES275	-2.41192	16.5132	18.9251
spk_ver/v13/v1346	SES275	-5.74658	14.6195	20.3661
spk_ver/v13/v1347	SES275	-3.32169	16.3949	19.7166
spk_ver/v13/v1348	SES180	0.741158	21.3535	20.6124
spk_ver/v13/v1349	SES275	-4.1625	12.5591	16.7216
spk_ver/v13/v1350	SES275	-1.67862	19.0075	20.6861
spk_ver/v13/v1351	SES275	-5.94288	9.64883	15.5917
spk_ver/v13/v1352	SES275	-2.54976	17.624	20.1738
spk_ver/v13/v1353	SES275	-2.1232	14.0167	16.1399
spk_ver/v13/v1354	SES189	1.32337	17.0452	15.7219
spk_ver/v13/v1355	SES068	0.724632	22.0079	21.2832
spk_ver/v13/v1356	SES275	-2.97273	13.8485	16.8213
spk_ver/v13/v1357	SES048	0.293623	19.927	19.6334
spk_ver/v13/v1358	SES226	2.28864	24.3499	22.0612
spk_ver/v13/v1359	SES016	1.15944	21.8594	20.6999
spk_ver/v13/v1360	SES275	-2.94338	16.7872	19.7305
spk_ver/v13/v1361	SES068	1.27849	22.4782	21.1997
spk_ver/v13/v1362	SES275	-3.76402	15.0901	18.8541
spk_ver/v13/v1363	SES275	-3.88841	15.8612	19.7496
spk_ver/v13/v1364	SES275	-5.28241	13.2945	18.577
spk_ver/v13/v1365	SES275	-2.52415	17.4101	19.9342
spk_ver/v13/v1366	SES187	1.08829	22.0754	20.9871
spk_ver/v13/v1367	SES275	-4.15554	13.5682	17.7237
spk_ver/v13/v1368	SES125	1.5594	21.159	19.5996
spk_ver/v13/v1369	SES275	-2.1093	13.56	15.6693
spk_ver/v13/v1370	SES292	-2.63582	16.8509	19.4867
spk_ver/v13/v1371	SES292	-1.60721	18.3554	19.9626
spk_ver/v13/v1372	SES292	-2.19329	15.5833	17.7766
spk_ver/v13/v1373	SES292	-1.86269	17.6631	19.5258
spk_ver/v13/v1374	SES101	1.78745	21.1498	19.3624
spk_ver/v13/v1375	SES292	-2.62936	17.0755	19.7049
spk_ver/v13/v1376	SES292	-2.00446	17.4121	19.4165
spk_ver/v13/v1377	SES292	-5.70008	11.6617	17.3618
spk_ver/v13/v1378	SES292	-1.06693	18.4131	19.4801
spk_ver/v13/v1379	SES292	-1.30428	17.4441	18.7484
spk_ver/v13/v1380	SES292	-1.94899	18.3037	20.2527
spk_ver/v13/v1381	SES292	-1.31035	21.6381	22.9485
spk_ver/v13/v1382	SES292	-2.78819	16.0171	18.8053
spk_ver/v13/v1383	SES292	-1.71438	17.257	18.9714
spk_ver/v13/v1384	SES292	-1.18483	19.1523	20.3371
spk_ver/v13/v1385	SES292	-1.59671	18.7864	20.3831
spk_ver/v13/v1386	SES292	-1.4993	17.0489	18.5482
spk_ver/v13/v1387	SES158	2.70387	18.9162	16.2123
spk_ver/v13/v1388	SES292	-1.31063	20.9629	22.2735
spk_ver/v13/v1389	SES292	-1.13931	22.3512	23.4905
spk_ver/v13/v1390	SES292	-1.7464	19.7608	21.5072
spk_ver/v13/v1391	SES292	-2.48545	17.5335	20.0189
spk_ver/v13/v1392	SES292	-2.64001	16.4378	19.0778
spk_ver/v13/v1393	SES292	-2.28965	18.0519	20.3415
spk_ver/v13/v1394	SES292	-4.05977	15.869	19.9287
spk_ver/v13/v1395	SES292	-1.8586	18.217	20.0756
spk_ver/v13/v1396	SES117	1.18594	19.0549	17.869
spk_ver/v13/v1397	SES292	-3.09564	17.8369	20.9326
spk_ver/v13/v1398	SES292	-3.278	14.1622	17.4402
spk_ver/v13/v1399	SES292	-0.595657	18.8765	19.4722
