BLOCK00/SES002/SA002S12	SES002	1e+38	-54.977	-1e+38
BLOCK00/SES002/SA002S13	SES002	1e+38	-54.3836	-1e+38
BLOCK00/SES002/SA002S23	SES002	1e+38	-54.2495	-1e+38
BLOCK00/SES002/SA002S26	SES002	1e+38	-53.8811	-1e+38
BLOCK00/SES002/SA002S28	SES002	1e+38	-55.871	-1e+38
BLOCK00/SES007/SA007S14	SES007	1e+38	-55.1846	-1e+38
BLOCK00/SES007/SA007S15	SES007	1e+38	-57.4424	-1e+38
BLOCK00/SES007/SA007S24	SES007	1e+38	-57.1847	-1e+38
BLOCK00/SES007/SA007S27	SES007	1e+38	-57.5755	-1e+38
BLOCK00/SES007/SA007S29	SES007	1e+38	-56.5802	-1e+38
BLOCK00/SES008/SA008S11	SES008	1e+38	-56.5223	-1e+38
BLOCK00/SES008/SA008S12	SES008	1e+38	-57.421	-1e+38
BLOCK00/SES008/SA008S19	SES008	1e+38	-55.4768	-1e+38
BLOCK00/SES008/SA008S22	SES008	1e+38	-57.1892	-1e+38
BLOCK00/SES008/SA008S29	SES008	1e+38	-55.9987	-1e+38
BLOCK01/SES014/SA014S10	SES014	1e+38	-55.1401	-1e+38
BLOCK01/SES014/SA014S12	SES014	1e+38	-52.4504	-1e+38
BLOCK01/SES014/SA014S24	SES014	1e+38	-54.656	-1e+38
BLOCK01/SES014/SA014S26	SES014	1e+38	-51.2667	-1e+38
BLOCK01/SES014/SA014S28	SES014	1e+38	-52.7549	-1e+38
BLOCK01/SES016/SA016S12	SES016	1e+38	-59.5726	-1e+38
BLOCK01/SES016/SA016S13	SES016	1e+38	-57.176	-1e+38
BLOCK01/SES016/SA016S22	SES016	1e+38	-57.9772	-1e+38
BLOCK01/SES016/SA016S25	SES016	1e+38	-55.0547	-1e+38
BLOCK01/SES016/SA016S27	SES016	1e+38	-56.1024	-1e+38
BLOCK01/SES019/SA019S13	SES019	1e+38	-55.655	-1e+38
BLOCK01/SES019/SA019S14	SES019	1e+38	-55.4128	-1e+38
BLOCK01/SES019/SA019S22	SES019	1e+38	-55.0783	-1e+38
BLOCK01/SES019/SA019S25	SES019	1e+38	-55.7066	-1e+38
BLOCK01/SES019/SA019S29	SES019	1e+38	-54.9361	-1e+38
BLOCK02/SES029/SA029S11	SES029	1e+38	-56.5979	-1e+38
BLOCK02/SES029/SA029S12	SES029	1e+38	-57.3934	-1e+38
BLOCK02/SES029/SA029S20	SES029	1e+38	-58.0962	-1e+38
BLOCK02/SES029/SA029S25	SES029	1e+38	-56.8134	-1e+38
BLOCK02/SES029/SA029S28	SES029	1e+38	-56.6892	-1e+38
BLOCK04/SES042/SA042S12	SES042	1e+38	-53.45	-1e+38
BLOCK04/SES042/SA042S15	SES042	1e+38	-54.4349	-1e+38
BLOCK04/SES042/SA042S22	SES042	1e+38	-51.363	-1e+38
BLOCK04/SES042/SA042S25	SES042	1e+38	-54.5229	-1e+38
BLOCK04/SES042/SA042S27	SES042	1e+38	-53.0501	-1e+38
BLOCK04/SES048/SA048S11	SES048	1e+38	-56.1089	-1e+38
BLOCK04/SES048/SA048S12	SES048	1e+38	-56.619	-1e+38
BLOCK04/SES048/SA048S20	SES048	1e+38	-55.7947	-1e+38
BLOCK04/SES048/SA048S23	SES048	1e+38	-56.6876	-1e+38
BLOCK04/SES048/SA048S27	SES048	1e+38	-55.3188	-1e+38
BLOCK06/SES060/SA060S11	SES060	1e+38	-57.0873	-1e+38
BLOCK06/SES060/SA060S12	SES060	1e+38	-59.0615	-1e+38
BLOCK06/SES060/SA060S22	SES060	1e+38	-59.1097	-1e+38
BLOCK06/SES060/SA060S24	SES060	1e+38	-56.6482	-1e+38
BLOCK06/SES060/SA060S28	SES060	1e+38	-54.2968	-1e+38
BLOCK06/SES062/SA062S10	SES062	1e+38	-55.4951	-1e+38
BLOCK06/SES062/SA062S11	SES062	1e+38	-56.0272	-1e+38
BLOCK06/SES062/SA062S21	SES062	1e+38	-53.4841	-1e+38
BLOCK06/SES062/SA062S26	SES062	1e+38	-55.5364	-1e+38
BLOCK06/SES062/SA062S29	SES062	1e+38	-54.5682	-1e+38
BLOCK06/SES068/SA068S14	SES068	1e+38	-56.8435	-1e+38
BLOCK06/SES068/SA068S15	SES068	1e+38	-55.4509	-1e+38
BLOCK06/SES068/SA068S23	SES068	1e+38	-57.9511	-1e+38
BLOCK06/SES068/SA068S27	SES068	1e+38	-55.5264	-1e+38
BLOCK06/SES068/SA068S29	SES068	1e+38	-56.4037	-1e+38
BLOCK08/SES082/SA082S12	SES082	1e+38	-56.7508	-1e+38
BLOCK08/SES082/SA082S14	SES082	1e+38	-57.4867	-1e+38
BLOCK08/SES082/SA082S21	SES082	1e+38	-56.6642	-1e+38
BLOCK08/SES082/SA082S24	SES082	1e+38	-56.1223	-1e+38
BLOCK08/SES082/SA082S28	SES082	1e+38	-56.6684	-1e+38
BLOCK08/SES083/SA083S14	SES083	1e+38	-57.8573	-1e+38
BLOCK08/SES083/SA083S15	SES083	1e+38	-56.6973	-1e+38
BLOCK08/SES083/SA083S24	SES083	1e+38	-57.2081	-1e+38
BLOCK08/SES083/SA083S26	SES083	1e+38	-57.0352	-1e+38
BLOCK08/SES083/SA083S29	SES083	1e+38	-57.1067	-1e+38
BLOCK08/SES085/SA085S10	SES085	1e+38	-57.4449	-1e+38
BLOCK08/SES085/SA085S13	SES085	1e+38	-57.7131	-1e+38
BLOCK08/SES085/SA085S22	SES085	1e+38	-61.7679	-1e+38
BLOCK08/SES085/SA085S26	SES085	1e+38	-58.1538	-1e+38
BLOCK08/SES085/SA085S28	SES085	1e+38	-57.0712	-1e+38
BLOCK08/SES087/SA087S15	SES087	1e+38	-55.3204	-1e+38
BLOCK08/SES087/SA087S16	SES087	1e+38	-55.0019	-1e+38
BLOCK08/SES087/SA087S24	SES087	1e+38	-54.6551	-1e+38
BLOCK08/SES087/SA087S26	SES087	1e+38	-53.8781	-1e+38
BLOCK08/SES087/SA087S29	SES087	1e+38	-55.2243	-1e+38
BLOCK09/SES099/SA099S15	SES099	1e+38	-55.9738	-1e+38
BLOCK09/SES099/SA099S16	SES099	1e+38	-55.6457	-1e+38
BLOCK09/SES099/SA099S24	SES099	1e+38	-55.2008	-1e+38
BLOCK09/SES099/SA099S26	SES099	1e+38	-55.3019	-1e+38
BLOCK09/SES099/SA099S29	SES099	1e+38	-54.9051	-1e+38
BLOCK10/SES101/SA101S11	SES101	1e+38	-56.962	-1e+38
BLOCK10/SES101/SA101S13	SES101	1e+38	-56.0296	-1e+38
BLOCK10/SES101/SA101S22	SES101	1e+38	-57.803	-1e+38
BLOCK10/SES101/SA101S24	SES101	1e+38	-56.858	-1e+38
BLOCK10/SES101/SA101S28	SES101	1e+38	-58.4094	-1e+38
BLOCK10/SES104/SA104S11	SES104	1e+38	-54.7145	-1e+38
BLOCK10/SES104/SA104S12	SES104	1e+38	-55.0616	-1e+38
BLOCK10/SES104/SA104S21	SES104	1e+38	-55.7375	-1e+38
BLOCK10/SES104/SA104S24	SES104	1e+38	-55.8899	-1e+38
BLOCK10/SES104/SA104S28	SES104	1e+38	-55.1472	-1e+38
BLOCK10/SES105/SA105S12	SES105	1e+38	-57.9239	-1e+38
BLOCK10/SES105/SA105S13	SES105	1e+38	-57.7147	-1e+38
BLOCK10/SES105/SA105S22	SES105	1e+38	-58.0559	-1e+38
BLOCK10/SES105/SA105S26	SES105	1e+38	-57.3808	-1e+38
BLOCK10/SES105/SA105S29	SES105	1e+38	-57.6285	-1e+38
BLOCK10/SES106/SA106S09	SES106	1e+38	-57.0789	-1e+38
BLOCK10/SES106/SA106S11	SES106	1e+38	-54.9059	-1e+38
BLOCK10/SES106/SA106S22	SES106	1e+38	-54.8038	-1e+38
BLOCK10/SES106/SA106S27	SES106	1e+38	-56.3453	-1e+38
BLOCK10/SES106/SA106S29	SES106	1e+38	-55.6424	-1e+38
BLOCK11/SES117/SA117S12	SES117	1e+38	-59.3561	-1e+38
BLOCK11/SES117/SA117S13	SES117	1e+38	-57.5623	-1e+38
BLOCK11/SES117/SA117S23	SES117	1e+38	-59.5908	-1e+38
BLOCK11/SES117/SA117S25	SES117	1e+38	-58.0869	-1e+38
BLOCK11/SES117/SA117S28	SES117	1e+38	-58.7912	-1e+38
BLOCK12/SES120/SA120S08	SES120	1e+38	-58.5164	-1e+38
BLOCK12/SES120/SA120S11	SES120	1e+38	-59.9605	-1e+38
BLOCK12/SES120/SA120S22	SES120	1e+38	-57.6995	-1e+38
BLOCK12/SES120/SA120S24	SES120	1e+38	-57.9237	-1e+38
BLOCK12/SES120/SA120S28	SES120	1e+38	-59.7922	-1e+38
BLOCK12/SES125/SA125S13	SES125	1e+38	-54.3579	-1e+38
BLOCK12/SES125/SA125S14	SES125	1e+38	-55.4271	-1e+38
BLOCK12/SES125/SA125S25	SES125	1e+38	-54.5103	-1e+38
BLOCK12/SES125/SA125S27	SES125	1e+38	-53.661	-1e+38
BLOCK12/SES125/SA125S29	SES125	1e+38	-55.1697	-1e+38
BLOCK12/SES127/SA127S11	SES127	1e+38	-57.46	-1e+38
BLOCK12/SES127/SA127S12	SES127	1e+38	-57.607	-1e+38
BLOCK12/SES127/SA127S23	SES127	1e+38	-57.4202	-1e+38
BLOCK12/SES127/SA127S25	SES127	1e+38	-58.5222	-1e+38
BLOCK12/SES127/SA127S27	SES127	1e+38	-57.112	-1e+38
BLOCK12/SES129/SA129S11	SES129	1e+38	-55.9674	-1e+38
BLOCK12/SES129/SA129S12	SES129	1e+38	-56.0949	-1e+38
BLOCK12/SES129/SA129S22	SES129	1e+38	-56.5814	-1e+38
BLOCK12/SES129/SA129S27	SES129	1e+38	-55.1438	-1e+38
BLOCK12/SES129/SA129S29	SES129	1e+38	-54.869	-1e+38
BLOCK14/SES142/SA142S11	SES142	1e+38	-57.1396	-1e+38
BLOCK14/SES142/SA142S12	SES142	1e+38	-58.5657	-1e+38
BLOCK14/SES142/SA142S24	SES142	1e+38	-56.9051	-1e+38
BLOCK14/SES142/SA142S27	SES142	1e+38	-56.6516	-1e+38
BLOCK14/SES142/SA142S29	SES142	1e+38	-55.768	-1e+38
BLOCK14/SES143/SA143S12	SES143	1e+38	-58.0445	-1e+38
BLOCK14/SES143/SA143S13	SES143	1e+38	-58.2093	-1e+38
BLOCK14/SES143/SA143S23	SES143	1e+38	-57.9378	-1e+38
BLOCK14/SES143/SA143S25	SES143	1e+38	-57.9563	-1e+38
BLOCK14/SES143/SA143S28	SES143	1e+38	-56.9749	-1e+38
BLOCK14/SES144/SA144S09	SES144	1e+38	-57.2509	-1e+38
BLOCK14/SES144/SA144S11	SES144	1e+38	-58.1442	-1e+38
BLOCK14/SES144/SA144S21	SES144	1e+38	-58.3117	-1e+38
BLOCK14/SES144/SA144S25	SES144	1e+38	-58.3067	-1e+38
BLOCK14/SES144/SA144S29	SES144	1e+38	-57.8987	-1e+38
BLOCK14/SES146/SA146S14	SES146	1e+38	-57.795	-1e+38
BLOCK14/SES146/SA146S15	SES146	1e+38	-58.1327	-1e+38
BLOCK14/SES146/SA146S24	SES146	1e+38	-58.0979	-1e+38
BLOCK14/SES146/SA146S26	SES146	1e+38	-57.9423	-1e+38
BLOCK14/SES146/SA146S29	SES146	1e+38	-58.3825	-1e+38
BLOCK14/SES147/SA147S11	SES147	1e+38	-58.4363	-1e+38
BLOCK14/SES147/SA147S13	SES147	1e+38	-56.0229	-1e+38
BLOCK14/SES147/SA147S23	SES147	1e+38	-58.1103	-1e+38
BLOCK14/SES147/SA147S26	SES147	1e+38	-57.7987	-1e+38
BLOCK14/SES147/SA147S28	SES147	1e+38	-56.7344	-1e+38
BLOCK14/SES148/SA148S10	SES148	1e+38	-56.5947	-1e+38
BLOCK14/SES148/SA148S12	SES148	1e+38	-58.1123	-1e+38
BLOCK14/SES148/SA148S22	SES148	1e+38	-55.8641	-1e+38
BLOCK14/SES148/SA148S26	SES148	1e+38	-56.7827	-1e+38
BLOCK14/SES148/SA148S29	SES148	1e+38	-57.4816	-1e+38
BLOCK14/SES149/SA149S13	SES149	1e+38	-57.3806	-1e+38
BLOCK14/SES149/SA149S14	SES149	1e+38	-56.9158	-1e+38
BLOCK14/SES149/SA149S24	SES149	1e+38	-56.0588	-1e+38
BLOCK14/SES149/SA149S26	SES149	1e+38	-54.9896	-1e+38
BLOCK14/SES149/SA149S28	SES149	1e+38	-54.3326	-1e+38
BLOCK15/SES158/SA158S13	SES158	1e+38	-56.4268	-1e+38
BLOCK15/SES158/SA158S14	SES158	1e+38	-55.6276	-1e+38
BLOCK15/SES158/SA158S23	SES158	1e+38	-55.8811	-1e+38
BLOCK15/SES158/SA158S26	SES158	1e+38	-55.568	-1e+38
BLOCK15/SES158/SA158S28	SES158	1e+38	-56.622	-1e+38
BLOCK16/SES162/SA162S10	SES162	1e+38	-58.5064	-1e+38
BLOCK16/SES162/SA162S11	SES162	1e+38	-56.9563	-1e+38
BLOCK16/SES162/SA162S21	SES162	1e+38	-57.195	-1e+38
BLOCK16/SES162/SA162S24	SES162	1e+38	-57.1676	-1e+38
BLOCK16/SES162/SA162S27	SES162	1e+38	-57.7855	-1e+38
BLOCK16/SES167/SA167S14	SES167	1e+38	-56.0927	-1e+38
BLOCK16/SES167/SA167S15	SES167	1e+38	-56.6883	-1e+38
BLOCK16/SES167/SA167S21	SES167	1e+38	-56.2844	-1e+38
BLOCK16/SES167/SA167S25	SES167	1e+38	-56.8047	-1e+38
BLOCK16/SES167/SA167S29	SES167	1e+38	-55.2161	-1e+38
BLOCK17/SES172/SA172S12	SES172	1e+38	-56.7663	-1e+38
BLOCK17/SES172/SA172S13	SES172	1e+38	-57.4074	-1e+38
BLOCK17/SES172/SA172S23	SES172	1e+38	-56.5978	-1e+38
BLOCK17/SES172/SA172S27	SES172	1e+38	-57.2205	-1e+38
BLOCK17/SES172/SA172S29	SES172	1e+38	-56.4267	-1e+38
BLOCK17/SES175/SA175S11	SES175	1e+38	-56.8806	-1e+38
BLOCK17/SES175/SA175S13	SES175	1e+38	-57.0025	-1e+38
BLOCK17/SES175/SA175S23	SES175	1e+38	-56.8601	-1e+38
BLOCK17/SES175/SA175S25	SES175	1e+38	-58.8879	-1e+38
BLOCK17/SES175/SA175S28	SES175	1e+38	-56.4958	-1e+38
BLOCK17/SES177/SA177S15	SES177	1e+38	-57.7526	-1e+38
BLOCK17/SES177/SA177S17	SES177	1e+38	-57.2474	-1e+38
BLOCK17/SES177/SA177S23	SES177	1e+38	-57.9317	-1e+38
BLOCK17/SES177/SA177S26	SES177	1e+38	-55.7349	-1e+38
BLOCK17/SES177/SA177S28	SES177	1e+38	-56.434	-1e+38
BLOCK18/SES180/SA180S13	SES180	1e+38	-57.7002	-1e+38
BLOCK18/SES180/SA180S15	SES180	1e+38	-58.2042	-1e+38
BLOCK18/SES180/SA180S24	SES180	1e+38	-56.3122	-1e+38
BLOCK18/SES180/SA180S26	SES180	1e+38	-56.5853	-1e+38
BLOCK18/SES180/SA180S29	SES180	1e+38	-57.6632	-1e+38
BLOCK18/SES183/SA183S13	SES183	1e+38	-57.706	-1e+38
BLOCK18/SES183/SA183S14	SES183	1e+38	-58.571	-1e+38
BLOCK18/SES183/SA183S24	SES183	1e+38	-58.6272	-1e+38
BLOCK18/SES183/SA183S27	SES183	1e+38	-57.3546	-1e+38
BLOCK18/SES183/SA183S29	SES183	1e+38	-56.9078	-1e+38
BLOCK18/SES187/SA187S13	SES187	1e+38	-57.9798	-1e+38
BLOCK18/SES187/SA187S14	SES187	1e+38	-58.3761	-1e+38
BLOCK18/SES187/SA187S24	SES187	1e+38	-57.3108	-1e+38
BLOCK18/SES187/SA187S27	SES187	1e+38	-57.4064	-1e+38
BLOCK18/SES187/SA187S29	SES187	1e+38	-58.0334	-1e+38
BLOCK18/SES189/SA189S10	SES189	1e+38	-59.2962	-1e+38
BLOCK18/SES189/SA189S13	SES189	1e+38	-59.1661	-1e+38
BLOCK18/SES189/SA189S24	SES189	1e+38	-58.6538	-1e+38
BLOCK18/SES189/SA189S26	SES189	1e+38	-58.2273	-1e+38
BLOCK18/SES189/SA189S29	SES189	1e+38	-58.2919	-1e+38
BLOCK20/SES202/SA202S12	SES202	1e+38	-58.0621	-1e+38
BLOCK20/SES202/SA202S14	SES202	1e+38	-55.7799	-1e+38
BLOCK20/SES202/SA202S24	SES202	1e+38	-57.6757	-1e+38
BLOCK20/SES202/SA202S27	SES202	1e+38	-55.5968	-1e+38
BLOCK20/SES202/SA202S29	SES202	1e+38	-55.5606	-1e+38
BLOCK20/SES206/SA206S15	SES206	1e+38	-56.0584	-1e+38
BLOCK20/SES206/SA206S17	SES206	1e+38	-54.0151	-1e+38
BLOCK20/SES206/SA206S24	SES206	1e+38	-54.5594	-1e+38
BLOCK20/SES206/SA206S27	SES206	1e+38	-54.9172	-1e+38
BLOCK20/SES206/SA206S29	SES206	1e+38	-54.053	-1e+38
BLOCK22/SES226/SA226S12	SES226	1e+38	-55.9581	-1e+38
BLOCK22/SES226/SA226S13	SES226	1e+38	-57.1274	-1e+38
BLOCK22/SES226/SA226S20	SES226	1e+38	-56.2885	-1e+38
BLOCK22/SES226/SA226S23	SES226	1e+38	-55.5513	-1e+38
BLOCK22/SES226/SA226S28	SES226	1e+38	-55.3396	-1e+38
BLOCK25/SES259/SA259S13	SES259	1e+38	-53.646	-1e+38
BLOCK25/SES259/SA259S14	SES259	1e+38	-54.8813	-1e+38
BLOCK25/SES259/SA259S22	SES259	1e+38	-55.3376	-1e+38
BLOCK25/SES259/SA259S24	SES259	1e+38	-53.8051	-1e+38
BLOCK25/SES259/SA259S28	SES259	1e+38	-54.5738	-1e+38
BLOCK27/SES270/SA270S14	SES270	1e+38	-55.6365	-1e+38
BLOCK27/SES270/SA270S16	SES270	1e+38	-56.4665	-1e+38
BLOCK27/SES270/SA270S22	SES270	1e+38	-55.3198	-1e+38
BLOCK27/SES270/SA270S26	SES270	1e+38	-56.7594	-1e+38
BLOCK27/SES270/SA270S28	SES270	1e+38	-55.6531	-1e+38
BLOCK27/SES275/SA275S17	SES275	1e+38	-57.5918	-1e+38
BLOCK27/SES275/SA275S18	SES275	1e+38	-57.7888	-1e+38
BLOCK27/SES275/SA275S24	SES275	1e+38	-58.4648	-1e+38
BLOCK27/SES275/SA275S26	SES275	1e+38	-56.8478	-1e+38
BLOCK27/SES275/SA275S28	SES275	1e+38	-57.4191	-1e+38
BLOCK29/SES292/SA292S10	SES292	1e+38	-57.9413	-1e+38
BLOCK29/SES292/SA292S12	SES292	1e+38	-58.9256	-1e+38
BLOCK29/SES292/SA292S22	SES292	1e+38	-56.4277	-1e+38
BLOCK29/SES292/SA292S24	SES292	1e+38	-57.2879	-1e+38
BLOCK29/SES292/SA292S27	SES292	1e+38	-57.4222	-1e+38
BLOCK00/SES001/SA001S14	SES062	1e+38	-59.9938	-1e+38
BLOCK00/SES001/SA001S14	SES082	1e+38	-61.3903	-1e+38
BLOCK00/SES001/SA001S14	SES106	1e+38	-62.8696	-1e+38
BLOCK00/SES001/SA001S14	SES206	1e+38	-63.137	-1e+38
BLOCK00/SES001/SA001S15	SES062	1e+38	-59.3326	-1e+38
BLOCK00/SES001/SA001S15	SES104	1e+38	-60.9814	-1e+38
BLOCK00/SES001/SA001S15	SES106	1e+38	-60.7457	-1e+38
BLOCK00/SES001/SA001S15	SES206	1e+38	-61.4485	-1e+38
BLOCK00/SES001/SA001S24	SES062	1e+38	-60.2881	-1e+38
BLOCK00/SES001/SA001S24	SES082	1e+38	-61.521	-1e+38
BLOCK00/SES001/SA001S24	SES087	1e+38	-63.0522	-1e+38
BLOCK00/SES001/SA001S24	SES206	1e+38	-61.2774	-1e+38
BLOCK00/SES001/SA001S27	SES062	1e+38	-59.2147	-1e+38
BLOCK00/SES001/SA001S27	SES082	1e+38	-60.2689	-1e+38
BLOCK00/SES001/SA001S27	SES087	1e+38	-61.3677	-1e+38
BLOCK00/SES001/SA001S27	SES206	1e+38	-60.7922	-1e+38
BLOCK00/SES001/SA001S29	SES062	1e+38	-61.0271	-1e+38
BLOCK00/SES001/SA001S29	SES082	1e+38	-61.1804	-1e+38
BLOCK00/SES001/SA001S29	SES158	1e+38	-61.0133	-1e+38
BLOCK00/SES001/SA001S29	SES206	1e+38	-62.9906	-1e+38
BLOCK00/SES003/SA003S11	SES002	1e+38	-59.3939	-1e+38
BLOCK00/SES003/SA003S11	SES019	1e+38	-59.0411	-1e+38
BLOCK00/SES003/SA003S11	SES082	1e+38	-57.9991	-1e+38
BLOCK00/SES003/SA003S11	SES125	1e+38	-59.2829	-1e+38
BLOCK00/SES003/SA003S15	SES016	1e+38	-61.178	-1e+38
BLOCK00/SES003/SA003S15	SES019	1e+38	-59.0638	-1e+38
BLOCK00/SES003/SA003S15	SES062	1e+38	-60.0984	-1e+38
BLOCK00/SES003/SA003S15	SES206	1e+38	-58.3627	-1e+38
BLOCK00/SES003/SA003S22	SES002	1e+38	-60.6882	-1e+38
BLOCK00/SES003/SA003S22	SES062	1e+38	-59.6728	-1e+38
BLOCK00/SES003/SA003S22	SES082	1e+38	-58.7864	-1e+38
BLOCK00/SES003/SA003S22	SES087	1e+38	-60.1578	-1e+38
BLOCK00/SES003/SA003S25	SES062	1e+38	-61.3565	-1e+38
BLOCK00/SES003/SA003S25	SES082	1e+38	-58.3787	-1e+38
BLOCK00/SES003/SA003S25	SES087	1e+38	-60.3941	-1e+38
BLOCK00/SES003/SA003S25	SES206	1e+38	-60.5706	-1e+38
BLOCK00/SES003/SA003S29	SES002	1e+38	-61.1282	-1e+38
BLOCK00/SES003/SA003S29	SES062	1e+38	-60.4755	-1e+38
BLOCK00/SES003/SA003S29	SES082	1e+38	-58.9731	-1e+38
BLOCK00/SES003/SA003S29	SES087	1e+38	-60.4889	-1e+38
BLOCK00/SES004/SA004S12	SES083	1e+38	-60.9567	-1e+38
BLOCK00/SES004/SA004S12	SES148	1e+38	-61.2087	-1e+38
BLOCK00/SES004/SA004S12	SES172	1e+38	-61.3819	-1e+38
BLOCK00/SES004/SA004S12	SES292	1e+38	-61.2357	-1e+38
BLOCK00/SES004/SA004S17	SES083	1e+38	-61.097	-1e+38
BLOCK00/SES004/SA004S17	SES162	1e+38	-60.8298	-1e+38
BLOCK00/SES004/SA004S17	SES172	1e+38	-60.8976	-1e+38
BLOCK00/SES004/SA004S17	SES292	1e+38	-61.1184	-1e+38
BLOCK00/SES004/SA004S24	SES083	1e+38	-60.4088	-1e+38
BLOCK00/SES004/SA004S24	SES148	1e+38	-60.6173	-1e+38
BLOCK00/SES004/SA004S24	SES172	1e+38	-59.9587	-1e+38
BLOCK00/SES004/SA004S24	SES292	1e+38	-60.1336	-1e+38
BLOCK00/SES004/SA004S26	SES083	1e+38	-59.532	-1e+38
BLOCK00/SES004/SA004S26	SES127	1e+38	-59.4998	-1e+38
BLOCK00/SES004/SA004S26	SES148	1e+38	-60.998	-1e+38
BLOCK00/SES004/SA004S26	SES292	1e+38	-60.0211	-1e+38
BLOCK00/SES004/SA004S28	SES083	1e+38	-59.4607	-1e+38
BLOCK00/SES004/SA004S28	SES127	1e+38	-60.1305	-1e+38
BLOCK00/SES004/SA004S28	SES187	1e+38	-59.7811	-1e+38
BLOCK00/SES004/SA004S28	SES292	1e+38	-60.3528	-1e+38
BLOCK00/SES006/SA006S10	SES014	1e+38	-62.7486	-1e+38
BLOCK00/SES006/SA006S10	SES158	1e+38	-61.041	-1e+38
BLOCK00/SES006/SA006S10	SES226	1e+38	-62.4205	-1e+38
BLOCK00/SES006/SA006S10	SES270	1e+38	-60.6026	-1e+38
BLOCK00/SES006/SA006S11	SES158	1e+38	-60.9755	-1e+38
BLOCK00/SES006/SA006S11	SES226	1e+38	-61.8258	-1e+38
BLOCK00/SES006/SA006S11	SES270	1e+38	-60.4799	-1e+38
BLOCK00/SES006/SA006S11	SES275	1e+38	-63.6815	-1e+38
BLOCK00/SES006/SA006S23	SES062	1e+38	-61.1132	-1e+38
BLOCK00/SES006/SA006S23	SES105	1e+38	-61.0048	-1e+38
BLOCK00/SES006/SA006S23	SES158	1e+38	-59.8096	-1e+38
BLOCK00/SES006/SA006S23	SES275	1e+38	-61.5311	-1e+38
BLOCK00/SES006/SA006S26	SES104	1e+38	-60.4086	-1e+38
BLOCK00/SES006/SA006S26	SES158	1e+38	-58.7675	-1e+38
BLOCK00/SES006/SA006S26	SES270	1e+38	-58.6802	-1e+38
BLOCK00/SES006/SA006S26	SES275	1e+38	-62.3158	-1e+38
BLOCK00/SES006/SA006S28	SES007	1e+38	-62.767	-1e+38
BLOCK00/SES006/SA006S28	SES105	1e+38	-62.3932	-1e+38
BLOCK00/SES006/SA006S28	SES158	1e+38	-61.0733	-1e+38
BLOCK00/SES006/SA006S28	SES275	1e+38	-63.4526	-1e+38
BLOCK00/SES009/SA009S12	SES083	1e+38	-59.3357	-1e+38
BLOCK00/SES009/SA009S12	SES148	1e+38	-59.518	-1e+38
BLOCK00/SES009/SA009S12	SES177	1e+38	-60.421	-1e+38
BLOCK00/SES009/SA009S12	SES292	1e+38	-58.142	-1e+38
BLOCK00/SES009/SA009S15	SES007	1e+38	-56.2808	-1e+38
BLOCK00/SES009/SA009S15	SES099	1e+38	-66.5874	-1e+38
BLOCK00/SES009/SA009S15	SES148	1e+38	-58.7	-1e+38
BLOCK00/SES009/SA009S15	SES172	1e+38	-57.7439	-1e+38
BLOCK00/SES009/SA009S24	SES146	1e+38	-58.3334	-1e+38
BLOCK00/SES009/SA009S24	SES148	1e+38	-59.1276	-1e+38
BLOCK00/SES009/SA009S24	SES177	1e+38	-59.2183	-1e+38
BLOCK00/SES009/SA009S24	SES292	1e+38	-57.9134	-1e+38
BLOCK00/SES009/SA009S26	SES083	1e+38	-59.5886	-1e+38
BLOCK00/SES009/SA009S26	SES101	1e+38	-59.6215	-1e+38
BLOCK00/SES009/SA009S26	SES120	1e+38	-59.4818	-1e+38
BLOCK00/SES009/SA009S26	SES177	1e+38	-60.5387	-1e+38
BLOCK00/SES009/SA009S29	SES083	1e+38	-58.2441	-1e+38
BLOCK00/SES009/SA009S29	SES101	1e+38	-58.3729	-1e+38
BLOCK00/SES009/SA009S29	SES177	1e+38	-59.8377	-1e+38
BLOCK00/SES009/SA009S29	SES292	1e+38	-57.8006	-1e+38
BLOCK01/SES011/SA011S10	SES019	1e+38	-58.1869	-1e+38
BLOCK01/SES011/SA011S10	SES042	1e+38	-57.8602	-1e+38
BLOCK01/SES011/SA011S10	SES082	1e+38	-58.6399	-1e+38
BLOCK01/SES011/SA011S10	SES206	1e+38	-58.6132	-1e+38
BLOCK01/SES011/SA011S11	SES019	1e+38	-58.8105	-1e+38
BLOCK01/SES011/SA011S11	SES042	1e+38	-59.0848	-1e+38
BLOCK01/SES011/SA011S11	SES082	1e+38	-59.5966	-1e+38
BLOCK01/SES011/SA011S11	SES206	1e+38	-58.8679	-1e+38
BLOCK01/SES011/SA011S22	SES019	1e+38	-58.4557	-1e+38
BLOCK01/SES011/SA011S22	SES042	1e+38	-58.7352	-1e+38
BLOCK01/SES011/SA011S22	SES082	1e+38	-58.5151	-1e+38
BLOCK01/SES011/SA011S22	SES206	1e+38	-59.1327	-1e+38
BLOCK01/SES011/SA011S24	SES019	1e+38	-57.5762	-1e+38
BLOCK01/SES011/SA011S24	SES042	1e+38	-57.375	-1e+38
BLOCK01/SES011/SA011S24	SES104	1e+38	-58.3722	-1e+38
BLOCK01/SES011/SA011S24	SES206	1e+38	-57.553	-1e+38
BLOCK01/SES011/SA011S27	SES082	1e+38	-57.2764	-1e+38
BLOCK01/SES011/SA011S27	SES087	1e+38	-58.895	-1e+38
BLOCK01/SES011/SA011S27	SES125	1e+38	-58.1589	-1e+38
BLOCK01/SES011/SA011S27	SES206	1e+38	-57.4445	-1e+38
BLOCK01/SES012/SA012S11	SES007	1e+38	-58.8299	-1e+38
BLOCK01/SES012/SA012S11	SES082	1e+38	-57.0194	-1e+38
BLOCK01/SES012/SA012S11	SES083	1e+38	-58.9233	-1e+38
BLOCK01/SES012/SA012S11	SES206	1e+38	-56.4958	-1e+38
BLOCK01/SES012/SA012S14	SES082	1e+38	-57.8753	-1e+38
BLOCK01/SES012/SA012S14	SES087	1e+38	-58.7978	-1e+38
BLOCK01/SES012/SA012S14	SES206	1e+38	-57.3637	-1e+38
BLOCK01/SES012/SA012S14	SES292	1e+38	-60.6809	-1e+38
BLOCK01/SES012/SA012S24	SES082	1e+38	-57.5414	-1e+38
BLOCK01/SES012/SA012S24	SES087	1e+38	-58.5626	-1e+38
BLOCK01/SES012/SA012S24	SES120	1e+38	-61.8128	-1e+38
BLOCK01/SES012/SA012S24	SES206	1e+38	-57.7549	-1e+38
BLOCK01/SES012/SA012S26	SES019	1e+38	-58.5574	-1e+38
BLOCK01/SES012/SA012S26	SES082	1e+38	-58.1012	-1e+38
BLOCK01/SES012/SA012S26	SES206	1e+38	-56.4877	-1e+38
BLOCK01/SES012/SA012S26	SES292	1e+38	-60.4889	-1e+38
BLOCK01/SES012/SA012S29	SES062	1e+38	-59.1724	-1e+38
BLOCK01/SES012/SA012S29	SES082	1e+38	-57.214	-1e+38
BLOCK01/SES012/SA012S29	SES083	1e+38	-59.1432	-1e+38
BLOCK01/SES012/SA012S29	SES206	1e+38	-56.7547	-1e+38
BLOCK01/SES013/SA013S16	SES062	1e+38	-61.6009	-1e+38
BLOCK01/SES013/SA013S16	SES106	1e+38	-57.9146	-1e+38
BLOCK01/SES013/SA013S16	SES206	1e+38	-58.0129	-1e+38
BLOCK01/SES013/SA013S16	SES226	1e+38	-57.6973	-1e+38
BLOCK01/SES013/SA013S17	SES062	1e+38	-60.9599	-1e+38
BLOCK01/SES013/SA013S17	SES106	1e+38	-57.5074	-1e+38
BLOCK01/SES013/SA013S17	SES206	1e+38	-56.1896	-1e+38
BLOCK01/SES013/SA013S17	SES226	1e+38	-56.6951	-1e+38
BLOCK01/SES013/SA013S23	SES104	1e+38	-58.7205	-1e+38
BLOCK01/SES013/SA013S23	SES106	1e+38	-58.0654	-1e+38
BLOCK01/SES013/SA013S23	SES206	1e+38	-58.3465	-1e+38
BLOCK01/SES013/SA013S23	SES270	1e+38	-57.6452	-1e+38
BLOCK01/SES013/SA013S25	SES042	1e+38	-58.3607	-1e+38
BLOCK01/SES013/SA013S25	SES104	1e+38	-57.6263	-1e+38
BLOCK01/SES013/SA013S25	SES106	1e+38	-57.0357	-1e+38
BLOCK01/SES013/SA013S25	SES206	1e+38	-57.5471	-1e+38
BLOCK01/SES013/SA013S29	SES062	1e+38	-61.7516	-1e+38
BLOCK01/SES013/SA013S29	SES104	1e+38	-58.6051	-1e+38
BLOCK01/SES013/SA013S29	SES106	1e+38	-57.2875	-1e+38
BLOCK01/SES013/SA013S29	SES206	1e+38	-57.6832	-1e+38
BLOCK02/SES021/SA021S13	SES016	1e+38	-61.6441	-1e+38
BLOCK02/SES021/SA021S13	SES029	1e+38	-60.9954	-1e+38
BLOCK02/SES021/SA021S13	SES087	1e+38	-58.6918	-1e+38
BLOCK02/SES021/SA021S13	SES206	1e+38	-57.6407	-1e+38
BLOCK02/SES021/SA021S15	SES087	1e+38	-56.9242	-1e+38
BLOCK02/SES021/SA021S15	SES125	1e+38	-55.4758	-1e+38
BLOCK02/SES021/SA021S15	SES206	1e+38	-55.4742	-1e+38
BLOCK02/SES021/SA021S15	SES226	1e+38	-56.198	-1e+38
BLOCK02/SES021/SA021S23	SES062	1e+38	-61.4167	-1e+38
BLOCK02/SES021/SA021S23	SES087	1e+38	-60.296	-1e+38
BLOCK02/SES021/SA021S23	SES206	1e+38	-59.4296	-1e+38
BLOCK02/SES021/SA021S23	SES226	1e+38	-58.7082	-1e+38
BLOCK02/SES021/SA021S27	SES002	1e+38	-58.8247	-1e+38
BLOCK02/SES021/SA021S27	SES016	1e+38	-60.8281	-1e+38
BLOCK02/SES021/SA021S27	SES019	1e+38	-58.16	-1e+38
BLOCK02/SES021/SA021S27	SES062	1e+38	-58.5082	-1e+38
BLOCK02/SES021/SA021S29	SES087	1e+38	-58.0465	-1e+38
BLOCK02/SES021/SA021S29	SES125	1e+38	-57.537	-1e+38
BLOCK02/SES021/SA021S29	SES206	1e+38	-57.4345	-1e+38
BLOCK02/SES021/SA021S29	SES226	1e+38	-57.2507	-1e+38
BLOCK04/SES043/SA043S09	SES083	1e+38	-61.3384	-1e+38
BLOCK04/SES043/SA043S09	SES101	1e+38	-62.7244	-1e+38
BLOCK04/SES043/SA043S09	SES144	1e+38	-60.3861	-1e+38
BLOCK04/SES043/SA043S09	SES172	1e+38	-63.8948	-1e+38
BLOCK04/SES043/SA043S11	SES083	1e+38	-58.4067	-1e+38
BLOCK04/SES043/SA043S11	SES101	1e+38	-59.4659	-1e+38
BLOCK04/SES043/SA043S11	SES144	1e+38	-58.3241	-1e+38
BLOCK04/SES043/SA043S11	SES172	1e+38	-59.6503	-1e+38
BLOCK04/SES043/SA043S23	SES083	1e+38	-58.7497	-1e+38
BLOCK04/SES043/SA043S23	SES144	1e+38	-58.7105	-1e+38
BLOCK04/SES043/SA043S23	SES177	1e+38	-62.0613	-1e+38
BLOCK04/SES043/SA043S23	SES275	1e+38	-58.827	-1e+38
BLOCK04/SES043/SA043S26	SES083	1e+38	-59.1001	-1e+38
BLOCK04/SES043/SA043S26	SES101	1e+38	-59.9682	-1e+38
BLOCK04/SES043/SA043S26	SES144	1e+38	-58.8468	-1e+38
BLOCK04/SES043/SA043S26	SES177	1e+38	-60.3986	-1e+38
BLOCK04/SES043/SA043S28	SES016	1e+38	-58.7082	-1e+38
BLOCK04/SES043/SA043S28	SES083	1e+38	-58.0749	-1e+38
BLOCK04/SES043/SA043S28	SES101	1e+38	-58.3699	-1e+38
BLOCK04/SES043/SA043S28	SES144	1e+38	-58.1305	-1e+38
BLOCK04/SES044/SA044S10	SES127	1e+38	-64.2927	-1e+38
BLOCK04/SES044/SA044S10	SES144	1e+38	-62.5216	-1e+38
BLOCK04/SES044/SA044S10	SES147	1e+38	-66.109	-1e+38
BLOCK04/SES044/SA044S10	SES148	1e+38	-64.215	-1e+38
BLOCK04/SES044/SA044S11	SES101	1e+38	-61.7591	-1e+38
BLOCK04/SES044/SA044S11	SES144	1e+38	-60.4521	-1e+38
BLOCK04/SES044/SA044S11	SES147	1e+38	-63.0701	-1e+38
BLOCK04/SES044/SA044S11	SES177	1e+38	-62.9455	-1e+38
BLOCK04/SES044/SA044S24	SES007	1e+38	-62.005	-1e+38
BLOCK04/SES044/SA044S24	SES101	1e+38	-60.7959	-1e+38
BLOCK04/SES044/SA044S24	SES147	1e+38	-64.2279	-1e+38
BLOCK04/SES044/SA044S24	SES177	1e+38	-63.0803	-1e+38
BLOCK04/SES044/SA044S26	SES007	1e+38	-61.1526	-1e+38
BLOCK04/SES044/SA044S26	SES016	1e+38	-59.6485	-1e+38
BLOCK04/SES044/SA044S26	SES101	1e+38	-59.8149	-1e+38
BLOCK04/SES044/SA044S26	SES147	1e+38	-60.4952	-1e+38
BLOCK04/SES044/SA044S29	SES007	1e+38	-60.089	-1e+38
BLOCK04/SES044/SA044S29	SES101	1e+38	-58.6683	-1e+38
BLOCK04/SES044/SA044S29	SES147	1e+38	-60.5921	-1e+38
BLOCK04/SES044/SA044S29	SES177	1e+38	-61.0719	-1e+38
BLOCK04/SES046/SA046S13	SES101	1e+38	-62.7531	-1e+38
BLOCK04/SES046/SA046S13	SES144	1e+38	-60.6304	-1e+38
BLOCK04/SES046/SA046S13	SES147	1e+38	-62.5587	-1e+38
BLOCK04/SES046/SA046S13	SES177	1e+38	-61.1829	-1e+38
BLOCK04/SES046/SA046S15	SES048	1e+38	-60.7942	-1e+38
BLOCK04/SES046/SA046S15	SES083	1e+38	-58.9631	-1e+38
BLOCK04/SES046/SA046S15	SES120	1e+38	-60.0757	-1e+38
BLOCK04/SES046/SA046S15	SES148	1e+38	-59.4349	-1e+38
BLOCK04/SES046/SA046S22	SES101	1e+38	-59.8084	-1e+38
BLOCK04/SES046/SA046S22	SES144	1e+38	-60.0295	-1e+38
BLOCK04/SES046/SA046S22	SES147	1e+38	-61.1473	-1e+38
BLOCK04/SES046/SA046S22	SES172	1e+38	-60.9998	-1e+38
BLOCK04/SES046/SA046S25	SES083	1e+38	-60.0309	-1e+38
BLOCK04/SES046/SA046S25	SES127	1e+38	-59.7548	-1e+38
BLOCK04/SES046/SA046S25	SES144	1e+38	-60.3554	-1e+38
BLOCK04/SES046/SA046S25	SES148	1e+38	-60.2754	-1e+38
BLOCK04/SES046/SA046S28	SES007	1e+38	-63.235	-1e+38
BLOCK04/SES046/SA046S28	SES105	1e+38	-61.8991	-1e+38
BLOCK04/SES046/SA046S28	SES147	1e+38	-61.8131	-1e+38
BLOCK04/SES046/SA046S28	SES148	1e+38	-60.7793	-1e+38
BLOCK04/SES049/SA049S16	SES104	1e+38	-59.9494	-1e+38
BLOCK04/SES049/SA049S16	SES106	1e+38	-59.8382	-1e+38
BLOCK04/SES049/SA049S16	SES120	1e+38	-62.2461	-1e+38
BLOCK04/SES049/SA049S16	SES206	1e+38	-59.5213	-1e+38
BLOCK04/SES049/SA049S18	SES099	1e+38	-59.7075	-1e+38
BLOCK04/SES049/SA049S18	SES104	1e+38	-60.8572	-1e+38
BLOCK04/SES049/SA049S18	SES125	1e+38	-61.1043	-1e+38
BLOCK04/SES049/SA049S18	SES206	1e+38	-60.5527	-1e+38
BLOCK04/SES049/SA049S25	SES087	1e+38	-59.0434	-1e+38
BLOCK04/SES049/SA049S25	SES104	1e+38	-58.5411	-1e+38
BLOCK04/SES049/SA049S25	SES125	1e+38	-59.5781	-1e+38
BLOCK04/SES049/SA049S25	SES206	1e+38	-58.635	-1e+38
BLOCK04/SES049/SA049S27	SES099	1e+38	-58.6543	-1e+38
BLOCK04/SES049/SA049S27	SES104	1e+38	-58.1332	-1e+38
BLOCK04/SES049/SA049S27	SES125	1e+38	-59.2754	-1e+38
BLOCK04/SES049/SA049S27	SES206	1e+38	-59.0489	-1e+38
BLOCK04/SES049/SA049S29	SES099	1e+38	-57.8629	-1e+38
BLOCK04/SES049/SA049S29	SES104	1e+38	-56.716	-1e+38
BLOCK04/SES049/SA049S29	SES125	1e+38	-57.8385	-1e+38
BLOCK04/SES049/SA049S29	SES206	1e+38	-57.1175	-1e+38
BLOCK06/SES063/SA063S09	SES068	1e+38	-59.618	-1e+38
BLOCK06/SES063/SA063S09	SES083	1e+38	-58.4614	-1e+38
BLOCK06/SES063/SA063S09	SES177	1e+38	-59.4638	-1e+38
BLOCK06/SES063/SA063S09	SES187	1e+38	-59.1911	-1e+38
BLOCK06/SES063/SA063S10	SES068	1e+38	-60.4422	-1e+38
BLOCK06/SES063/SA063S10	SES083	1e+38	-59.2048	-1e+38
BLOCK06/SES063/SA063S10	SES172	1e+38	-58.9928	-1e+38
BLOCK06/SES063/SA063S10	SES187	1e+38	-60.4424	-1e+38
BLOCK06/SES063/SA063S20	SES068	1e+38	-61.9201	-1e+38
BLOCK06/SES063/SA063S20	SES083	1e+38	-59.7602	-1e+38
BLOCK06/SES063/SA063S20	SES172	1e+38	-60.2886	-1e+38
BLOCK06/SES063/SA063S20	SES187	1e+38	-59.3716	-1e+38
BLOCK06/SES063/SA063S24	SES029	1e+38	-60.1695	-1e+38
BLOCK06/SES063/SA063S24	SES083	1e+38	-57.6213	-1e+38
BLOCK06/SES063/SA063S24	SES177	1e+38	-59.3065	-1e+38
BLOCK06/SES063/SA063S24	SES189	1e+38	-58.9062	-1e+38
BLOCK06/SES063/SA063S27	SES083	1e+38	-59.7582	-1e+38
BLOCK06/SES063/SA063S27	SES172	1e+38	-59.7732	-1e+38
BLOCK06/SES063/SA063S27	SES187	1e+38	-60.7202	-1e+38
BLOCK06/SES063/SA063S27	SES292	1e+38	-61.354	-1e+38
BLOCK06/SES067/SA067S12	SES083	1e+38	-59.494	-1e+38
BLOCK06/SES067/SA067S12	SES172	1e+38	-61.2146	-1e+38
BLOCK06/SES067/SA067S12	SES202	1e+38	-57.882	-1e+38
BLOCK06/SES067/SA067S12	SES292	1e+38	-59.8529	-1e+38
BLOCK06/SES067/SA067S14	SES085	1e+38	-59.128	-1e+38
BLOCK06/SES067/SA067S14	SES177	1e+38	-58.9695	-1e+38
BLOCK06/SES067/SA067S14	SES183	1e+38	-59.5244	-1e+38
BLOCK06/SES067/SA067S14	SES202	1e+38	-58.0449	-1e+38
BLOCK06/SES067/SA067S21	SES144	1e+38	-60.2415	-1e+38
BLOCK06/SES067/SA067S21	SES177	1e+38	-60.4362	-1e+38
BLOCK06/SES067/SA067S21	SES183	1e+38	-63.3341	-1e+38
BLOCK06/SES067/SA067S21	SES189	1e+38	-59.4411	-1e+38
BLOCK06/SES067/SA067S25	SES085	1e+38	-59.2788	-1e+38
BLOCK06/SES067/SA067S25	SES177	1e+38	-59.9533	-1e+38
BLOCK06/SES067/SA067S25	SES183	1e+38	-60.2728	-1e+38
BLOCK06/SES067/SA067S25	SES202	1e+38	-59.2484	-1e+38
BLOCK06/SES067/SA067S29	SES085	1e+38	-59.4625	-1e+38
BLOCK06/SES067/SA067S29	SES177	1e+38	-61.0108	-1e+38
BLOCK06/SES067/SA067S29	SES183	1e+38	-59.6883	-1e+38
BLOCK06/SES067/SA067S29	SES202	1e+38	-58.5909	-1e+38
BLOCK06/SES069/SA069S12	SES029	1e+38	-60.0237	-1e+38
BLOCK06/SES069/SA069S12	SES082	1e+38	-57.8363	-1e+38
BLOCK06/SES069/SA069S12	SES087	1e+38	-59.8293	-1e+38
BLOCK06/SES069/SA069S12	SES206	1e+38	-59.0077	-1e+38
BLOCK06/SES069/SA069S13	SES029	1e+38	-60.4709	-1e+38
BLOCK06/SES069/SA069S13	SES087	1e+38	-59.8739	-1e+38
BLOCK06/SES069/SA069S13	SES206	1e+38	-59.4802	-1e+38
BLOCK06/SES069/SA069S13	SES226	1e+38	-59.0419	-1e+38
BLOCK06/SES069/SA069S23	SES029	1e+38	-57.9133	-1e+38
BLOCK06/SES069/SA069S23	SES087	1e+38	-58.7107	-1e+38
BLOCK06/SES069/SA069S23	SES206	1e+38	-57.662	-1e+38
BLOCK06/SES069/SA069S23	SES226	1e+38	-56.6241	-1e+38
BLOCK06/SES069/SA069S25	SES087	1e+38	-57.5665	-1e+38
BLOCK06/SES069/SA069S25	SES206	1e+38	-58.0213	-1e+38
BLOCK06/SES069/SA069S25	SES226	1e+38	-57.5458	-1e+38
BLOCK06/SES069/SA069S25	SES270	1e+38	-57.4925	-1e+38
BLOCK06/SES069/SA069S27	SES087	1e+38	-58.4334	-1e+38
BLOCK06/SES069/SA069S27	SES206	1e+38	-57.3334	-1e+38
BLOCK06/SES069/SA069S27	SES226	1e+38	-56.6798	-1e+38
BLOCK06/SES069/SA069S27	SES270	1e+38	-57.2294	-1e+38
BLOCK08/SES081/SA081S11	SES060	1e+38	-60.0566	-1e+38
BLOCK08/SES081/SA081S11	SES062	1e+38	-61.7338	-1e+38
BLOCK08/SES081/SA081S11	SES117	1e+38	-60.6029	-1e+38
BLOCK08/SES081/SA081S11	SES162	1e+38	-59.7956	-1e+38
BLOCK08/SES081/SA081S13	SES016	1e+38	-58.2093	-1e+38
BLOCK08/SES081/SA081S13	SES060	1e+38	-57.6816	-1e+38
BLOCK08/SES081/SA081S13	SES068	1e+38	-57.6745	-1e+38
BLOCK08/SES081/SA081S13	SES129	1e+38	-58.8894	-1e+38
BLOCK08/SES081/SA081S24	SES060	1e+38	-58.4795	-1e+38
BLOCK08/SES081/SA081S24	SES068	1e+38	-59.0736	-1e+38
BLOCK08/SES081/SA081S24	SES117	1e+38	-59.6728	-1e+38
BLOCK08/SES081/SA081S24	SES275	1e+38	-60.6268	-1e+38
BLOCK08/SES081/SA081S27	SES007	1e+38	-60.2524	-1e+38
BLOCK08/SES081/SA081S27	SES060	1e+38	-59.771	-1e+38
BLOCK08/SES081/SA081S27	SES117	1e+38	-58.9681	-1e+38
BLOCK08/SES081/SA081S27	SES275	1e+38	-60.7097	-1e+38
BLOCK08/SES081/SA081S29	SES007	1e+38	-59.5119	-1e+38
BLOCK08/SES081/SA081S29	SES060	1e+38	-58.4224	-1e+38
BLOCK08/SES081/SA081S29	SES117	1e+38	-59.0657	-1e+38
BLOCK08/SES081/SA081S29	SES275	1e+38	-59.9364	-1e+38
BLOCK08/SES086/SA086S11	SES029	1e+38	-63.4503	-1e+38
BLOCK08/SES086/SA086S11	SES082	1e+38	-60.8621	-1e+38
BLOCK08/SES086/SA086S11	SES087	1e+38	-59.4981	-1e+38
BLOCK08/SES086/SA086S11	SES206	1e+38	-60.2975	-1e+38
BLOCK08/SES086/SA086S12	SES029	1e+38	-62.3386	-1e+38
BLOCK08/SES086/SA086S12	SES082	1e+38	-59.0342	-1e+38
BLOCK08/SES086/SA086S12	SES087	1e+38	-57.4271	-1e+38
BLOCK08/SES086/SA086S12	SES206	1e+38	-58.7986	-1e+38
BLOCK08/SES086/SA086S20	SES029	1e+38	-60.8454	-1e+38
BLOCK08/SES086/SA086S20	SES082	1e+38	-58.5338	-1e+38
BLOCK08/SES086/SA086S20	SES087	1e+38	-55.7665	-1e+38
BLOCK08/SES086/SA086S20	SES206	1e+38	-56.6643	-1e+38
BLOCK08/SES086/SA086S24	SES087	1e+38	-57.2729	-1e+38
BLOCK08/SES086/SA086S24	SES104	1e+38	-58.5418	-1e+38
BLOCK08/SES086/SA086S24	SES120	1e+38	-62.4178	-1e+38
BLOCK08/SES086/SA086S24	SES206	1e+38	-57.5282	-1e+38
BLOCK08/SES086/SA086S28	SES029	1e+38	-60.1102	-1e+38
BLOCK08/SES086/SA086S28	SES082	1e+38	-57.7983	-1e+38
BLOCK08/SES086/SA086S28	SES087	1e+38	-56.2767	-1e+38
BLOCK08/SES086/SA086S28	SES206	1e+38	-56.8408	-1e+38
BLOCK08/SES089/SA089S13	SES087	1e+38	-59.7804	-1e+38
BLOCK08/SES089/SA089S13	SES206	1e+38	-60.0983	-1e+38
BLOCK08/SES089/SA089S13	SES226	1e+38	-58.9189	-1e+38
BLOCK08/SES089/SA089S13	SES270	1e+38	-60.2641	-1e+38
BLOCK08/SES089/SA089S14	SES062	1e+38	-59.6422	-1e+38
BLOCK08/SES089/SA089S14	SES087	1e+38	-58.5002	-1e+38
BLOCK08/SES089/SA089S14	SES206	1e+38	-58.521	-1e+38
BLOCK08/SES089/SA089S14	SES226	1e+38	-57.8118	-1e+38
BLOCK08/SES089/SA089S23	SES087	1e+38	-61.3725	-1e+38
BLOCK08/SES089/SA089S23	SES206	1e+38	-61.2564	-1e+38
BLOCK08/SES089/SA089S23	SES226	1e+38	-60.2922	-1e+38
BLOCK08/SES089/SA089S23	SES270	1e+38	-61.3422	-1e+38
BLOCK08/SES089/SA089S25	SES062	1e+38	-60.721	-1e+38
BLOCK08/SES089/SA089S25	SES087	1e+38	-58.8625	-1e+38
BLOCK08/SES089/SA089S25	SES206	1e+38	-59.6801	-1e+38
BLOCK08/SES089/SA089S25	SES226	1e+38	-57.9277	-1e+38
BLOCK08/SES089/SA089S28	SES062	1e+38	-60.5387	-1e+38
BLOCK08/SES089/SA089S28	SES087	1e+38	-59.4075	-1e+38
BLOCK08/SES089/SA089S28	SES206	1e+38	-59.0558	-1e+38
BLOCK08/SES089/SA089S28	SES226	1e+38	-57.9773	-1e+38
BLOCK09/SES097/SA097S11	SES099	1e+38	-58.6984	-1e+38
BLOCK09/SES097/SA097S11	SES125	1e+38	-59.9915	-1e+38
BLOCK09/SES097/SA097S11	SES206	1e+38	-59.2066	-1e+38
BLOCK09/SES097/SA097S11	SES226	1e+38	-58.2645	-1e+38
BLOCK09/SES097/SA097S14	SES062	1e+38	-61.5926	-1e+38
BLOCK09/SES097/SA097S14	SES099	1e+38	-59.6273	-1e+38
BLOCK09/SES097/SA097S14	SES104	1e+38	-59.0466	-1e+38
BLOCK09/SES097/SA097S14	SES206	1e+38	-59.8505	-1e+38
BLOCK09/SES097/SA097S22	SES099	1e+38	-58.6083	-1e+38
BLOCK09/SES097/SA097S22	SES206	1e+38	-58.6111	-1e+38
BLOCK09/SES097/SA097S22	SES226	1e+38	-58.592	-1e+38
BLOCK09/SES097/SA097S22	SES270	1e+38	-58.0396	-1e+38
BLOCK09/SES097/SA097S26	SES099	1e+38	-57.812	-1e+38
BLOCK09/SES097/SA097S26	SES120	1e+38	-61.3052	-1e+38
BLOCK09/SES097/SA097S26	SES206	1e+38	-57.816	-1e+38
BLOCK09/SES097/SA097S26	SES226	1e+38	-58.3536	-1e+38
BLOCK09/SES097/SA097S28	SES099	1e+38	-58.8264	-1e+38
BLOCK09/SES097/SA097S28	SES120	1e+38	-60.8553	-1e+38
BLOCK09/SES097/SA097S28	SES206	1e+38	-59.4227	-1e+38
BLOCK09/SES097/SA097S28	SES226	1e+38	-59.155	-1e+38
BLOCK09/SES098/SA098S11	SES127	1e+38	-63.1089	-1e+38
BLOCK09/SES098/SA098S11	SES144	1e+38	-61.8841	-1e+38
BLOCK09/SES098/SA098S11	SES147	1e+38	-60.9142	-1e+38
BLOCK09/SES098/SA098S11	SES148	1e+38	-63.9936	-1e+38
BLOCK09/SES098/SA098S12	SES127	1e+38	-66.2527	-1e+38
BLOCK09/SES098/SA098S12	SES144	1e+38	-63.5587	-1e+38
BLOCK09/SES098/SA098S12	SES147	1e+38	-63.0782	-1e+38
BLOCK09/SES098/SA098S12	SES189	1e+38	-62.4469	-1e+38
BLOCK09/SES098/SA098S20	SES127	1e+38	-64.4715	-1e+38
BLOCK09/SES098/SA098S20	SES147	1e+38	-61.5399	-1e+38
BLOCK09/SES098/SA098S20	SES148	1e+38	-64.8591	-1e+38
BLOCK09/SES098/SA098S20	SES292	1e+38	-63.7531	-1e+38
BLOCK09/SES098/SA098S23	SES127	1e+38	-61.2669	-1e+38
BLOCK09/SES098/SA098S23	SES147	1e+38	-60.7397	-1e+38
BLOCK09/SES098/SA098S23	SES187	1e+38	-60.8335	-1e+38
BLOCK09/SES098/SA098S23	SES292	1e+38	-62.1756	-1e+38
BLOCK09/SES098/SA098S27	SES127	1e+38	-63.0927	-1e+38
BLOCK09/SES098/SA098S27	SES147	1e+38	-61.9241	-1e+38
BLOCK09/SES098/SA098S27	SES148	1e+38	-64.8749	-1e+38
BLOCK09/SES098/SA098S27	SES292	1e+38	-62.9058	-1e+38
BLOCK10/SES102/SA102S13	SES101	1e+38	-59.5516	-1e+38
BLOCK10/SES102/SA102S13	SES105	1e+38	-60.8846	-1e+38
BLOCK10/SES102/SA102S13	SES120	1e+38	-60.6722	-1e+38
BLOCK10/SES102/SA102S13	SES158	1e+38	-67.8492	-1e+38
BLOCK10/SES102/SA102S14	SES007	1e+38	-57.7664	-1e+38
BLOCK10/SES102/SA102S14	SES101	1e+38	-57.784	-1e+38
BLOCK10/SES102/SA102S14	SES105	1e+38	-58.0218	-1e+38
BLOCK10/SES102/SA102S14	SES147	1e+38	-61.5276	-1e+38
BLOCK10/SES102/SA102S22	SES007	1e+38	-58.9906	-1e+38
BLOCK10/SES102/SA102S22	SES101	1e+38	-57.9395	-1e+38
BLOCK10/SES102/SA102S22	SES105	1e+38	-58.5491	-1e+38
BLOCK10/SES102/SA102S22	SES158	1e+38	-62.458	-1e+38
BLOCK10/SES102/SA102S25	SES007	1e+38	-58.6463	-1e+38
BLOCK10/SES102/SA102S25	SES101	1e+38	-58.478	-1e+38
BLOCK10/SES102/SA102S25	SES105	1e+38	-58.7874	-1e+38
BLOCK10/SES102/SA102S25	SES147	1e+38	-62.6814	-1e+38
BLOCK10/SES102/SA102S27	SES007	1e+38	-60.049	-1e+38
BLOCK10/SES102/SA102S27	SES101	1e+38	-59.4298	-1e+38
BLOCK10/SES102/SA102S27	SES105	1e+38	-59.3661	-1e+38
BLOCK10/SES102/SA102S27	SES147	1e+38	-61.9287	-1e+38
BLOCK10/SES103/SA103S14	SES105	1e+38	-62.3526	-1e+38
BLOCK10/SES103/SA103S14	SES106	1e+38	-59.4947	-1e+38
BLOCK10/SES103/SA103S14	SES120	1e+38	-63.0135	-1e+38
BLOCK10/SES103/SA103S14	SES206	1e+38	-60.3527	-1e+38
BLOCK10/SES103/SA103S15	SES099	1e+38	-60.9326	-1e+38
BLOCK10/SES103/SA103S15	SES101	1e+38	-64.6443	-1e+38
BLOCK10/SES103/SA103S15	SES104	1e+38	-60.8633	-1e+38
BLOCK10/SES103/SA103S15	SES125	1e+38	-60.843	-1e+38
BLOCK10/SES103/SA103S24	SES104	1e+38	-59.2235	-1e+38
BLOCK10/SES103/SA103S24	SES125	1e+38	-59.6583	-1e+38
BLOCK10/SES103/SA103S24	SES148	1e+38	-61.4579	-1e+38
BLOCK10/SES103/SA103S24	SES158	1e+38	-58.3319	-1e+38
BLOCK10/SES103/SA103S26	SES104	1e+38	-60.5095	-1e+38
BLOCK10/SES103/SA103S26	SES106	1e+38	-60.2368	-1e+38
BLOCK10/SES103/SA103S26	SES125	1e+38	-60.7707	-1e+38
BLOCK10/SES103/SA103S26	SES148	1e+38	-62.4093	-1e+38
BLOCK10/SES103/SA103S28	SES104	1e+38	-62.1691	-1e+38
BLOCK10/SES103/SA103S28	SES106	1e+38	-61.8049	-1e+38
BLOCK10/SES103/SA103S28	SES125	1e+38	-63.1156	-1e+38
BLOCK10/SES103/SA103S28	SES206	1e+38	-62.3969	-1e+38
BLOCK12/SES121/SA121S12	SES042	1e+38	-62.6342	-1e+38
BLOCK12/SES121/SA121S12	SES087	1e+38	-61.5335	-1e+38
BLOCK12/SES121/SA121S12	SES105	1e+38	-62.4854	-1e+38
BLOCK12/SES121/SA121S12	SES206	1e+38	-61.4714	-1e+38
BLOCK12/SES121/SA121S14	SES007	1e+38	-64.4707	-1e+38
BLOCK12/SES121/SA121S14	SES105	1e+38	-63.9192	-1e+38
BLOCK12/SES121/SA121S14	SES106	1e+38	-62.425	-1e+38
BLOCK12/SES121/SA121S14	SES206	1e+38	-62.1593	-1e+38
BLOCK12/SES121/SA121S23	SES105	1e+38	-63.6067	-1e+38
BLOCK12/SES121/SA121S23	SES106	1e+38	-62.3011	-1e+38
BLOCK12/SES121/SA121S23	SES120	1e+38	-64.193	-1e+38
BLOCK12/SES121/SA121S23	SES206	1e+38	-62.0177	-1e+38
BLOCK12/SES121/SA121S25	SES007	1e+38	-64.8336	-1e+38
BLOCK12/SES121/SA121S25	SES105	1e+38	-65.2089	-1e+38
BLOCK12/SES121/SA121S25	SES106	1e+38	-62.9373	-1e+38
BLOCK12/SES121/SA121S25	SES206	1e+38	-62.9218	-1e+38
BLOCK12/SES121/SA121S27	SES087	1e+38	-61.0731	-1e+38
BLOCK12/SES121/SA121S27	SES105	1e+38	-64.1367	-1e+38
BLOCK12/SES121/SA121S27	SES120	1e+38	-63.9635	-1e+38
BLOCK12/SES121/SA121S27	SES206	1e+38	-61.4305	-1e+38
BLOCK12/SES124/SA124S16	SES042	1e+38	-58.9894	-1e+38
BLOCK12/SES124/SA124S16	SES082	1e+38	-58.9468	-1e+38
BLOCK12/SES124/SA124S16	SES183	1e+38	-63.1501	-1e+38
BLOCK12/SES124/SA124S16	SES206	1e+38	-59.4343	-1e+38
BLOCK12/SES124/SA124S17	SES105	1e+38	-62.3194	-1e+38
BLOCK12/SES124/SA124S17	SES149	1e+38	-60.9115	-1e+38
BLOCK12/SES124/SA124S17	SES158	1e+38	-61.2413	-1e+38
BLOCK12/SES124/SA124S17	SES275	1e+38	-62.6329	-1e+38
BLOCK12/SES124/SA124S23	SES105	1e+38	-59.5748	-1e+38
BLOCK12/SES124/SA124S23	SES125	1e+38	-56.2729	-1e+38
BLOCK12/SES124/SA124S23	SES129	1e+38	-60.7532	-1e+38
BLOCK12/SES124/SA124S23	SES158	1e+38	-56.9958	-1e+38
BLOCK12/SES124/SA124S26	SES105	1e+38	-61.8829	-1e+38
BLOCK12/SES124/SA124S26	SES125	1e+38	-57.5903	-1e+38
BLOCK12/SES124/SA124S26	SES129	1e+38	-61.9579	-1e+38
BLOCK12/SES124/SA124S26	SES158	1e+38	-58.6923	-1e+38
BLOCK12/SES124/SA124S28	SES104	1e+38	-57.6725	-1e+38
BLOCK12/SES124/SA124S28	SES106	1e+38	-57.5299	-1e+38
BLOCK12/SES124/SA124S28	SES125	1e+38	-56.8984	-1e+38
BLOCK12/SES124/SA124S28	SES275	1e+38	-61.891	-1e+38
BLOCK12/SES126/SA126S13	SES007	1e+38	-64.1269	-1e+38
BLOCK12/SES126/SA126S13	SES162	1e+38	-62.4725	-1e+38
BLOCK12/SES126/SA126S13	SES177	1e+38	-62.2708	-1e+38
BLOCK12/SES126/SA126S13	SES180	1e+38	-62.3116	-1e+38
BLOCK12/SES126/SA126S14	SES144	1e+38	-59.7389	-1e+38
BLOCK12/SES126/SA126S14	SES148	1e+38	-60.4683	-1e+38
BLOCK12/SES126/SA126S14	SES177	1e+38	-59.239	-1e+38
BLOCK12/SES126/SA126S14	SES180	1e+38	-59.5359	-1e+38
BLOCK12/SES126/SA126S20	SES007	1e+38	-62.3151	-1e+38
BLOCK12/SES126/SA126S20	SES162	1e+38	-60.99	-1e+38
BLOCK12/SES126/SA126S20	SES172	1e+38	-65.2162	-1e+38
BLOCK12/SES126/SA126S20	SES180	1e+38	-61.1468	-1e+38
BLOCK12/SES126/SA126S24	SES120	1e+38	-59.8897	-1e+38
BLOCK12/SES126/SA126S24	SES162	1e+38	-60.0167	-1e+38
BLOCK12/SES126/SA126S24	SES177	1e+38	-59.8544	-1e+38
BLOCK12/SES126/SA126S24	SES180	1e+38	-59.1599	-1e+38
BLOCK12/SES126/SA126S26	SES120	1e+38	-60.4089	-1e+38
BLOCK12/SES126/SA126S26	SES177	1e+38	-60.603	-1e+38
BLOCK12/SES126/SA126S26	SES180	1e+38	-60.7015	-1e+38
BLOCK12/SES126/SA126S26	SES202	1e+38	-61.7525	-1e+38
BLOCK12/SES128/SA128S10	SES087	1e+38	-60.2027	-1e+38
BLOCK12/SES128/SA128S10	SES206	1e+38	-59.3455	-1e+38
BLOCK12/SES128/SA128S10	SES226	1e+38	-58.7431	-1e+38
BLOCK12/SES128/SA128S10	SES270	1e+38	-58.9854	-1e+38
BLOCK12/SES128/SA128S12	SES120	1e+38	-61.0914	-1e+38
BLOCK12/SES128/SA128S12	SES158	1e+38	-59.4585	-1e+38
BLOCK12/SES128/SA128S12	SES206	1e+38	-59.2611	-1e+38
BLOCK12/SES128/SA128S12	SES226	1e+38	-59.4948	-1e+38
BLOCK12/SES128/SA128S21	SES106	1e+38	-62.822	-1e+38
BLOCK12/SES128/SA128S21	SES120	1e+38	-61.219	-1e+38
BLOCK12/SES128/SA128S21	SES206	1e+38	-61.6136	-1e+38
BLOCK12/SES128/SA128S21	SES226	1e+38	-61.1237	-1e+38
BLOCK12/SES128/SA128S24	SES087	1e+38	-63.4406	-1e+38
BLOCK12/SES128/SA128S24	SES120	1e+38	-61.1692	-1e+38
BLOCK12/SES128/SA128S24	SES206	1e+38	-62.3699	-1e+38
BLOCK12/SES128/SA128S24	SES226	1e+38	-61.4366	-1e+38
BLOCK12/SES128/SA128S27	SES099	1e+38	-59.9677	-1e+38
BLOCK12/SES128/SA128S27	SES120	1e+38	-60.0117	-1e+38
BLOCK12/SES128/SA128S27	SES206	1e+38	-59.6451	-1e+38
BLOCK12/SES128/SA128S27	SES226	1e+38	-59.125	-1e+38
BLOCK13/SES130/SA130S13	SES143	1e+38	-64.7167	-1e+38
BLOCK13/SES130/SA130S13	SES144	1e+38	-60.0456	-1e+38
BLOCK13/SES130/SA130S13	SES146	1e+38	-61.3963	-1e+38
BLOCK13/SES130/SA130S13	SES275	1e+38	-63.8893	-1e+38
BLOCK13/SES130/SA130S15	SES143	1e+38	-61.3963	-1e+38
BLOCK13/SES130/SA130S15	SES144	1e+38	-59.4192	-1e+38
BLOCK13/SES130/SA130S15	SES146	1e+38	-59.6926	-1e+38
BLOCK13/SES130/SA130S15	SES275	1e+38	-60.0674	-1e+38
BLOCK13/SES130/SA130S23	SES127	1e+38	-63.4405	-1e+38
BLOCK13/SES130/SA130S23	SES144	1e+38	-61.3587	-1e+38
BLOCK13/SES130/SA130S23	SES146	1e+38	-60.5758	-1e+38
BLOCK13/SES130/SA130S23	SES162	1e+38	-62.016	-1e+38
BLOCK13/SES130/SA130S25	SES127	1e+38	-61.4747	-1e+38
BLOCK13/SES130/SA130S25	SES144	1e+38	-59.1261	-1e+38
BLOCK13/SES130/SA130S25	SES146	1e+38	-59.2131	-1e+38
BLOCK13/SES130/SA130S25	SES275	1e+38	-59.6186	-1e+38
BLOCK13/SES130/SA130S28	SES127	1e+38	-61.0046	-1e+38
BLOCK13/SES130/SA130S28	SES144	1e+38	-59.6473	-1e+38
BLOCK13/SES130/SA130S28	SES146	1e+38	-59.8984	-1e+38
BLOCK13/SES130/SA130S28	SES275	1e+38	-59.7618	-1e+38
BLOCK13/SES131/SA131S13	SES002	1e+38	-62.5998	-1e+38
BLOCK13/SES131/SA131S13	SES007	1e+38	-64.9348	-1e+38
BLOCK13/SES131/SA131S13	SES099	1e+38	-62.4865	-1e+38
BLOCK13/SES131/SA131S13	SES105	1e+38	-63.3113	-1e+38
BLOCK13/SES131/SA131S14	SES104	1e+38	-59.3834	-1e+38
BLOCK13/SES131/SA131S14	SES106	1e+38	-59.0066	-1e+38
BLOCK13/SES131/SA131S14	SES125	1e+38	-59.7582	-1e+38
BLOCK13/SES131/SA131S14	SES148	1e+38	-61.0205	-1e+38
BLOCK13/SES131/SA131S20	SES104	1e+38	-61.1685	-1e+38
BLOCK13/SES131/SA131S20	SES106	1e+38	-60.191	-1e+38
BLOCK13/SES131/SA131S20	SES125	1e+38	-61.3302	-1e+38
BLOCK13/SES131/SA131S20	SES148	1e+38	-63.2482	-1e+38
BLOCK13/SES131/SA131S22	SES099	1e+38	-60.0368	-1e+38
BLOCK13/SES131/SA131S22	SES104	1e+38	-59.9294	-1e+38
BLOCK13/SES131/SA131S22	SES125	1e+38	-60.1885	-1e+38
BLOCK13/SES131/SA131S22	SES206	1e+38	-60.105	-1e+38
BLOCK13/SES131/SA131S29	SES087	1e+38	-60.3873	-1e+38
BLOCK13/SES131/SA131S29	SES104	1e+38	-61.3314	-1e+38
BLOCK13/SES131/SA131S29	SES125	1e+38	-61.1823	-1e+38
BLOCK13/SES131/SA131S29	SES206	1e+38	-60.9682	-1e+38
BLOCK13/SES132/SA132S11	SES083	1e+38	-60.3197	-1e+38
BLOCK13/SES132/SA132S11	SES120	1e+38	-58.2764	-1e+38
BLOCK13/SES132/SA132S11	SES127	1e+38	-59.3394	-1e+38
BLOCK13/SES132/SA132S11	SES275	1e+38	-59.64	-1e+38
BLOCK13/SES132/SA132S12	SES083	1e+38	-59.3201	-1e+38
BLOCK13/SES132/SA132S12	SES143	1e+38	-59.0477	-1e+38
BLOCK13/SES132/SA132S12	SES144	1e+38	-58.7679	-1e+38
BLOCK13/SES132/SA132S12	SES148	1e+38	-59.1487	-1e+38
BLOCK13/SES132/SA132S22	SES062	1e+38	-59.0539	-1e+38
BLOCK13/SES132/SA132S22	SES083	1e+38	-59.3789	-1e+38
BLOCK13/SES132/SA132S22	SES127	1e+38	-58.9164	-1e+38
BLOCK13/SES132/SA132S22	SES275	1e+38	-59.4649	-1e+38
BLOCK13/SES132/SA132S24	SES007	1e+38	-58.8924	-1e+38
BLOCK13/SES132/SA132S24	SES083	1e+38	-59.5579	-1e+38
BLOCK13/SES132/SA132S24	SES127	1e+38	-59.1933	-1e+38
BLOCK13/SES132/SA132S24	SES275	1e+38	-59.382	-1e+38
BLOCK13/SES132/SA132S27	SES083	1e+38	-60.4976	-1e+38
BLOCK13/SES132/SA132S27	SES120	1e+38	-59.0247	-1e+38
BLOCK13/SES132/SA132S27	SES127	1e+38	-60.568	-1e+38
BLOCK13/SES132/SA132S27	SES275	1e+38	-60.4284	-1e+38
BLOCK14/SES141/SA141S09	SES143	1e+38	-59.5075	-1e+38
BLOCK14/SES141/SA141S09	SES144	1e+38	-59.9297	-1e+38
BLOCK14/SES141/SA141S09	SES162	1e+38	-59.8697	-1e+38
BLOCK14/SES141/SA141S09	SES180	1e+38	-59.8816	-1e+38
BLOCK14/SES141/SA141S15	SES127	1e+38	-60.2572	-1e+38
BLOCK14/SES141/SA141S15	SES144	1e+38	-60.5766	-1e+38
BLOCK14/SES141/SA141S15	SES162	1e+38	-60.0785	-1e+38
BLOCK14/SES141/SA141S15	SES180	1e+38	-60.2655	-1e+38
BLOCK14/SES141/SA141S24	SES127	1e+38	-59.5254	-1e+38
BLOCK14/SES141/SA141S24	SES144	1e+38	-60.8209	-1e+38
BLOCK14/SES141/SA141S24	SES162	1e+38	-59.0769	-1e+38
BLOCK14/SES141/SA141S24	SES183	1e+38	-61.1621	-1e+38
BLOCK14/SES141/SA141S26	SES142	1e+38	-61.2691	-1e+38
BLOCK14/SES141/SA141S26	SES144	1e+38	-61.3093	-1e+38
BLOCK14/SES141/SA141S26	SES172	1e+38	-60.5148	-1e+38
BLOCK14/SES141/SA141S26	SES180	1e+38	-59.6492	-1e+38
BLOCK14/SES141/SA141S29	SES127	1e+38	-58.9037	-1e+38
BLOCK14/SES141/SA141S29	SES142	1e+38	-59.2135	-1e+38
BLOCK14/SES141/SA141S29	SES144	1e+38	-60.1316	-1e+38
BLOCK14/SES141/SA141S29	SES180	1e+38	-58.8904	-1e+38
BLOCK15/SES157/SA157S08	SES083	1e+38	-60.8989	-1e+38
BLOCK15/SES157/SA157S08	SES127	1e+38	-61.3373	-1e+38
BLOCK15/SES157/SA157S08	SES148	1e+38	-60.24	-1e+38
BLOCK15/SES157/SA157S08	SES292	1e+38	-61.2572	-1e+38
BLOCK15/SES157/SA157S11	SES083	1e+38	-60.2537	-1e+38
BLOCK15/SES157/SA157S11	SES127	1e+38	-61.3605	-1e+38
BLOCK15/SES157/SA157S11	SES148	1e+38	-59.9932	-1e+38
BLOCK15/SES157/SA157S11	SES292	1e+38	-60.1883	-1e+38
BLOCK15/SES157/SA157S21	SES127	1e+38	-60.975	-1e+38
BLOCK15/SES157/SA157S21	SES148	1e+38	-59.3369	-1e+38
BLOCK15/SES157/SA157S21	SES158	1e+38	-63.5273	-1e+38
BLOCK15/SES157/SA157S21	SES292	1e+38	-59.5199	-1e+38
BLOCK15/SES157/SA157S24	SES127	1e+38	-61.0683	-1e+38
BLOCK15/SES157/SA157S24	SES148	1e+38	-59.2424	-1e+38
BLOCK15/SES157/SA157S24	SES183	1e+38	-60.0749	-1e+38
BLOCK15/SES157/SA157S24	SES292	1e+38	-59.7927	-1e+38
BLOCK15/SES157/SA157S26	SES007	1e+38	-59.0172	-1e+38
BLOCK15/SES157/SA157S26	SES127	1e+38	-59.5701	-1e+38
BLOCK15/SES157/SA157S26	SES147	1e+38	-62.9744	-1e+38
BLOCK15/SES157/SA157S26	SES148	1e+38	-59.2639	-1e+38
BLOCK16/SES161/SA161S10	SES007	1e+38	-62.8935	-1e+38
BLOCK16/SES161/SA161S10	SES105	1e+38	-61.8598	-1e+38
BLOCK16/SES161/SA161S10	SES158	1e+38	-63.0222	-1e+38
BLOCK16/SES161/SA161S10	SES275	1e+38	-62.3903	-1e+38
BLOCK16/SES161/SA161S12	SES007	1e+38	-61.2861	-1e+38
BLOCK16/SES161/SA161S12	SES105	1e+38	-61.4347	-1e+38
BLOCK16/SES161/SA161S12	SES158	1e+38	-60.8186	-1e+38
BLOCK16/SES161/SA161S12	SES275	1e+38	-61.3895	-1e+38
BLOCK16/SES161/SA161S20	SES007	1e+38	-63.105	-1e+38
BLOCK16/SES161/SA161S20	SES105	1e+38	-62.8338	-1e+38
BLOCK16/SES161/SA161S20	SES158	1e+38	-62.9823	-1e+38
BLOCK16/SES161/SA161S20	SES275	1e+38	-63.0734	-1e+38
BLOCK16/SES161/SA161S23	SES007	1e+38	-61.5131	-1e+38
BLOCK16/SES161/SA161S23	SES105	1e+38	-60.8432	-1e+38
BLOCK16/SES161/SA161S23	SES148	1e+38	-61.7239	-1e+38
BLOCK16/SES161/SA161S23	SES158	1e+38	-60.5149	-1e+38
BLOCK16/SES161/SA161S28	SES007	1e+38	-62.1314	-1e+38
BLOCK16/SES161/SA161S28	SES105	1e+38	-61.9146	-1e+38
BLOCK16/SES161/SA161S28	SES158	1e+38	-60.5059	-1e+38
BLOCK16/SES161/SA161S28	SES206	1e+38	-61.2292	-1e+38
BLOCK16/SES164/SA164S11	SES104	1e+38	-59.0725	-1e+38
BLOCK16/SES164/SA164S11	SES125	1e+38	-57.8378	-1e+38
BLOCK16/SES164/SA164S11	SES158	1e+38	-57.7501	-1e+38
BLOCK16/SES164/SA164S11	SES206	1e+38	-58.9066	-1e+38
BLOCK16/SES164/SA164S13	SES099	1e+38	-59.7828	-1e+38
BLOCK16/SES164/SA164S13	SES104	1e+38	-60.8204	-1e+38
BLOCK16/SES164/SA164S13	SES125	1e+38	-60.5429	-1e+38
BLOCK16/SES164/SA164S13	SES206	1e+38	-60.3994	-1e+38
BLOCK16/SES164/SA164S24	SES002	1e+38	-58.4915	-1e+38
BLOCK16/SES164/SA164S24	SES099	1e+38	-58.4802	-1e+38
BLOCK16/SES164/SA164S24	SES125	1e+38	-59.9111	-1e+38
BLOCK16/SES164/SA164S24	SES226	1e+38	-59.0905	-1e+38
BLOCK16/SES164/SA164S27	SES087	1e+38	-60.203	-1e+38
BLOCK16/SES164/SA164S27	SES125	1e+38	-59.6506	-1e+38
BLOCK16/SES164/SA164S27	SES206	1e+38	-59.4709	-1e+38
BLOCK16/SES164/SA164S27	SES226	1e+38	-59.5266	-1e+38
BLOCK16/SES164/SA164S29	SES002	1e+38	-57.6399	-1e+38
BLOCK16/SES164/SA164S29	SES019	1e+38	-58.8827	-1e+38
BLOCK16/SES164/SA164S29	SES125	1e+38	-58.8512	-1e+38
BLOCK16/SES164/SA164S29	SES226	1e+38	-58.9861	-1e+38
BLOCK16/SES169/SA169S13	SES117	1e+38	-61.4792	-1e+38
BLOCK16/SES169/SA169S13	SES144	1e+38	-60.0836	-1e+38
BLOCK16/SES169/SA169S13	SES146	1e+38	-60.0415	-1e+38
BLOCK16/SES169/SA169S13	SES162	1e+38	-61.5396	-1e+38
BLOCK16/SES169/SA169S14	SES144	1e+38	-58.3346	-1e+38
BLOCK16/SES169/SA169S14	SES148	1e+38	-58.9667	-1e+38
BLOCK16/SES169/SA169S14	SES177	1e+38	-59.425	-1e+38
BLOCK16/SES169/SA169S14	SES180	1e+38	-61.061	-1e+38
BLOCK16/SES169/SA169S24	SES117	1e+38	-61.8464	-1e+38
BLOCK16/SES169/SA169S24	SES144	1e+38	-60.2175	-1e+38
BLOCK16/SES169/SA169S24	SES146	1e+38	-60.4761	-1e+38
BLOCK16/SES169/SA169S24	SES162	1e+38	-61.9335	-1e+38
BLOCK16/SES169/SA169S27	SES127	1e+38	-60.7047	-1e+38
BLOCK16/SES169/SA169S27	SES129	1e+38	-60.253	-1e+38
BLOCK16/SES169/SA169S27	SES144	1e+38	-60.5526	-1e+38
BLOCK16/SES169/SA169S27	SES146	1e+38	-59.3589	-1e+38
BLOCK16/SES169/SA169S29	SES144	1e+38	-59.0702	-1e+38
BLOCK16/SES169/SA169S29	SES162	1e+38	-60.1396	-1e+38
BLOCK16/SES169/SA169S29	SES177	1e+38	-61.4842	-1e+38
BLOCK16/SES169/SA169S29	SES180	1e+38	-60.5864	-1e+38
BLOCK17/SES171/SA171S12	SES083	1e+38	-60.8707	-1e+38
BLOCK17/SES171/SA171S12	SES148	1e+38	-61.0316	-1e+38
BLOCK17/SES171/SA171S12	SES172	1e+38	-60.6554	-1e+38
BLOCK17/SES171/SA171S12	SES292	1e+38	-61.6865	-1e+38
BLOCK17/SES171/SA171S15	SES148	1e+38	-61.4343	-1e+38
BLOCK17/SES171/SA171S15	SES177	1e+38	-61.355	-1e+38
BLOCK17/SES171/SA171S15	SES180	1e+38	-63.1358	-1e+38
BLOCK17/SES171/SA171S15	SES292	1e+38	-63.1973	-1e+38
BLOCK17/SES171/SA171S22	SES007	1e+38	-59.9957	-1e+38
BLOCK17/SES171/SA171S22	SES148	1e+38	-60.1089	-1e+38
BLOCK17/SES171/SA171S22	SES177	1e+38	-58.7796	-1e+38
BLOCK17/SES171/SA171S22	SES180	1e+38	-60.5948	-1e+38
BLOCK17/SES171/SA171S25	SES101	1e+38	-62.9542	-1e+38
BLOCK17/SES171/SA171S25	SES120	1e+38	-63.6163	-1e+38
BLOCK17/SES171/SA171S25	SES177	1e+38	-60.9463	-1e+38
BLOCK17/SES171/SA171S25	SES180	1e+38	-62.662	-1e+38
BLOCK17/SES171/SA171S27	SES177	1e+38	-59.5751	-1e+38
BLOCK17/SES171/SA171S27	SES180	1e+38	-61.6443	-1e+38
BLOCK17/SES171/SA171S27	SES189	1e+38	-59.9757	-1e+38
BLOCK17/SES171/SA171S27	SES292	1e+38	-61.8233	-1e+38
BLOCK17/SES173/SA173S13	SES162	1e+38	-62.3981	-1e+38
BLOCK17/SES173/SA173S13	SES177	1e+38	-62.7019	-1e+38
BLOCK17/SES173/SA173S13	SES180	1e+38	-62.1731	-1e+38
BLOCK17/SES173/SA173S13	SES292	1e+38	-62.8933	-1e+38
BLOCK17/SES173/SA173S14	SES007	1e+38	-65.0629	-1e+38
BLOCK17/SES173/SA173S14	SES162	1e+38	-62.4746	-1e+38
BLOCK17/SES173/SA173S14	SES177	1e+38	-62.3656	-1e+38
BLOCK17/SES173/SA173S14	SES180	1e+38	-62.8877	-1e+38
BLOCK17/SES173/SA173S24	SES144	1e+38	-62.3077	-1e+38
BLOCK17/SES173/SA173S24	SES162	1e+38	-63.0878	-1e+38
BLOCK17/SES173/SA173S24	SES177	1e+38	-62.9573	-1e+38
BLOCK17/SES173/SA173S24	SES180	1e+38	-62.7808	-1e+38
BLOCK17/SES173/SA173S27	SES162	1e+38	-63.477	-1e+38
BLOCK17/SES173/SA173S27	SES177	1e+38	-62.0098	-1e+38
BLOCK17/SES173/SA173S27	SES180	1e+38	-62.0622	-1e+38
BLOCK17/SES173/SA173S27	SES292	1e+38	-63.6689	-1e+38
BLOCK17/SES173/SA173S29	SES162	1e+38	-61.796	-1e+38
BLOCK17/SES173/SA173S29	SES175	1e+38	-61.6201	-1e+38
BLOCK17/SES173/SA173S29	SES177	1e+38	-61.7777	-1e+38
BLOCK17/SES173/SA173S29	SES292	1e+38	-64.3841	-1e+38
BLOCK18/SES182/SA182S10	SES144	1e+38	-59.7118	-1e+38
BLOCK18/SES182/SA182S10	SES177	1e+38	-59.9885	-1e+38
BLOCK18/SES182/SA182S10	SES180	1e+38	-61.3736	-1e+38
BLOCK18/SES182/SA182S10	SES275	1e+38	-59.9747	-1e+38
BLOCK18/SES182/SA182S12	SES144	1e+38	-58.6159	-1e+38
BLOCK18/SES182/SA182S12	SES177	1e+38	-59.0458	-1e+38
BLOCK18/SES182/SA182S12	SES180	1e+38	-59.3211	-1e+38
BLOCK18/SES182/SA182S12	SES275	1e+38	-59.6958	-1e+38
BLOCK18/SES182/SA182S21	SES117	1e+38	-60.6147	-1e+38
BLOCK18/SES182/SA182S21	SES144	1e+38	-61.2415	-1e+38
BLOCK18/SES182/SA182S21	SES162	1e+38	-60.3057	-1e+38
BLOCK18/SES182/SA182S21	SES180	1e+38	-60.9179	-1e+38
BLOCK18/SES182/SA182S23	SES117	1e+38	-60.3367	-1e+38
BLOCK18/SES182/SA182S23	SES144	1e+38	-60.6111	-1e+38
BLOCK18/SES182/SA182S23	SES180	1e+38	-60.5907	-1e+38
BLOCK18/SES182/SA182S23	SES275	1e+38	-61.0676	-1e+38
BLOCK18/SES182/SA182S25	SES007	1e+38	-60.1974	-1e+38
BLOCK18/SES182/SA182S25	SES162	1e+38	-59.8635	-1e+38
BLOCK18/SES182/SA182S25	SES177	1e+38	-59.838	-1e+38
BLOCK18/SES182/SA182S25	SES180	1e+38	-60.5746	-1e+38
BLOCK18/SES184/SA184S12	SES177	1e+38	-60.1322	-1e+38
BLOCK18/SES184/SA184S12	SES180	1e+38	-60.4022	-1e+38
BLOCK18/SES184/SA184S12	SES189	1e+38	-61.8995	-1e+38
BLOCK18/SES184/SA184S12	SES292	1e+38	-60.8088	-1e+38
BLOCK18/SES184/SA184S13	SES101	1e+38	-60.7155	-1e+38
BLOCK18/SES184/SA184S13	SES177	1e+38	-60.884	-1e+38
BLOCK18/SES184/SA184S13	SES180	1e+38	-61.1764	-1e+38
BLOCK18/SES184/SA184S13	SES292	1e+38	-61.1057	-1e+38
BLOCK18/SES184/SA184S22	SES177	1e+38	-59.3974	-1e+38
BLOCK18/SES184/SA184S22	SES180	1e+38	-60.0274	-1e+38
BLOCK18/SES184/SA184S22	SES189	1e+38	-61.1602	-1e+38
BLOCK18/SES184/SA184S22	SES292	1e+38	-60.1161	-1e+38
BLOCK18/SES184/SA184S25	SES101	1e+38	-57.9557	-1e+38
BLOCK18/SES184/SA184S25	SES177	1e+38	-59.1239	-1e+38
BLOCK18/SES184/SA184S25	SES180	1e+38	-58.9733	-1e+38
BLOCK18/SES184/SA184S25	SES292	1e+38	-58.9078	-1e+38
BLOCK18/SES184/SA184S27	SES083	1e+38	-59.6441	-1e+38
BLOCK18/SES184/SA184S27	SES177	1e+38	-59.4801	-1e+38
BLOCK18/SES184/SA184S27	SES202	1e+38	-61.3161	-1e+38
BLOCK18/SES184/SA184S27	SES292	1e+38	-59.9632	-1e+38
BLOCK20/SES204/SA204S12	SES062	1e+38	-59.6055	-1e+38
BLOCK20/SES204/SA204S12	SES083	1e+38	-59.924	-1e+38
BLOCK20/SES204/SA204S12	SES206	1e+38	-58.054	-1e+38
BLOCK20/SES204/SA204S12	SES226	1e+38	-58.946	-1e+38
BLOCK20/SES204/SA204S14	SES068	1e+38	-60.1056	-1e+38
BLOCK20/SES204/SA204S14	SES087	1e+38	-57.4921	-1e+38
BLOCK20/SES204/SA204S14	SES206	1e+38	-58.0861	-1e+38
BLOCK20/SES204/SA204S14	SES226	1e+38	-58.2978	-1e+38
BLOCK20/SES204/SA204S22	SES068	1e+38	-61.1024	-1e+38
BLOCK20/SES204/SA204S22	SES082	1e+38	-59.6767	-1e+38
BLOCK20/SES204/SA204S22	SES083	1e+38	-60.5369	-1e+38
BLOCK20/SES204/SA204S22	SES206	1e+38	-58.0422	-1e+38
BLOCK20/SES204/SA204S25	SES062	1e+38	-61.4242	-1e+38
BLOCK20/SES204/SA204S25	SES083	1e+38	-60.8337	-1e+38
BLOCK20/SES204/SA204S25	SES206	1e+38	-57.9628	-1e+38
BLOCK20/SES204/SA204S25	SES226	1e+38	-59.2212	-1e+38
BLOCK20/SES204/SA204S27	SES068	1e+38	-62.0939	-1e+38
BLOCK20/SES204/SA204S27	SES082	1e+38	-59.6834	-1e+38
BLOCK20/SES204/SA204S27	SES087	1e+38	-58.3138	-1e+38
BLOCK20/SES204/SA204S27	SES206	1e+38	-58.6364	-1e+38
BLOCK20/SES207/SA207S10	SES127	1e+38	-59.6595	-1e+38
BLOCK20/SES207/SA207S10	SES183	1e+38	-60.5681	-1e+38
BLOCK20/SES207/SA207S10	SES189	1e+38	-59.8589	-1e+38
BLOCK20/SES207/SA207S10	SES292	1e+38	-60.8419	-1e+38
BLOCK20/SES207/SA207S11	SES127	1e+38	-61.3639	-1e+38
BLOCK20/SES207/SA207S11	SES183	1e+38	-60.5493	-1e+38
BLOCK20/SES207/SA207S11	SES187	1e+38	-60.061	-1e+38
BLOCK20/SES207/SA207S11	SES292	1e+38	-60.0569	-1e+38
BLOCK20/SES207/SA207S25	SES068	1e+38	-61.1999	-1e+38
BLOCK20/SES207/SA207S25	SES083	1e+38	-61.125	-1e+38
BLOCK20/SES207/SA207S25	SES127	1e+38	-60.6573	-1e+38
BLOCK20/SES207/SA207S25	SES187	1e+38	-59.8302	-1e+38
BLOCK20/SES207/SA207S27	SES127	1e+38	-60.3519	-1e+38
BLOCK20/SES207/SA207S27	SES183	1e+38	-60.4122	-1e+38
BLOCK20/SES207/SA207S27	SES187	1e+38	-59.8823	-1e+38
BLOCK20/SES207/SA207S27	SES292	1e+38	-61.2485	-1e+38
BLOCK20/SES207/SA207S29	SES083	1e+38	-60.3966	-1e+38
BLOCK20/SES207/SA207S29	SES085	1e+38	-59.3576	-1e+38
BLOCK20/SES207/SA207S29	SES172	1e+38	-60.5877	-1e+38
BLOCK20/SES207/SA207S29	SES189	1e+38	-59.796	-1e+38
BLOCK22/SES221/SA221S12	SES068	1e+38	-61.2756	-1e+38
BLOCK22/SES221/SA221S12	SES143	1e+38	-61.1754	-1e+38
BLOCK22/SES221/SA221S12	SES175	1e+38	-60.1012	-1e+38
BLOCK22/SES221/SA221S12	SES202	1e+38	-59.6523	-1e+38
BLOCK22/SES221/SA221S15	SES085	1e+38	-65.3347	-1e+38
BLOCK22/SES221/SA221S15	SES143	1e+38	-63.8121	-1e+38
BLOCK22/SES221/SA221S15	SES175	1e+38	-62.5094	-1e+38
BLOCK22/SES221/SA221S15	SES187	1e+38	-61.9645	-1e+38
BLOCK22/SES221/SA221S23	SES068	1e+38	-63.0319	-1e+38
BLOCK22/SES221/SA221S23	SES143	1e+38	-62.0302	-1e+38
BLOCK22/SES221/SA221S23	SES175	1e+38	-59.7665	-1e+38
BLOCK22/SES221/SA221S23	SES189	1e+38	-58.8745	-1e+38
BLOCK22/SES221/SA221S27	SES085	1e+38	-64.8198	-1e+38
BLOCK22/SES221/SA221S27	SES143	1e+38	-61.2921	-1e+38
BLOCK22/SES221/SA221S27	SES175	1e+38	-60.6446	-1e+38
BLOCK22/SES221/SA221S27	SES189	1e+38	-58.2283	-1e+38
BLOCK22/SES221/SA221S29	SES085	1e+38	-67.1269	-1e+38
BLOCK22/SES221/SA221S29	SES143	1e+38	-64.6258	-1e+38
BLOCK22/SES221/SA221S29	SES175	1e+38	-62.4622	-1e+38
BLOCK22/SES221/SA221S29	SES187	1e+38	-60.5038	-1e+38
BLOCK22/SES223/SA223S11	SES143	1e+38	-61.4011	-1e+38
BLOCK22/SES223/SA223S11	SES144	1e+38	-62.2994	-1e+38
BLOCK22/SES223/SA223S11	SES175	1e+38	-61.0354	-1e+38
BLOCK22/SES223/SA223S11	SES187	1e+38	-61.3198	-1e+38
BLOCK22/SES223/SA223S13	SES068	1e+38	-63.4112	-1e+38
BLOCK22/SES223/SA223S13	SES143	1e+38	-63.5938	-1e+38
BLOCK22/SES223/SA223S13	SES146	1e+38	-63.8507	-1e+38
BLOCK22/SES223/SA223S13	SES202	1e+38	-62.2971	-1e+38
BLOCK22/SES223/SA223S22	SES143	1e+38	-61.7733	-1e+38
BLOCK22/SES223/SA223S22	SES144	1e+38	-62.4327	-1e+38
BLOCK22/SES223/SA223S22	SES175	1e+38	-61.3883	-1e+38
BLOCK22/SES223/SA223S22	SES187	1e+38	-60.9156	-1e+38
BLOCK22/SES223/SA223S25	SES068	1e+38	-62.8047	-1e+38
BLOCK22/SES223/SA223S25	SES143	1e+38	-61.6575	-1e+38
BLOCK22/SES223/SA223S25	SES175	1e+38	-61.5964	-1e+38
BLOCK22/SES223/SA223S25	SES187	1e+38	-60.7692	-1e+38
BLOCK22/SES223/SA223S27	SES143	1e+38	-61.6716	-1e+38
BLOCK22/SES223/SA223S27	SES146	1e+38	-62.3142	-1e+38
BLOCK22/SES223/SA223S27	SES187	1e+38	-60.9035	-1e+38
BLOCK22/SES223/SA223S27	SES292	1e+38	-61.7766	-1e+38
BLOCK27/SES273/SA273S12	SES099	1e+38	-56.5564	-1e+38
BLOCK27/SES273/SA273S12	SES104	1e+38	-55.6382	-1e+38
BLOCK27/SES273/SA273S12	SES125	1e+38	-56.3133	-1e+38
BLOCK27/SES273/SA273S12	SES206	1e+38	-55.4056	-1e+38
BLOCK27/SES273/SA273S13	SES099	1e+38	-56.7375	-1e+38
BLOCK27/SES273/SA273S13	SES104	1e+38	-55.7137	-1e+38
BLOCK27/SES273/SA273S13	SES206	1e+38	-56.2341	-1e+38
BLOCK27/SES273/SA273S13	SES292	1e+38	-59.601	-1e+38
BLOCK27/SES273/SA273S21	SES099	1e+38	-56.3378	-1e+38
BLOCK27/SES273/SA273S21	SES148	1e+38	-59.9655	-1e+38
BLOCK27/SES273/SA273S21	SES149	1e+38	-56.4666	-1e+38
BLOCK27/SES273/SA273S21	SES177	1e+38	-60.8339	-1e+38
BLOCK27/SES273/SA273S25	SES104	1e+38	-56.0098	-1e+38
BLOCK27/SES273/SA273S25	SES125	1e+38	-56.581	-1e+38
BLOCK27/SES273/SA273S25	SES158	1e+38	-56.5695	-1e+38
BLOCK27/SES273/SA273S25	SES206	1e+38	-55.3672	-1e+38
BLOCK27/SES273/SA273S27	SES099	1e+38	-56.735	-1e+38
BLOCK27/SES273/SA273S27	SES104	1e+38	-56.8487	-1e+38
BLOCK27/SES273/SA273S27	SES149	1e+38	-57.1537	-1e+38
BLOCK27/SES273/SA273S27	SES275	1e+38	-58.5623	-1e+38
BLOCK27/SES274/SA274S10	SES105	1e+38	-59.2034	-1e+38
BLOCK27/SES274/SA274S10	SES125	1e+38	-57.696	-1e+38
BLOCK27/SES274/SA274S10	SES129	1e+38	-58.5224	-1e+38
BLOCK27/SES274/SA274S10	SES158	1e+38	-58.4307	-1e+38
BLOCK27/SES274/SA274S11	SES105	1e+38	-60.0263	-1e+38
BLOCK27/SES274/SA274S11	SES149	1e+38	-58.2702	-1e+38
BLOCK27/SES274/SA274S11	SES158	1e+38	-58.6392	-1e+38
BLOCK27/SES274/SA274S11	SES275	1e+38	-59.88	-1e+38
BLOCK27/SES274/SA274S21	SES105	1e+38	-60.1269	-1e+38
BLOCK27/SES274/SA274S21	SES129	1e+38	-59.8421	-1e+38
BLOCK27/SES274/SA274S21	SES149	1e+38	-58.5586	-1e+38
BLOCK27/SES274/SA274S21	SES158	1e+38	-59.7358	-1e+38
BLOCK27/SES274/SA274S24	SES105	1e+38	-60.0827	-1e+38
BLOCK27/SES274/SA274S24	SES129	1e+38	-59.8085	-1e+38
BLOCK27/SES274/SA274S24	SES149	1e+38	-58.206	-1e+38
BLOCK27/SES274/SA274S24	SES158	1e+38	-59.2765	-1e+38
BLOCK27/SES274/SA274S29	SES105	1e+38	-60.2824	-1e+38
BLOCK27/SES274/SA274S29	SES106	1e+38	-58.7692	-1e+38
BLOCK27/SES274/SA274S29	SES120	1e+38	-59.9353	-1e+38
BLOCK27/SES274/SA274S29	SES275	1e+38	-60.0578	-1e+38
BLOCK27/SES276/SA276S16	SES148	1e+38	-60.474	-1e+38
BLOCK27/SES276/SA276S16	SES172	1e+38	-61.0364	-1e+38
BLOCK27/SES276/SA276S16	SES180	1e+38	-63.1513	-1e+38
BLOCK27/SES276/SA276S16	SES292	1e+38	-59.844	-1e+38
BLOCK27/SES276/SA276S17	SES101	1e+38	-60.7914	-1e+38
BLOCK27/SES276/SA276S17	SES177	1e+38	-61.1859	-1e+38
BLOCK27/SES276/SA276S17	SES180	1e+38	-61.0076	-1e+38
BLOCK27/SES276/SA276S17	SES292	1e+38	-60.3217	-1e+38
BLOCK27/SES276/SA276S24	SES101	1e+38	-58.6889	-1e+38
BLOCK27/SES276/SA276S24	SES177	1e+38	-60.0749	-1e+38
BLOCK27/SES276/SA276S24	SES180	1e+38	-60.3685	-1e+38
BLOCK27/SES276/SA276S24	SES292	1e+38	-59.6236	-1e+38
BLOCK27/SES276/SA276S26	SES101	1e+38	-60.3212	-1e+38
BLOCK27/SES276/SA276S26	SES177	1e+38	-59.7161	-1e+38
BLOCK27/SES276/SA276S26	SES180	1e+38	-59.6163	-1e+38
BLOCK27/SES276/SA276S26	SES292	1e+38	-59.3547	-1e+38
BLOCK27/SES276/SA276S28	SES101	1e+38	-60.7055	-1e+38
BLOCK27/SES276/SA276S28	SES177	1e+38	-60.6058	-1e+38
BLOCK27/SES276/SA276S28	SES180	1e+38	-60.5927	-1e+38
BLOCK27/SES276/SA276S28	SES292	1e+38	-59.9178	-1e+38
BLOCK27/SES277/SA277S12	SES101	1e+38	-61.1167	-1e+38
BLOCK27/SES277/SA277S12	SES177	1e+38	-62.5747	-1e+38
BLOCK27/SES277/SA277S12	SES180	1e+38	-61.8716	-1e+38
BLOCK27/SES277/SA277S12	SES292	1e+38	-62.9132	-1e+38
BLOCK27/SES277/SA277S14	SES177	1e+38	-61.0004	-1e+38
BLOCK27/SES277/SA277S14	SES180	1e+38	-61.7473	-1e+38
BLOCK27/SES277/SA277S14	SES189	1e+38	-60.5261	-1e+38
BLOCK27/SES277/SA277S14	SES292	1e+38	-62.9017	-1e+38
BLOCK27/SES277/SA277S21	SES177	1e+38	-59.3353	-1e+38
BLOCK27/SES277/SA277S21	SES180	1e+38	-61.1401	-1e+38
BLOCK27/SES277/SA277S21	SES189	1e+38	-59.9263	-1e+38
BLOCK27/SES277/SA277S21	SES292	1e+38	-61.2308	-1e+38
BLOCK27/SES277/SA277S24	SES144	1e+38	-61.6842	-1e+38
BLOCK27/SES277/SA277S24	SES177	1e+38	-61.7264	-1e+38
BLOCK27/SES277/SA277S24	SES180	1e+38	-62.6821	-1e+38
BLOCK27/SES277/SA277S24	SES189	1e+38	-61.1848	-1e+38
BLOCK27/SES277/SA277S29	SES177	1e+38	-58.6647	-1e+38
BLOCK27/SES277/SA277S29	SES180	1e+38	-59.1091	-1e+38
BLOCK27/SES277/SA277S29	SES202	1e+38	-59.0532	-1e+38
BLOCK27/SES277/SA277S29	SES292	1e+38	-59.89	-1e+38
BLOCK27/SES279/SA279S09	SES120	1e+38	-59.5658	-1e+38
BLOCK27/SES279/SA279S09	SES146	1e+38	-59.2896	-1e+38
BLOCK27/SES279/SA279S09	SES206	1e+38	-60.571	-1e+38
BLOCK27/SES279/SA279S09	SES226	1e+38	-60.5422	-1e+38
BLOCK27/SES279/SA279S10	SES099	1e+38	-60.1748	-1e+38
BLOCK27/SES279/SA279S10	SES206	1e+38	-60.0363	-1e+38
BLOCK27/SES279/SA279S10	SES226	1e+38	-59.9042	-1e+38
BLOCK27/SES279/SA279S10	SES292	1e+38	-59.1081	-1e+38
BLOCK27/SES279/SA279S20	SES099	1e+38	-61.6984	-1e+38
BLOCK27/SES279/SA279S20	SES206	1e+38	-60.7596	-1e+38
BLOCK27/SES279/SA279S20	SES226	1e+38	-60.8453	-1e+38
BLOCK27/SES279/SA279S20	SES292	1e+38	-58.8096	-1e+38
BLOCK27/SES279/SA279S26	SES099	1e+38	-61.5882	-1e+38
BLOCK27/SES279/SA279S26	SES206	1e+38	-60.3303	-1e+38
BLOCK27/SES279/SA279S26	SES226	1e+38	-60.1491	-1e+38
BLOCK27/SES279/SA279S26	SES292	1e+38	-59.5455	-1e+38
BLOCK27/SES279/SA279S28	SES099	1e+38	-59.7025	-1e+38
BLOCK27/SES279/SA279S28	SES120	1e+38	-58.6212	-1e+38
BLOCK27/SES279/SA279S28	SES177	1e+38	-60.801	-1e+38
BLOCK27/SES279/SA279S28	SES206	1e+38	-59.3641	-1e+38
BLOCK29/SES290/SA290S12	SES162	1e+38	-60.0728	-1e+38
BLOCK29/SES290/SA290S12	SES177	1e+38	-60.4249	-1e+38
BLOCK29/SES290/SA290S12	SES180	1e+38	-60.98	-1e+38
BLOCK29/SES290/SA290S12	SES292	1e+38	-60.5551	-1e+38
BLOCK29/SES290/SA290S13	SES007	1e+38	-63.272	-1e+38
BLOCK29/SES290/SA290S13	SES162	1e+38	-61.7156	-1e+38
BLOCK29/SES290/SA290S13	SES177	1e+38	-60.3961	-1e+38
BLOCK29/SES290/SA290S13	SES180	1e+38	-61.3615	-1e+38
BLOCK29/SES290/SA290S22	SES177	1e+38	-59.6325	-1e+38
BLOCK29/SES290/SA290S22	SES180	1e+38	-59.4972	-1e+38
BLOCK29/SES290/SA290S22	SES202	1e+38	-59.6958	-1e+38
BLOCK29/SES290/SA290S22	SES292	1e+38	-61.1159	-1e+38
BLOCK29/SES290/SA290S25	SES162	1e+38	-59.7729	-1e+38
BLOCK29/SES290/SA290S25	SES177	1e+38	-59.7823	-1e+38
BLOCK29/SES290/SA290S25	SES180	1e+38	-59.8401	-1e+38
BLOCK29/SES290/SA290S25	SES292	1e+38	-60.0599	-1e+38
BLOCK29/SES290/SA290S29	SES177	1e+38	-58.5814	-1e+38
BLOCK29/SES290/SA290S29	SES180	1e+38	-58.748	-1e+38
BLOCK29/SES290/SA290S29	SES275	1e+38	-60.6551	-1e+38
BLOCK29/SES290/SA290S29	SES292	1e+38	-59.9994	-1e+38
BLOCK29/SES291/SA291S11	SES105	1e+38	-61.6654	-1e+38
BLOCK29/SES291/SA291S11	SES125	1e+38	-58.869	-1e+38
BLOCK29/SES291/SA291S11	SES158	1e+38	-59.4475	-1e+38
BLOCK29/SES291/SA291S11	SES275	1e+38	-62.7091	-1e+38
BLOCK29/SES291/SA291S12	SES158	1e+38	-57.3309	-1e+38
BLOCK29/SES291/SA291S12	SES226	1e+38	-58.4967	-1e+38
BLOCK29/SES291/SA291S12	SES270	1e+38	-56.8665	-1e+38
BLOCK29/SES291/SA291S12	SES275	1e+38	-62.4576	-1e+38
BLOCK29/SES291/SA291S22	SES082	1e+38	-58.2987	-1e+38
BLOCK29/SES291/SA291S22	SES158	1e+38	-58.1121	-1e+38
BLOCK29/SES291/SA291S22	SES259	1e+38	-58.6486	-1e+38
BLOCK29/SES291/SA291S22	SES275	1e+38	-61.6822	-1e+38
BLOCK29/SES291/SA291S24	SES104	1e+38	-56.5025	-1e+38
BLOCK29/SES291/SA291S24	SES125	1e+38	-56.5977	-1e+38
BLOCK29/SES291/SA291S24	SES158	1e+38	-56.8812	-1e+38
BLOCK29/SES291/SA291S24	SES275	1e+38	-61.1034	-1e+38
BLOCK29/SES291/SA291S27	SES158	1e+38	-56.6822	-1e+38
BLOCK29/SES291/SA291S27	SES172	1e+38	-61.8141	-1e+38
BLOCK29/SES291/SA291S27	SES275	1e+38	-61.3084	-1e+38
BLOCK29/SES291/SA291S27	SES292	1e+38	-61.0608	-1e+38
Threshold search:
THR	-9.8999999e+31	9	0(0)	1(1000)
THR	9.9990199000099e+35	9	0(0)	1(1000)
THR	1.99990298000098e+36	9	0(0)	1(1000)
THR	2.99990397000097e+36	9	0(0)	1(1000)
THR	3.99990496000096e+36	9	0(0)	1(1000)
THR	4.99990595000095e+36	9	0(0)	1(1000)
THR	5.99990694000094e+36	9	0(0)	1(1000)
THR	6.99990793000093e+36	9	0(0)	1(1000)
THR	7.99990892000092e+36	9	0(0)	1(1000)
THR	8.99990991000091e+36	9	0(0)	1(1000)
THR	9.9999109000009e+36	9	0(0)	1(1000)
THR	1.09999118900009e+37	9	0(0)	1(1000)
THR	1.19999128800009e+37	9	0(0)	1(1000)
THR	1.29999138700009e+37	9	0(0)	1(1000)
THR	1.39999148600009e+37	9	0(0)	1(1000)
THR	1.49999158500009e+37	9	0(0)	1(1000)
THR	1.59999168400008e+37	9	0(0)	1(1000)
THR	1.69999178300008e+37	9	0(0)	1(1000)
THR	1.79999188200008e+37	9	0(0)	1(1000)
THR	1.89999198100008e+37	9	0(0)	1(1000)
THR	1.99999208000008e+37	9	0(0)	1(1000)
THR	2.09999217900008e+37	9	0(0)	1(1000)
THR	2.19999227800008e+37	9	0(0)	1(1000)
THR	2.29999237700008e+37	9	0(0)	1(1000)
THR	2.39999247600008e+37	9	0(0)	1(1000)
THR	2.49999257500007e+37	9	0(0)	1(1000)
THR	2.59999267400007e+37	9	0(0)	1(1000)
THR	2.69999277300007e+37	9	0(0)	1(1000)
THR	2.79999287200007e+37	9	0(0)	1(1000)
THR	2.89999297100007e+37	9	0(0)	1(1000)
THR	2.99999307000007e+37	9	0(0)	1(1000)
THR	3.09999316900007e+37	9	0(0)	1(1000)
THR	3.19999326800007e+37	9	0(0)	1(1000)
THR	3.29999336700007e+37	9	0(0)	1(1000)
THR	3.39999346600006e+37	9	0(0)	1(1000)
THR	3.49999356500006e+37	9	0(0)	1(1000)
THR	3.59999366400006e+37	9	0(0)	1(1000)
THR	3.69999376300006e+37	9	0(0)	1(1000)
THR	3.79999386200006e+37	9	0(0)	1(1000)
THR	3.89999396100006e+37	9	0(0)	1(1000)
THR	3.99999406000006e+37	9	0(0)	1(1000)
THR	4.09999415900006e+37	9	0(0)	1(1000)
THR	4.19999425800005e+37	9	0(0)	1(1000)
THR	4.29999435700005e+37	9	0(0)	1(1000)
THR	4.39999445600005e+37	9	0(0)	1(1000)
THR	4.49999455500005e+37	9	0(0)	1(1000)
THR	4.59999465400005e+37	9	0(0)	1(1000)
THR	4.69999475300005e+37	9	0(0)	1(1000)
THR	4.79999485200005e+37	9	0(0)	1(1000)
THR	4.89999495100005e+37	9	0(0)	1(1000)
THR	4.99999505000005e+37	9	0(0)	1(1000)
THR	5.09999514900005e+37	9	0(0)	1(1000)
THR	5.19999524800005e+37	9	0(0)	1(1000)
THR	5.29999534700005e+37	9	0(0)	1(1000)
THR	5.39999544600005e+37	9	0(0)	1(1000)
THR	5.49999554500004e+37	9	0(0)	1(1000)
THR	5.59999564400004e+37	9	0(0)	1(1000)
THR	5.69999574300004e+37	9	0(0)	1(1000)
THR	5.79999584200004e+37	9	0(0)	1(1000)
THR	5.89999594100004e+37	9	0(0)	1(1000)
THR	5.99999604000004e+37	9	0(0)	1(1000)
THR	6.09999613900004e+37	9	0(0)	1(1000)
THR	6.19999623800004e+37	9	0(0)	1(1000)
THR	6.29999633700004e+37	9	0(0)	1(1000)
THR	6.39999643600004e+37	9	0(0)	1(1000)
THR	6.49999653500004e+37	9	0(0)	1(1000)
THR	6.59999663400004e+37	9	0(0)	1(1000)
THR	6.69999673300004e+37	9	0(0)	1(1000)
THR	6.79999683200004e+37	9	0(0)	1(1000)
THR	6.89999693100003e+37	9	0(0)	1(1000)
THR	6.99999703000003e+37	9	0(0)	1(1000)
THR	7.09999712900003e+37	9	0(0)	1(1000)
THR	7.19999722800003e+37	9	0(0)	1(1000)
THR	7.29999732700003e+37	9	0(0)	1(1000)
THR	7.39999742600003e+37	9	0(0)	1(1000)
THR	7.49999752500003e+37	9	0(0)	1(1000)
THR	7.59999762400003e+37	9	0(0)	1(1000)
THR	7.69999772300003e+37	9	0(0)	1(1000)
THR	7.79999782200003e+37	9	0(0)	1(1000)
THR	7.89999792100003e+37	9	0(0)	1(1000)
THR	7.99999802000003e+37	9	0(0)	1(1000)
THR	8.09999811900003e+37	9	0(0)	1(1000)
THR	8.19999821800003e+37	9	0(0)	1(1000)
THR	8.29999831700002e+37	9	0(0)	1(1000)
THR	8.39999841600002e+37	9	0(0)	1(1000)
THR	8.49999851500002e+37	9	0(0)	1(1000)
THR	8.59999861400002e+37	9	0(0)	1(1000)
THR	8.69999871300002e+37	9	0(0)	1(1000)
THR	8.79999881200002e+37	9	0(0)	1(1000)
THR	8.89999891100002e+37	9	0(0)	1(1000)
THR	8.99999901000002e+37	9	0(0)	1(1000)
THR	9.09999910900002e+37	9	0(0)	1(1000)
THR	9.19999920800002e+37	9	0(0)	1(1000)
THR	9.29999930700002e+37	9	0(0)	1(1000)
THR	9.39999940600002e+37	9	0(0)	1(1000)
THR	9.49999950500001e+37	9	0(0)	1(1000)
THR	9.59999960400001e+37	9	0(0)	1(1000)
THR	9.69999970300001e+37	9	0(0)	1(1000)
THR	9.79999980200001e+37	9	0(0)	1(1000)
THR	9.89999990100001e+37	9	0(0)	1(1000)
THR	1e+38	1	1(250)	0(0)


==============================================
THR: 1e+38
Missed:     250/250=1.0000
FalseAlarm: 0/1000=0.0000
----------------------------------------------
==> CostDetection: 100.0
==============================================
